<?xml version="1.0" encoding="UTF-8"?>
<!-- Generated by org.testng.reporters.JUnitXMLReporter -->
<testsuite hostname="DESKTOP-MUQUGSJ" ignored="0" name="CHTest2-HomepageTest" tests="7" failures="4" timestamp="29 Oct 2018 17:44:03 GMT" time="800.778" errors="0">
  <testcase name="validateHeaderSignInLink_HP" time="30.686" classname="com.a3hp.automationpracticee.framework.test.homepage.HomepageTest"/>
  <testcase name="validateGetSavingNowButton_HP" time="32.117" classname="com.a3hp.automationpracticee.framework.test.homepage.HomepageTest"/>
  <testcase name="validateSearchField_HP" time="5.776" classname="com.a3hp.automationpracticee.framework.test.homepage.HomepageTest"/>
  <testcase name="validateHomepageSlider1_HP" time="29.406" classname="com.a3hp.automationpracticee.framework.test.homepage.HomepageTest">
    <failure type="java.lang.AssertionError" message="expected [https://www.prestashop.com/en?utm_source=v16_homeslider] but found [http://www.prestashop.com/?utm_source=v16_homeslider]">
      <![CDATA[java.lang.AssertionError: expected [https://www.prestashop.com/en?utm_source=v16_homeslider] but found [http://www.prestashop.com/?utm_source=v16_homeslider]
at com.a3hp.automationpracticee.framework.test.homepage.HomepageTest.validateHomepageSlider1_HP(HomepageTest.java:158)
at java.util.concurrent.FutureTask.run(FutureTask.java:266)
at java.util.concurrent.ThreadPoolExecutor.runWorker(ThreadPoolExecutor.java:1142)
at java.util.concurrent.ThreadPoolExecutor$Worker.run(ThreadPoolExecutor.java:617)
at java.lang.Thread.run(Thread.java:748)
... Removed 22 stack frames]]>
    </failure>
  </testcase> <!-- validateHomepageSlider1_HP -->
  <testcase name="validateHomepageSlider2_HP" time="26.888" classname="com.a3hp.automationpracticee.framework.test.homepage.HomepageTest">
    <failure type="java.lang.AssertionError" message="expected [https://www.prestashop.com/en?utm_source=v16_homeslider] but found [http://www.prestashop.com/?utm_source=v16_homeslider]">
      <![CDATA[java.lang.AssertionError: expected [https://www.prestashop.com/en?utm_source=v16_homeslider] but found [http://www.prestashop.com/?utm_source=v16_homeslider]
at com.a3hp.automationpracticee.framework.test.homepage.HomepageTest.validateHomepageSlider2_HP(HomepageTest.java:174)
at java.util.concurrent.FutureTask.run(FutureTask.java:266)
at java.util.concurrent.ThreadPoolExecutor.runWorker(ThreadPoolExecutor.java:1142)
at java.util.concurrent.ThreadPoolExecutor$Worker.run(ThreadPoolExecutor.java:617)
at java.lang.Thread.run(Thread.java:748)
... Removed 22 stack frames]]>
    </failure>
  </testcase> <!-- validateHomepageSlider2_HP -->
  <testcase name="validateHomepageSlider3_HP" time="26.016" classname="com.a3hp.automationpracticee.framework.test.homepage.HomepageTest">
    <failure type="java.lang.AssertionError" message="expected [https://www.prestashop.com/en?utm_source=v16_homeslider] but found [http://www.prestashop.com/?utm_source=v16_homeslider]">
      <![CDATA[java.lang.AssertionError: expected [https://www.prestashop.com/en?utm_source=v16_homeslider] but found [http://www.prestashop.com/?utm_source=v16_homeslider]
at com.a3hp.automationpracticee.framework.test.homepage.HomepageTest.validateHomepageSlider3_HP(HomepageTest.java:186)
at java.util.concurrent.FutureTask.run(FutureTask.java:266)
at java.util.concurrent.ThreadPoolExecutor.runWorker(ThreadPoolExecutor.java:1142)
at java.util.concurrent.ThreadPoolExecutor$Worker.run(ThreadPoolExecutor.java:617)
at java.lang.Thread.run(Thread.java:748)
... Removed 22 stack frames]]>
    </failure>
  </testcase> <!-- validateHomepageSlider3_HP -->
  <testcase name="validateHomepageCarouselBlocks_HP" time="157.403" classname="com.a3hp.automationpracticee.framework.test.homepage.HomepageTest">
    <failure type="java.lang.AssertionError" message="expected [[https://www.prestashop.com/en?utm_source=v16_homeslider, https://www.prestashop.com/en?utm_source=v16_homeslider, https://www.prestashop.com/en?utm_source=v16_homeslider, https://www.prestashop.com/en?utm_source=v16_homeslider, https://www.prestashop.com/en?utm_source=v16_homeslider]] but found [[http://www.prestashop.com/?utm_source=v16_homeslider, http://www.prestashop.com/?utm_source=v16_homeslider, http://www.prestashop.com/?utm_source=v16_homeslider, http://www.prestashop.com/?utm_source=v16_homeslider, http://www.prestashop.com/?utm_source=v16_homeslider]]">
      <![CDATA[java.lang.AssertionError: expected [[https://www.prestashop.com/en?utm_source=v16_homeslider, https://www.prestashop.com/en?utm_source=v16_homeslider, https://www.prestashop.com/en?utm_source=v16_homeslider, https://www.prestashop.com/en?utm_source=v16_homeslider, https://www.prestashop.com/en?utm_source=v16_homeslider]] but found [[http://www.prestashop.com/?utm_source=v16_homeslider, http://www.prestashop.com/?utm_source=v16_homeslider, http://www.prestashop.com/?utm_source=v16_homeslider, http://www.prestashop.com/?utm_source=v16_homeslider, http://www.prestashop.com/?utm_source=v16_homeslider]]
at com.a3hp.automationpracticee.framework.test.homepage.HomepageTest.validateHomepageCarouselBlocks_HP(HomepageTest.java:221)
at java.util.concurrent.FutureTask.run(FutureTask.java:266)
at java.util.concurrent.ThreadPoolExecutor.runWorker(ThreadPoolExecutor.java:1142)
at java.util.concurrent.ThreadPoolExecutor$Worker.run(ThreadPoolExecutor.java:617)
at java.lang.Thread.run(Thread.java:748)
... Removed 22 stack frames]]>
    </failure>
  </testcase> <!-- validateHomepageCarouselBlocks_HP -->
</testsuite> <!-- CHTest2-HomepageTest -->
