<!DOCTYPE html PUBLIC "-//W3C//DTD XHTML 1.1//EN" "http://www.w3.org/TR/xhtml11/DTD/xhtml11.dtd">
<html xmlns="http://www.w3.org/1999/xhtml">
<head>
<meta http-equiv="content-type" content="text/html; charset=UTF-8"/>
<title>TestNG Report</title>
<style type="text/css">table {margin-bottom:10px;border-collapse:collapse;empty-cells:show}th,td {border:1px solid #009;padding:.25em .5em}th {vertical-align:bottom}td {vertical-align:top}table a {font-weight:bold}.stripe td {background-color: #E6EBF9}.num {text-align:right}.passedodd td {background-color: #3F3}.passedeven td {background-color: #0A0}.skippedodd td {background-color: #DDD}.skippedeven td {background-color: #CCC}.failedodd td,.attn {background-color: #F33}.failedeven td,.stripe .attn {background-color: #D00}.stacktrace {white-space:pre;font-family:monospace}.totop {font-size:85%;text-align:center;border-bottom:2px solid #000}.invisible {display:none}</style>
</head>
<body>
<table>
<tr><th>Test</th><th># Passed</th><th># Skipped</th><th># Failed</th><th>Time (ms)</th><th>Included Groups</th><th>Excluded Groups</th></tr>
<tr><th colspan="7">Test</th></tr>
<tr><td><a href="#t0">CHTest1-SignInTest</a></td><td class="num">5</td><td class="num">0</td><td class="num">0</td><td class="num">315,928</td><td>txt, smoke</td><td></td></tr>
<tr class="stripe"><td><a href="#t1">CHTest2-HomepageTest</a></td><td class="num">3</td><td class="num">0</td><td class="num attn">4</td><td class="num">878,309</td><td>txt, smoke</td><td></td></tr>
<tr><td><a href="#t2">FFTest1-SignInTest</a></td><td class="num">4</td><td class="num attn">1</td><td class="num">0</td><td class="num">793,706</td><td>txt, smoke</td><td></td></tr>
<tr class="stripe"><td><a href="#t3">FFTest2-HomepageTest</a></td><td class="num">3</td><td class="num">0</td><td class="num attn">4</td><td class="num">1,436,477</td><td>txt, smoke</td><td></td></tr>
<tr><td><a href="#t4">CHTest3-RegistrationTest</a></td><td class="num">2</td><td class="num">0</td><td class="num">0</td><td class="num">135,652</td><td>txt, smoke</td><td></td></tr>
<tr class="stripe"><td><a href="#t5">FFTest3-RegistrationTest</a></td><td class="num">2</td><td class="num">0</td><td class="num">0</td><td class="num">317,878</td><td>txt, smoke</td><td></td></tr>
<tr><td><a href="#t6">FFTest4-ForgotPasswordTest</a></td><td class="num">1</td><td class="num">0</td><td class="num attn">1</td><td class="num">726,753</td><td>txt, smoke</td><td></td></tr>
<tr class="stripe"><td><a href="#t7">CHTest4-ForgotPasswordTest</a></td><td class="num">1</td><td class="num">0</td><td class="num attn">1</td><td class="num">289,563</td><td>txt, smoke</td><td></td></tr>
<tr><th>Total</th><th class="num">21</th><th class="num attn">1</th><th class="num attn">10</th><th class="num">4,894,266</th><th colspan="2"></th></tr>
</table>
<table id='summary'><thead><tr><th>Class</th><th>Method</th><th>Start</th><th>Time (ms)</th></tr></thead><tbody><tr><th colspan="4">Test</th></tr></tbody><tbody id="t0"><tr><th colspan="4">CHTest1-SignInTest &#8212; passed</th></tr><tr class="passedeven"><td rowspan="5">com.a3hp.automationpracticee.framework.test.createaccountandlogin.SignInTest</td><td><a href="#m0">validateLoginProcess_SIP</a></td><td rowspan="1">1540826351109</td><td rowspan="1">3208</td></tr><tr class="passedeven"><td><a href="#m1">validateRegistrationSectionHeading_SignInPage_SIP</a></td><td rowspan="1">1540826298468</td><td rowspan="1">833</td></tr><tr class="passedeven"><td><a href="#m2">validateSignInPageBreadcrumbText_SIP</a></td><td rowspan="1">1540826239437</td><td rowspan="1">887</td></tr><tr class="passedeven"><td><a href="#m3">validateSignInPage_PageHeading_SIP</a></td><td rowspan="1">1540826056489</td><td rowspan="1">74031</td></tr><tr class="passedeven"><td><a href="#m4">validateSignInPage_SignInSectionHeading_SIP</a></td><td rowspan="1">1540826189330</td><td rowspan="1">834</td></tr></tbody>
<tbody id="t1"><tr><th colspan="4">CHTest2-HomepageTest &#8212; failed</th></tr><tr class="failedeven"><td rowspan="4">com.a3hp.automationpracticee.framework.test.homepage.HomepageTest</td><td><a href="#m5">validateHomepageCarouselBlocks_HP</a></td><td rowspan="1">1540827047410</td><td rowspan="1">184659</td></tr><tr class="failedeven"><td><a href="#m6">validateHomepageSlider1_HP</a></td><td rowspan="1">1540826683174</td><td rowspan="1">27330</td></tr><tr class="failedeven"><td><a href="#m7">validateHomepageSlider2_HP</a></td><td rowspan="1">1540826795962</td><td rowspan="1">26518</td></tr><tr class="failedeven"><td><a href="#m8">validateHomepageSlider3_HP</a></td><td rowspan="1">1540826897349</td><td rowspan="1">30351</td></tr><tr><th colspan="4">CHTest2-HomepageTest &#8212; passed</th></tr><tr class="passedeven"><td rowspan="3">com.a3hp.automationpracticee.framework.test.homepage.HomepageTest</td><td><a href="#m9">validateGetSavingNowButton_HP</a></td><td rowspan="1">1540826495203</td><td rowspan="1">57714</td></tr><tr class="passedeven"><td><a href="#m10">validateHeaderSignInLink_HP</a></td><td rowspan="1">1540826393725</td><td rowspan="1">29160</td></tr><tr class="passedeven"><td><a href="#m11">validateSearchField_HP</a></td><td rowspan="1">1540826601555</td><td rowspan="1">8313</td></tr></tbody>
<tbody id="t2"><tr><th colspan="4">FFTest1-SignInTest &#8212; failed (configuration methods)</th></tr><tr class="failedeven"><td rowspan="2">com.a3hp.automationpracticee.framework.test.createaccountandlogin.SignInTest</td><td><a href="#m12">getBrowser</a></td><td rowspan="1">1540827924268</td><td rowspan="1">102832</td></tr><tr class="failedeven"><td><a href="#m13">publishReport_SIP</a></td><td rowspan="1">1540828027618</td><td rowspan="1">1</td></tr><tr><th colspan="4">FFTest1-SignInTest &#8212; skipped</th></tr><tr class="skippedeven"><td rowspan="1">com.a3hp.automationpracticee.framework.test.createaccountandlogin.SignInTest</td><td><a href="#m14">validateLoginProcess_SIP</a></td><td rowspan="1">1540828027617</td><td rowspan="1">0</td></tr><tr><th colspan="4">FFTest1-SignInTest &#8212; passed</th></tr><tr class="passedeven"><td rowspan="4">com.a3hp.automationpracticee.framework.test.createaccountandlogin.SignInTest</td><td><a href="#m15">validateRegistrationSectionHeading_SignInPage_SIP</a></td><td rowspan="1">1540827920880</td><td rowspan="1">608</td></tr><tr class="passedeven"><td><a href="#m16">validateSignInPageBreadcrumbText_SIP</a></td><td rowspan="1">1540827686655</td><td rowspan="1">408</td></tr><tr class="passedeven"><td><a href="#m17">validateSignInPage_PageHeading_SIP</a></td><td rowspan="1">1540827359246</td><td rowspan="1">446</td></tr><tr class="passedeven"><td><a href="#m18">validateSignInPage_SignInSectionHeading_SIP</a></td><td rowspan="1">1540827505816</td><td rowspan="1">369</td></tr></tbody>
<tbody id="t3"><tr><th colspan="4">FFTest2-HomepageTest &#8212; failed</th></tr><tr class="failedeven"><td rowspan="4">com.a3hp.automationpracticee.framework.test.homepage.HomepageTest</td><td><a href="#m19">validateHomepageCarouselBlocks_HP</a></td><td rowspan="1">1540829301973</td><td rowspan="1">152792</td></tr><tr class="failedeven"><td><a href="#m20">validateHomepageSlider1_HP</a></td><td rowspan="1">1540828716885</td><td rowspan="1">25789</td></tr><tr class="failedeven"><td><a href="#m21">validateHomepageSlider2_HP</a></td><td rowspan="1">1540828892108</td><td rowspan="1">26166</td></tr><tr class="failedeven"><td><a href="#m22">validateHomepageSlider3_HP</a></td><td rowspan="1">1540829087505</td><td rowspan="1">31712</td></tr><tr><th colspan="4">FFTest2-HomepageTest &#8212; passed</th></tr><tr class="passedeven"><td rowspan="3">com.a3hp.automationpracticee.framework.test.homepage.HomepageTest</td><td><a href="#m23">validateGetSavingNowButton_HP</a></td><td rowspan="1">1540828357400</td><td rowspan="1">32962</td></tr><tr class="passedeven"><td><a href="#m24">validateHeaderSignInLink_HP</a></td><td rowspan="1">1540828205714</td><td rowspan="1">30800</td></tr><tr class="passedeven"><td><a href="#m25">validateSearchField_HP</a></td><td rowspan="1">1540828534474</td><td rowspan="1">7443</td></tr></tbody>
<tbody id="t4"><tr><th colspan="4">CHTest3-RegistrationTest &#8212; passed</th></tr><tr class="passedeven"><td rowspan="2">com.a3hp.automationpracticee.framework.test.createaccountandlogin.RegistrationTest</td><td><a href="#m26">validateBreadcrumbText_RP</a></td><td rowspan="1">1540829598365</td><td rowspan="1">980</td></tr><tr class="passedeven"><td><a href="#m27">validatePageHeading_RP</a></td><td rowspan="1">1540829531204</td><td rowspan="1">1036</td></tr></tbody>
<tbody id="t5"><tr><th colspan="4">FFTest3-RegistrationTest &#8212; passed</th></tr><tr class="passedeven"><td rowspan="2">com.a3hp.automationpracticee.framework.test.createaccountandlogin.RegistrationTest</td><td><a href="#m28">validateBreadcrumbText_RP</a></td><td rowspan="1">1540829911569</td><td rowspan="1">422</td></tr><tr class="passedeven"><td><a href="#m29">validatePageHeading_RP</a></td><td rowspan="1">1540829746599</td><td rowspan="1">365</td></tr></tbody>
<tbody id="t6"><tr><th colspan="4">FFTest4-ForgotPasswordTest &#8212; failed</th></tr><tr class="failedeven"><td rowspan="1">com.a3hp.automationpracticee.framework.test.createaccountandlogin.ForgotPasswordTest</td><td><a href="#m30">validateforgotPasswordProcess_FP</a></td><td rowspan="1">1540830238879</td><td rowspan="1">403906</td></tr><tr><th colspan="4">FFTest4-ForgotPasswordTest &#8212; passed</th></tr><tr class="passedeven"><td rowspan="1">com.a3hp.automationpracticee.framework.test.createaccountandlogin.ForgotPasswordTest</td><td><a href="#m31">validateForgotPasswordPage_PageHeading_FP</a></td><td rowspan="1">1540830099387</td><td rowspan="1">967</td></tr></tbody>
<tbody id="t7"><tr><th colspan="4">CHTest4-ForgotPasswordTest &#8212; failed</th></tr><tr class="failedeven"><td rowspan="1">com.a3hp.automationpracticee.framework.test.createaccountandlogin.ForgotPasswordTest</td><td><a href="#m32">validateforgotPasswordProcess_FP</a></td><td rowspan="1">1540830931465</td><td rowspan="1">420</td></tr><tr><th colspan="4">CHTest4-ForgotPasswordTest &#8212; passed</th></tr><tr class="passedeven"><td rowspan="1">com.a3hp.automationpracticee.framework.test.createaccountandlogin.ForgotPasswordTest</td><td><a href="#m33">validateForgotPasswordPage_PageHeading_FP</a></td><td rowspan="1">1540830782859</td><td rowspan="1">15585</td></tr></tbody>
</table>
<h2>CHTest1-SignInTest</h2><h3 id="m0">com.a3hp.automationpracticee.framework.test.createaccountandlogin.SignInTest#validateLoginProcess_SIP</h3><table class="result"><tr><th class="invisible"/></tr></table><p class="totop"><a href="#summary">back to summary</a></p>
<h3 id="m1">com.a3hp.automationpracticee.framework.test.createaccountandlogin.SignInTest#validateRegistrationSectionHeading_SignInPage_SIP</h3><table class="result"><tr><th class="invisible"/></tr></table><p class="totop"><a href="#summary">back to summary</a></p>
<h3 id="m2">com.a3hp.automationpracticee.framework.test.createaccountandlogin.SignInTest#validateSignInPageBreadcrumbText_SIP</h3><table class="result"><tr><th class="invisible"/></tr></table><p class="totop"><a href="#summary">back to summary</a></p>
<h3 id="m3">com.a3hp.automationpracticee.framework.test.createaccountandlogin.SignInTest#validateSignInPage_PageHeading_SIP</h3><table class="result"><tr><th class="invisible"/></tr></table><p class="totop"><a href="#summary">back to summary</a></p>
<h3 id="m4">com.a3hp.automationpracticee.framework.test.createaccountandlogin.SignInTest#validateSignInPage_SignInSectionHeading_SIP</h3><table class="result"><tr><th class="invisible"/></tr></table><p class="totop"><a href="#summary">back to summary</a></p>
<h2>CHTest2-HomepageTest</h2><h3 id="m5">com.a3hp.automationpracticee.framework.test.homepage.HomepageTest#validateHomepageCarouselBlocks_HP</h3><table class="result"><tr><th>Exception</th></tr><tr><td><div class="stacktrace">java.lang.AssertionError: expected [[https://www.prestashop.com/en?utm_source=v16_homeslider, https://www.prestashop.com/en?utm_source=v16_homeslider, https://www.prestashop.com/en?utm_source=v16_homeslider, https://www.prestashop.com/en?utm_source=v16_homeslider, https://www.prestashop.com/en?utm_source=v16_homeslider]] but found [[http://www.prestashop.com/?utm_source=v16_homeslider, http://www.prestashop.com/?utm_source=v16_homeslider, http://www.prestashop.com/?utm_source=v16_homeslider, http://www.prestashop.com/?utm_source=v16_homeslider, http://www.prestashop.com/?utm_source=v16_homeslider]]
	at com.a3hp.automationpracticee.framework.test.homepage.HomepageTest.validateHomepageCarouselBlocks_HP(HomepageTest.java:221)
	at java.util.concurrent.FutureTask.run(FutureTask.java:266)
	at java.util.concurrent.ThreadPoolExecutor.runWorker(ThreadPoolExecutor.java:1142)
	at java.util.concurrent.ThreadPoolExecutor$Worker.run(ThreadPoolExecutor.java:617)
	at java.lang.Thread.run(Thread.java:748)
... Removed 22 stack frames</div></td></tr></table><p class="totop"><a href="#summary">back to summary</a></p>
<h3 id="m6">com.a3hp.automationpracticee.framework.test.homepage.HomepageTest#validateHomepageSlider1_HP</h3><table class="result"><tr><th>Exception</th></tr><tr><td><div class="stacktrace">java.lang.AssertionError: expected [https://www.prestashop.com/en?utm_source=v16_homeslider] but found [http://www.prestashop.com/?utm_source=v16_homeslider]
	at com.a3hp.automationpracticee.framework.test.homepage.HomepageTest.validateHomepageSlider1_HP(HomepageTest.java:158)
	at java.util.concurrent.FutureTask.run(FutureTask.java:266)
	at java.util.concurrent.ThreadPoolExecutor.runWorker(ThreadPoolExecutor.java:1142)
	at java.util.concurrent.ThreadPoolExecutor$Worker.run(ThreadPoolExecutor.java:617)
	at java.lang.Thread.run(Thread.java:748)
... Removed 22 stack frames</div></td></tr></table><p class="totop"><a href="#summary">back to summary</a></p>
<h3 id="m7">com.a3hp.automationpracticee.framework.test.homepage.HomepageTest#validateHomepageSlider2_HP</h3><table class="result"><tr><th>Exception</th></tr><tr><td><div class="stacktrace">java.lang.AssertionError: expected [https://www.prestashop.com/en?utm_source=v16_homeslider] but found [http://www.prestashop.com/?utm_source=v16_homeslider]
	at com.a3hp.automationpracticee.framework.test.homepage.HomepageTest.validateHomepageSlider2_HP(HomepageTest.java:174)
	at java.util.concurrent.FutureTask.run(FutureTask.java:266)
	at java.util.concurrent.ThreadPoolExecutor.runWorker(ThreadPoolExecutor.java:1142)
	at java.util.concurrent.ThreadPoolExecutor$Worker.run(ThreadPoolExecutor.java:617)
	at java.lang.Thread.run(Thread.java:748)
... Removed 22 stack frames</div></td></tr></table><p class="totop"><a href="#summary">back to summary</a></p>
<h3 id="m8">com.a3hp.automationpracticee.framework.test.homepage.HomepageTest#validateHomepageSlider3_HP</h3><table class="result"><tr><th>Exception</th></tr><tr><td><div class="stacktrace">java.lang.AssertionError: expected [https://www.prestashop.com/en?utm_source=v16_homeslider] but found [http://www.prestashop.com/?utm_source=v16_homeslider]
	at com.a3hp.automationpracticee.framework.test.homepage.HomepageTest.validateHomepageSlider3_HP(HomepageTest.java:186)
	at java.util.concurrent.FutureTask.run(FutureTask.java:266)
	at java.util.concurrent.ThreadPoolExecutor.runWorker(ThreadPoolExecutor.java:1142)
	at java.util.concurrent.ThreadPoolExecutor$Worker.run(ThreadPoolExecutor.java:617)
	at java.lang.Thread.run(Thread.java:748)
... Removed 22 stack frames</div></td></tr></table><p class="totop"><a href="#summary">back to summary</a></p>
<h3 id="m9">com.a3hp.automationpracticee.framework.test.homepage.HomepageTest#validateGetSavingNowButton_HP</h3><table class="result"><tr><th class="invisible"/></tr></table><p class="totop"><a href="#summary">back to summary</a></p>
<h3 id="m10">com.a3hp.automationpracticee.framework.test.homepage.HomepageTest#validateHeaderSignInLink_HP</h3><table class="result"><tr><th class="invisible"/></tr></table><p class="totop"><a href="#summary">back to summary</a></p>
<h3 id="m11">com.a3hp.automationpracticee.framework.test.homepage.HomepageTest#validateSearchField_HP</h3><table class="result"><tr><th class="invisible"/></tr></table><p class="totop"><a href="#summary">back to summary</a></p>
<h2>FFTest1-SignInTest</h2><h3 id="m12">com.a3hp.automationpracticee.framework.test.createaccountandlogin.SignInTest#getBrowser</h3><table class="result"><tr class="param"><th>Parameter #1</th><th>Parameter #2</th><th>Parameter #3</th></tr><tr class="param stripe"><td>FF</td><td>http://automationpractice.com/index.php</td><td>WINDOWS</td></tr><tr><th colspan="3">Exception</th></tr><tr><td colspan="3"><div class="stacktrace">org.openqa.selenium.WebDriverException: connection refused
Build info: version: &apos;3.9.1&apos;, revision: &apos;63f7b50&apos;, time: &apos;2018-02-07T22:25:02.294Z&apos;
System info: host: &apos;DESKTOP-MUQUGSJ&apos;, ip: &apos;192.168.42.166&apos;, os.name: &apos;Windows 10&apos;, os.arch: &apos;amd64&apos;, os.version: &apos;10.0&apos;, java.version: &apos;1.8.0_131&apos;
Driver info: driver.version: FirefoxDriver
remote stacktrace: 
	at org.openqa.selenium.remote.W3CHandshakeResponse.lambda$new$0(W3CHandshakeResponse.java:57)
	at org.openqa.selenium.remote.W3CHandshakeResponse.lambda$getResponseFunction$2(W3CHandshakeResponse.java:104)
	at org.openqa.selenium.remote.ProtocolHandshake.lambda$createSession$0(ProtocolHandshake.java:123)
	at java.util.stream.ReferencePipeline$3$1.accept(ReferencePipeline.java:193)
	at java.util.Spliterators$ArraySpliterator.tryAdvance(Spliterators.java:958)
	at java.util.stream.ReferencePipeline.forEachWithCancel(ReferencePipeline.java:126)
	at java.util.stream.AbstractPipeline.copyIntoWithCancel(AbstractPipeline.java:498)
	at java.util.stream.AbstractPipeline.copyInto(AbstractPipeline.java:485)
	at java.util.stream.AbstractPipeline.wrapAndCopyInto(AbstractPipeline.java:471)
	at java.util.stream.FindOps$FindOp.evaluateSequential(FindOps.java:152)
	at java.util.stream.AbstractPipeline.evaluate(AbstractPipeline.java:234)
	at java.util.stream.ReferencePipeline.findFirst(ReferencePipeline.java:464)
	at org.openqa.selenium.remote.ProtocolHandshake.createSession(ProtocolHandshake.java:126)
	at org.openqa.selenium.remote.ProtocolHandshake.createSession(ProtocolHandshake.java:73)
	at org.openqa.selenium.remote.HttpCommandExecutor.execute(HttpCommandExecutor.java:136)
	at org.openqa.selenium.remote.service.DriverCommandExecutor.execute(DriverCommandExecutor.java:83)
	at org.openqa.selenium.remote.RemoteWebDriver.execute(RemoteWebDriver.java:543)
	at org.openqa.selenium.remote.RemoteWebDriver.startSession(RemoteWebDriver.java:207)
	at org.openqa.selenium.remote.RemoteWebDriver.&lt;init&gt;(RemoteWebDriver.java:130)
	at org.openqa.selenium.firefox.FirefoxDriver.&lt;init&gt;(FirefoxDriver.java:125)
	at com.a3hp.automationpracticee.framework.genericclasses.UI_GenericMethods1.getFirefoxDriver(UI_GenericMethods1.java:351)
	at com.a3hp.automationpracticee.framework.genericclasses.UI_GenericMethods1.gm_LaunchBrowser(UI_GenericMethods1.java:199)
	at com.a3hp.automationpracticee.framework.genericclasses.UI_GenericMethods1.gm_OpenApp(UI_GenericMethods1.java:238)
	at com.a3hp.automationpracticee.framework.test.createaccountandlogin.SignInTest.getBrowser(SignInTest.java:66)
	at java.util.concurrent.FutureTask.run(FutureTask.java:266)
	at java.util.concurrent.ThreadPoolExecutor.runWorker(ThreadPoolExecutor.java:1142)
	at java.util.concurrent.ThreadPoolExecutor$Worker.run(ThreadPoolExecutor.java:617)
	at java.lang.Thread.run(Thread.java:748)
... Removed 23 stack frames</div></td></tr></table><p class="totop"><a href="#summary">back to summary</a></p>
<h3 id="m13">com.a3hp.automationpracticee.framework.test.createaccountandlogin.SignInTest#publishReport_SIP</h3><table class="result"><tr class="param"><th>Parameter #1</th></tr><tr class="param stripe"><td>[TestResult name={null} status=CREATED method=SignInTest.validateLoginProcess_SIP()[pri:4, instance:com.a3hp.automationpracticee.framework.test.createaccountandlogin.SignInTest@3ffcd140] output={null}]</td></tr><tr><th>Exception</th></tr><tr><td><div class="stacktrace">org.openqa.selenium.NoSuchSessionException: Session ID is null. Using WebDriver after calling quit()?
Build info: version: &apos;3.9.1&apos;, revision: &apos;63f7b50&apos;, time: &apos;2018-02-07T22:25:02.294Z&apos;
System info: host: &apos;DESKTOP-MUQUGSJ&apos;, ip: &apos;192.168.42.166&apos;, os.name: &apos;Windows 10&apos;, os.arch: &apos;amd64&apos;, os.version: &apos;10.0&apos;, java.version: &apos;1.8.0_131&apos;
Driver info: driver.version: RemoteWebDriver
	at org.openqa.selenium.remote.HttpCommandExecutor.execute(HttpCommandExecutor.java:125)
	at org.openqa.selenium.remote.service.DriverCommandExecutor.execute(DriverCommandExecutor.java:83)
	at org.openqa.selenium.remote.RemoteWebDriver.execute(RemoteWebDriver.java:543)
	at org.openqa.selenium.remote.RemoteWebDriver.execute(RemoteWebDriver.java:600)
	at org.openqa.selenium.remote.RemoteWebDriver.getScreenshotAs(RemoteWebDriver.java:289)
	at com.a3hp.automationpracticee.framework.genericclasses.UI_GenericMethods1.gm_TakeSnapshot(UI_GenericMethods1.java:613)
	at com.a3hp.automationpracticee.framework.genericclasses.UI_GenericMethods1.gm_generateReportWithScreenshots(UI_GenericMethods1.java:864)
	at com.a3hp.automationpracticee.framework.test.createaccountandlogin.SignInTest.publishReport_SIP(SignInTest.java:93)
	at java.util.concurrent.FutureTask.run(FutureTask.java:266)
	at java.util.concurrent.ThreadPoolExecutor.runWorker(ThreadPoolExecutor.java:1142)
	at java.util.concurrent.ThreadPoolExecutor$Worker.run(ThreadPoolExecutor.java:617)
	at java.lang.Thread.run(Thread.java:748)
... Removed 19 stack frames</div></td></tr></table><p class="totop"><a href="#summary">back to summary</a></p>
<h3 id="m14">com.a3hp.automationpracticee.framework.test.createaccountandlogin.SignInTest#validateLoginProcess_SIP</h3><table class="result"><tr><th>Exception</th></tr><tr><td><div class="stacktrace">org.openqa.selenium.WebDriverException: connection refused
Build info: version: &apos;3.9.1&apos;, revision: &apos;63f7b50&apos;, time: &apos;2018-02-07T22:25:02.294Z&apos;
System info: host: &apos;DESKTOP-MUQUGSJ&apos;, ip: &apos;192.168.42.166&apos;, os.name: &apos;Windows 10&apos;, os.arch: &apos;amd64&apos;, os.version: &apos;10.0&apos;, java.version: &apos;1.8.0_131&apos;
Driver info: driver.version: FirefoxDriver
remote stacktrace: 
	at org.openqa.selenium.remote.W3CHandshakeResponse.lambda$new$0(W3CHandshakeResponse.java:57)
	at org.openqa.selenium.remote.W3CHandshakeResponse.lambda$getResponseFunction$2(W3CHandshakeResponse.java:104)
	at org.openqa.selenium.remote.ProtocolHandshake.lambda$createSession$0(ProtocolHandshake.java:123)
	at java.util.stream.ReferencePipeline$3$1.accept(ReferencePipeline.java:193)
	at java.util.Spliterators$ArraySpliterator.tryAdvance(Spliterators.java:958)
	at java.util.stream.ReferencePipeline.forEachWithCancel(ReferencePipeline.java:126)
	at java.util.stream.AbstractPipeline.copyIntoWithCancel(AbstractPipeline.java:498)
	at java.util.stream.AbstractPipeline.copyInto(AbstractPipeline.java:485)
	at java.util.stream.AbstractPipeline.wrapAndCopyInto(AbstractPipeline.java:471)
	at java.util.stream.FindOps$FindOp.evaluateSequential(FindOps.java:152)
	at java.util.stream.AbstractPipeline.evaluate(AbstractPipeline.java:234)
	at java.util.stream.ReferencePipeline.findFirst(ReferencePipeline.java:464)
	at org.openqa.selenium.remote.ProtocolHandshake.createSession(ProtocolHandshake.java:126)
	at org.openqa.selenium.remote.ProtocolHandshake.createSession(ProtocolHandshake.java:73)
	at org.openqa.selenium.remote.HttpCommandExecutor.execute(HttpCommandExecutor.java:136)
	at org.openqa.selenium.remote.service.DriverCommandExecutor.execute(DriverCommandExecutor.java:83)
	at org.openqa.selenium.remote.RemoteWebDriver.execute(RemoteWebDriver.java:543)
	at org.openqa.selenium.remote.RemoteWebDriver.startSession(RemoteWebDriver.java:207)
	at org.openqa.selenium.remote.RemoteWebDriver.&lt;init&gt;(RemoteWebDriver.java:130)
	at org.openqa.selenium.firefox.FirefoxDriver.&lt;init&gt;(FirefoxDriver.java:125)
	at com.a3hp.automationpracticee.framework.genericclasses.UI_GenericMethods1.getFirefoxDriver(UI_GenericMethods1.java:351)
	at com.a3hp.automationpracticee.framework.genericclasses.UI_GenericMethods1.gm_LaunchBrowser(UI_GenericMethods1.java:199)
	at com.a3hp.automationpracticee.framework.genericclasses.UI_GenericMethods1.gm_OpenApp(UI_GenericMethods1.java:238)
	at com.a3hp.automationpracticee.framework.test.createaccountandlogin.SignInTest.getBrowser(SignInTest.java:66)
	at java.util.concurrent.FutureTask.run(FutureTask.java:266)
	at java.util.concurrent.ThreadPoolExecutor.runWorker(ThreadPoolExecutor.java:1142)
	at java.util.concurrent.ThreadPoolExecutor$Worker.run(ThreadPoolExecutor.java:617)
	at java.lang.Thread.run(Thread.java:748)
... Removed 23 stack frames</div></td></tr></table><p class="totop"><a href="#summary">back to summary</a></p>
<h3 id="m15">com.a3hp.automationpracticee.framework.test.createaccountandlogin.SignInTest#validateRegistrationSectionHeading_SignInPage_SIP</h3><table class="result"><tr><th class="invisible"/></tr></table><p class="totop"><a href="#summary">back to summary</a></p>
<h3 id="m16">com.a3hp.automationpracticee.framework.test.createaccountandlogin.SignInTest#validateSignInPageBreadcrumbText_SIP</h3><table class="result"><tr><th class="invisible"/></tr></table><p class="totop"><a href="#summary">back to summary</a></p>
<h3 id="m17">com.a3hp.automationpracticee.framework.test.createaccountandlogin.SignInTest#validateSignInPage_PageHeading_SIP</h3><table class="result"><tr><th class="invisible"/></tr></table><p class="totop"><a href="#summary">back to summary</a></p>
<h3 id="m18">com.a3hp.automationpracticee.framework.test.createaccountandlogin.SignInTest#validateSignInPage_SignInSectionHeading_SIP</h3><table class="result"><tr><th class="invisible"/></tr></table><p class="totop"><a href="#summary">back to summary</a></p>
<h2>FFTest2-HomepageTest</h2><h3 id="m19">com.a3hp.automationpracticee.framework.test.homepage.HomepageTest#validateHomepageCarouselBlocks_HP</h3><table class="result"><tr><th>Exception</th></tr><tr><td><div class="stacktrace">java.lang.AssertionError: expected [[https://www.prestashop.com/en?utm_source=v16_homeslider, https://www.prestashop.com/en?utm_source=v16_homeslider, https://www.prestashop.com/en?utm_source=v16_homeslider, https://www.prestashop.com/en?utm_source=v16_homeslider, https://www.prestashop.com/en?utm_source=v16_homeslider]] but found [[http://www.prestashop.com/?utm_source=v16_homeslider, http://www.prestashop.com/?utm_source=v16_homeslider, http://www.prestashop.com/?utm_source=v16_homeslider, http://www.prestashop.com/?utm_source=v16_homeslider, http://www.prestashop.com/?utm_source=v16_homeslider]]
	at com.a3hp.automationpracticee.framework.test.homepage.HomepageTest.validateHomepageCarouselBlocks_HP(HomepageTest.java:221)
	at java.util.concurrent.FutureTask.run(FutureTask.java:266)
	at java.util.concurrent.ThreadPoolExecutor.runWorker(ThreadPoolExecutor.java:1142)
	at java.util.concurrent.ThreadPoolExecutor$Worker.run(ThreadPoolExecutor.java:617)
	at java.lang.Thread.run(Thread.java:748)
... Removed 22 stack frames</div></td></tr></table><p class="totop"><a href="#summary">back to summary</a></p>
<h3 id="m20">com.a3hp.automationpracticee.framework.test.homepage.HomepageTest#validateHomepageSlider1_HP</h3><table class="result"><tr><th>Exception</th></tr><tr><td><div class="stacktrace">java.lang.AssertionError: expected [https://www.prestashop.com/en?utm_source=v16_homeslider] but found [http://www.prestashop.com/?utm_source=v16_homeslider]
	at com.a3hp.automationpracticee.framework.test.homepage.HomepageTest.validateHomepageSlider1_HP(HomepageTest.java:158)
	at java.util.concurrent.FutureTask.run(FutureTask.java:266)
	at java.util.concurrent.ThreadPoolExecutor.runWorker(ThreadPoolExecutor.java:1142)
	at java.util.concurrent.ThreadPoolExecutor$Worker.run(ThreadPoolExecutor.java:617)
	at java.lang.Thread.run(Thread.java:748)
... Removed 22 stack frames</div></td></tr></table><p class="totop"><a href="#summary">back to summary</a></p>
<h3 id="m21">com.a3hp.automationpracticee.framework.test.homepage.HomepageTest#validateHomepageSlider2_HP</h3><table class="result"><tr><th>Exception</th></tr><tr><td><div class="stacktrace">java.lang.AssertionError: expected [https://www.prestashop.com/en?utm_source=v16_homeslider] but found [http://www.prestashop.com/?utm_source=v16_homeslider]
	at com.a3hp.automationpracticee.framework.test.homepage.HomepageTest.validateHomepageSlider2_HP(HomepageTest.java:174)
	at java.util.concurrent.FutureTask.run(FutureTask.java:266)
	at java.util.concurrent.ThreadPoolExecutor.runWorker(ThreadPoolExecutor.java:1142)
	at java.util.concurrent.ThreadPoolExecutor$Worker.run(ThreadPoolExecutor.java:617)
	at java.lang.Thread.run(Thread.java:748)
... Removed 22 stack frames</div></td></tr></table><p class="totop"><a href="#summary">back to summary</a></p>
<h3 id="m22">com.a3hp.automationpracticee.framework.test.homepage.HomepageTest#validateHomepageSlider3_HP</h3><table class="result"><tr><th>Exception</th></tr><tr><td><div class="stacktrace">java.lang.AssertionError: expected [https://www.prestashop.com/en?utm_source=v16_homeslider] but found [http://www.prestashop.com/?utm_source=v16_homeslider]
	at com.a3hp.automationpracticee.framework.test.homepage.HomepageTest.validateHomepageSlider3_HP(HomepageTest.java:186)
	at java.util.concurrent.FutureTask.run(FutureTask.java:266)
	at java.util.concurrent.ThreadPoolExecutor.runWorker(ThreadPoolExecutor.java:1142)
	at java.util.concurrent.ThreadPoolExecutor$Worker.run(ThreadPoolExecutor.java:617)
	at java.lang.Thread.run(Thread.java:748)
... Removed 22 stack frames</div></td></tr></table><p class="totop"><a href="#summary">back to summary</a></p>
<h3 id="m23">com.a3hp.automationpracticee.framework.test.homepage.HomepageTest#validateGetSavingNowButton_HP</h3><table class="result"><tr><th class="invisible"/></tr></table><p class="totop"><a href="#summary">back to summary</a></p>
<h3 id="m24">com.a3hp.automationpracticee.framework.test.homepage.HomepageTest#validateHeaderSignInLink_HP</h3><table class="result"><tr><th class="invisible"/></tr></table><p class="totop"><a href="#summary">back to summary</a></p>
<h3 id="m25">com.a3hp.automationpracticee.framework.test.homepage.HomepageTest#validateSearchField_HP</h3><table class="result"><tr><th class="invisible"/></tr></table><p class="totop"><a href="#summary">back to summary</a></p>
<h2>CHTest3-RegistrationTest</h2><h3 id="m26">com.a3hp.automationpracticee.framework.test.createaccountandlogin.RegistrationTest#validateBreadcrumbText_RP</h3><table class="result"><tr><th class="invisible"/></tr></table><p class="totop"><a href="#summary">back to summary</a></p>
<h3 id="m27">com.a3hp.automationpracticee.framework.test.createaccountandlogin.RegistrationTest#validatePageHeading_RP</h3><table class="result"><tr><th class="invisible"/></tr></table><p class="totop"><a href="#summary">back to summary</a></p>
<h2>FFTest3-RegistrationTest</h2><h3 id="m28">com.a3hp.automationpracticee.framework.test.createaccountandlogin.RegistrationTest#validateBreadcrumbText_RP</h3><table class="result"><tr><th class="invisible"/></tr></table><p class="totop"><a href="#summary">back to summary</a></p>
<h3 id="m29">com.a3hp.automationpracticee.framework.test.createaccountandlogin.RegistrationTest#validatePageHeading_RP</h3><table class="result"><tr><th class="invisible"/></tr></table><p class="totop"><a href="#summary">back to summary</a></p>
<h2>FFTest4-ForgotPasswordTest</h2><h3 id="m30">com.a3hp.automationpracticee.framework.test.createaccountandlogin.ForgotPasswordTest#validateforgotPasswordProcess_FP</h3><table class="result"><tr><th>Exception</th></tr><tr><td><div class="stacktrace">org.openqa.selenium.NoSuchElementException: Unable to locate element: //p[contains(@class, &apos;alert-success&apos;)]
For documentation on this error, please visit: http://seleniumhq.org/exceptions/no_such_element.html
Build info: version: &apos;3.9.1&apos;, revision: &apos;63f7b50&apos;, time: &apos;2018-02-07T22:25:02.294Z&apos;
System info: host: &apos;DESKTOP-MUQUGSJ&apos;, ip: &apos;192.168.42.166&apos;, os.name: &apos;Windows 10&apos;, os.arch: &apos;amd64&apos;, os.version: &apos;10.0&apos;, java.version: &apos;1.8.0_131&apos;
Driver info: org.openqa.selenium.firefox.FirefoxDriver
Capabilities {acceptInsecureCerts: true, browserName: firefox, browserVersion: 63.0, javascriptEnabled: true, moz:accessibilityChecks: false, moz:geckodriverVersion: 0.23.0, moz:headless: false, moz:processID: 684, moz:profile: C:\Users\user\AppData\Local..., moz:useNonSpecCompliantPointerOrigin: false, moz:webdriverClick: true, pageLoadStrategy: normal, platform: WINDOWS, platformName: WINDOWS, platformVersion: 10.0, rotatable: false, setWindowRect: true, timeouts: {implicit: 0, pageLoad: 300000, script: 30000}, unhandledPromptBehavior: accept}
Session ID: c984f48b-6228-44d3-b069-6e868fbf398a
*** Element info: {Using=xpath, value=//p[contains(@class, &apos;alert-success&apos;)]}
	at org.openqa.selenium.remote.http.W3CHttpResponseCodec.createException(W3CHttpResponseCodec.java:187)
	at org.openqa.selenium.remote.http.W3CHttpResponseCodec.decode(W3CHttpResponseCodec.java:122)
	at org.openqa.selenium.remote.http.W3CHttpResponseCodec.decode(W3CHttpResponseCodec.java:49)
	at org.openqa.selenium.remote.HttpCommandExecutor.execute(HttpCommandExecutor.java:158)
	at org.openqa.selenium.remote.service.DriverCommandExecutor.execute(DriverCommandExecutor.java:83)
	at org.openqa.selenium.remote.RemoteWebDriver.execute(RemoteWebDriver.java:543)
	at org.openqa.selenium.remote.RemoteWebDriver.findElement(RemoteWebDriver.java:317)
	at org.openqa.selenium.remote.RemoteWebDriver.findElementByXPath(RemoteWebDriver.java:419)
	at org.openqa.selenium.By$ByXPath.findElement(By.java:361)
	at org.openqa.selenium.remote.RemoteWebDriver.findElement(RemoteWebDriver.java:309)
	at org.openqa.selenium.support.pagefactory.DefaultElementLocator.findElement(DefaultElementLocator.java:69)
	at org.openqa.selenium.support.pagefactory.internal.LocatingElementHandler.invoke(LocatingElementHandler.java:38)
	at com.sun.proxy.$Proxy12.isDisplayed(Unknown Source)
	at com.a3hp.automationpracticee.framework.genericclasses.UI_GenericMethods1.gm_getActualText(UI_GenericMethods1.java:716)
	at com.a3hp.automationpracticee.framework.test.createaccountandlogin.ForgotPasswordTest.validateforgotPasswordProcess_FP(ForgotPasswordTest.java:125)
	at java.util.concurrent.FutureTask.run(FutureTask.java:266)
	at java.util.concurrent.ThreadPoolExecutor.runWorker(ThreadPoolExecutor.java:1142)
	at java.util.concurrent.ThreadPoolExecutor$Worker.run(ThreadPoolExecutor.java:617)
	at java.lang.Thread.run(Thread.java:748)
... Removed 20 stack frames</div></td></tr></table><p class="totop"><a href="#summary">back to summary</a></p>
<h3 id="m31">com.a3hp.automationpracticee.framework.test.createaccountandlogin.ForgotPasswordTest#validateForgotPasswordPage_PageHeading_FP</h3><table class="result"><tr><th class="invisible"/></tr></table><p class="totop"><a href="#summary">back to summary</a></p>
<h2>CHTest4-ForgotPasswordTest</h2><h3 id="m32">com.a3hp.automationpracticee.framework.test.createaccountandlogin.ForgotPasswordTest#validateforgotPasswordProcess_FP</h3><table class="result"><tr><th>Exception</th></tr><tr><td><div class="stacktrace">org.openqa.selenium.WebDriverException: unknown error: keys should be a string
  (Session info: chrome=70.0.3538.77)
  (Driver info: chromedriver=2.38.552522 (437e6fbedfa8762dec75e2c5b3ddb86763dc9dcb),platform=Windows NT 10.0.10240 x86_64) (WARNING: The server did not provide any stacktrace information)
Command duration or timeout: 0 milliseconds
Build info: version: &apos;3.9.1&apos;, revision: &apos;63f7b50&apos;, time: &apos;2018-02-07T22:25:02.294Z&apos;
System info: host: &apos;DESKTOP-MUQUGSJ&apos;, ip: &apos;192.168.42.166&apos;, os.name: &apos;Windows 10&apos;, os.arch: &apos;amd64&apos;, os.version: &apos;10.0&apos;, java.version: &apos;1.8.0_131&apos;
Driver info: org.openqa.selenium.chrome.ChromeDriver
Capabilities {acceptInsecureCerts: true, acceptSslCerts: true, applicationCacheEnabled: false, browserConnectionEnabled: false, browserName: chrome, chrome: {chromedriverVersion: 2.38.552522 (437e6fbedfa876..., userDataDir: C:\Users\user\AppData\Local...}, cssSelectorsEnabled: true, databaseEnabled: false, handlesAlerts: true, hasTouchScreen: false, javascriptEnabled: true, locationContextEnabled: true, mobileEmulationEnabled: false, nativeEvents: true, networkConnectionEnabled: false, pageLoadStrategy: normal, platform: XP, platformName: XP, rotatable: false, setWindowRect: true, takesHeapSnapshot: true, takesScreenshot: true, unexpectedAlertBehaviour: accept, unhandledPromptBehavior: accept, version: 70.0.3538.77, webStorageEnabled: true}
Session ID: c9dda50406148b2fe8409e0ae589d9ad
	at org.openqa.selenium.remote.ErrorHandler.createThrowable(ErrorHandler.java:214)
	at org.openqa.selenium.remote.ErrorHandler.throwIfResponseFailed(ErrorHandler.java:166)
	at org.openqa.selenium.remote.http.JsonHttpResponseCodec.reconstructValue(JsonHttpResponseCodec.java:40)
	at org.openqa.selenium.remote.http.AbstractHttpResponseCodec.decode(AbstractHttpResponseCodec.java:80)
	at org.openqa.selenium.remote.http.AbstractHttpResponseCodec.decode(AbstractHttpResponseCodec.java:44)
	at org.openqa.selenium.remote.HttpCommandExecutor.execute(HttpCommandExecutor.java:158)
	at org.openqa.selenium.remote.service.DriverCommandExecutor.execute(DriverCommandExecutor.java:83)
	at org.openqa.selenium.remote.RemoteWebDriver.execute(RemoteWebDriver.java:543)
	at org.openqa.selenium.remote.RemoteWebElement.execute(RemoteWebElement.java:276)
	at org.openqa.selenium.remote.RemoteWebElement.sendKeys(RemoteWebElement.java:100)
	at org.openqa.selenium.support.pagefactory.internal.LocatingElementHandler.invoke(LocatingElementHandler.java:51)
	at com.sun.proxy.$Proxy12.sendKeys(Unknown Source)
	at com.a3hp.automationpracticee.framework.genericclasses.UI_GenericMethods1.gm_XLInput1(UI_GenericMethods1.java:578)
	at com.a3hp.automationpracticee.framework.pageobject.createaccountandlogin.ForgotPasswordPage.validateForgotPassword(ForgotPasswordPage.java:44)
	at com.a3hp.automationpracticee.framework.test.createaccountandlogin.ForgotPasswordTest.validateforgotPasswordProcess_FP(ForgotPasswordTest.java:122)
	at java.util.concurrent.FutureTask.run(FutureTask.java:266)
	at java.util.concurrent.ThreadPoolExecutor.runWorker(ThreadPoolExecutor.java:1142)
	at java.util.concurrent.ThreadPoolExecutor$Worker.run(ThreadPoolExecutor.java:617)
	at java.lang.Thread.run(Thread.java:748)
... Removed 24 stack frames</div></td></tr></table><p class="totop"><a href="#summary">back to summary</a></p>
<h3 id="m33">com.a3hp.automationpracticee.framework.test.createaccountandlogin.ForgotPasswordTest#validateForgotPasswordPage_PageHeading_FP</h3><table class="result"><tr><th class="invisible"/></tr></table><p class="totop"><a href="#summary">back to summary</a></p>
</body>
</html>
