<?xml version="1.0" encoding="UTF-8"?>
<testng-results skipped="1" failed="10" ignored="4" total="36" passed="21">
  <reporter-output>
  </reporter-output>
  <suite name="Test" duration-ms="4895533" started-at="2018-10-29T15:13:59Z" finished-at="2018-10-29T16:35:35Z">
    <groups>
      <group name="SignInpage_smoke">
        <method signature="SignInTest.validateLoginProcess_SIP()[pri:4, instance:com.a3hp.automationpracticee.framework.test.createaccountandlogin.SignInTest@74294adb]" name="validateLoginProcess_SIP" class="com.a3hp.automationpracticee.framework.test.createaccountandlogin.SignInTest"/>
        <method signature="SignInTest.validateLoginProcess_SIP()[pri:4, instance:com.a3hp.automationpracticee.framework.test.createaccountandlogin.SignInTest@3ffcd140]" name="validateLoginProcess_SIP" class="com.a3hp.automationpracticee.framework.test.createaccountandlogin.SignInTest"/>
      </group> <!-- SignInpage_smoke -->
      <group name="High">
        <method signature="HomepageTest.validateGetSavingNowButton_HP()[pri:1, instance:com.a3hp.automationpracticee.framework.test.homepage.HomepageTest@4df828d7]" name="validateGetSavingNowButton_HP" class="com.a3hp.automationpracticee.framework.test.homepage.HomepageTest"/>
        <method signature="HomepageTest.validateHeaderSignInLink_HP()[pri:0, instance:com.a3hp.automationpracticee.framework.test.homepage.HomepageTest@4df828d7]" name="validateHeaderSignInLink_HP" class="com.a3hp.automationpracticee.framework.test.homepage.HomepageTest"/>
        <method signature="HomepageTest.validateHomepageSlider1_HP()[pri:3, instance:com.a3hp.automationpracticee.framework.test.homepage.HomepageTest@4df828d7]" name="validateHomepageSlider1_HP" class="com.a3hp.automationpracticee.framework.test.homepage.HomepageTest"/>
        <method signature="HomepageTest.validateHomepageSlider2_HP()[pri:4, instance:com.a3hp.automationpracticee.framework.test.homepage.HomepageTest@4df828d7]" name="validateHomepageSlider2_HP" class="com.a3hp.automationpracticee.framework.test.homepage.HomepageTest"/>
        <method signature="HomepageTest.validateSearchField_HP()[pri:2, instance:com.a3hp.automationpracticee.framework.test.homepage.HomepageTest@4df828d7]" name="validateSearchField_HP" class="com.a3hp.automationpracticee.framework.test.homepage.HomepageTest"/>
        <method signature="HomepageTest.validateGetSavingNowButton_HP()[pri:1, instance:com.a3hp.automationpracticee.framework.test.homepage.HomepageTest@37574691]" name="validateGetSavingNowButton_HP" class="com.a3hp.automationpracticee.framework.test.homepage.HomepageTest"/>
        <method signature="HomepageTest.validateHeaderSignInLink_HP()[pri:0, instance:com.a3hp.automationpracticee.framework.test.homepage.HomepageTest@37574691]" name="validateHeaderSignInLink_HP" class="com.a3hp.automationpracticee.framework.test.homepage.HomepageTest"/>
        <method signature="HomepageTest.validateHomepageSlider1_HP()[pri:3, instance:com.a3hp.automationpracticee.framework.test.homepage.HomepageTest@37574691]" name="validateHomepageSlider1_HP" class="com.a3hp.automationpracticee.framework.test.homepage.HomepageTest"/>
        <method signature="HomepageTest.validateHomepageSlider2_HP()[pri:4, instance:com.a3hp.automationpracticee.framework.test.homepage.HomepageTest@37574691]" name="validateHomepageSlider2_HP" class="com.a3hp.automationpracticee.framework.test.homepage.HomepageTest"/>
        <method signature="HomepageTest.validateSearchField_HP()[pri:2, instance:com.a3hp.automationpracticee.framework.test.homepage.HomepageTest@37574691]" name="validateSearchField_HP" class="com.a3hp.automationpracticee.framework.test.homepage.HomepageTest"/>
      </group> <!-- High -->
      <group name="ForgotPasswordpage_txt">
        <method signature="ForgotPasswordTest.validateForgotPasswordPage_PageHeading_FP()[pri:0, instance:com.a3hp.automationpracticee.framework.test.createaccountandlogin.ForgotPasswordTest@49070868]" name="validateForgotPasswordPage_PageHeading_FP" class="com.a3hp.automationpracticee.framework.test.createaccountandlogin.ForgotPasswordTest"/>
        <method signature="ForgotPasswordTest.validateForgotPasswordPage_PageHeading_FP()[pri:0, instance:com.a3hp.automationpracticee.framework.test.createaccountandlogin.ForgotPasswordTest@15d9bc04]" name="validateForgotPasswordPage_PageHeading_FP" class="com.a3hp.automationpracticee.framework.test.createaccountandlogin.ForgotPasswordTest"/>
      </group> <!-- ForgotPasswordpage_txt -->
      <group name="SignInpage_func">
        <method signature="SignInTest.validateLoginProcess_SIP()[pri:4, instance:com.a3hp.automationpracticee.framework.test.createaccountandlogin.SignInTest@74294adb]" name="validateLoginProcess_SIP" class="com.a3hp.automationpracticee.framework.test.createaccountandlogin.SignInTest"/>
        <method signature="SignInTest.validateLoginProcess_SIP()[pri:4, instance:com.a3hp.automationpracticee.framework.test.createaccountandlogin.SignInTest@3ffcd140]" name="validateLoginProcess_SIP" class="com.a3hp.automationpracticee.framework.test.createaccountandlogin.SignInTest"/>
      </group> <!-- SignInpage_func -->
      <group name="smoke">
        <method signature="SignInTest.validateLoginProcess_SIP()[pri:4, instance:com.a3hp.automationpracticee.framework.test.createaccountandlogin.SignInTest@74294adb]" name="validateLoginProcess_SIP" class="com.a3hp.automationpracticee.framework.test.createaccountandlogin.SignInTest"/>
        <method signature="SignInTest.validateRegistrationSectionHeading_SignInPage_SIP()[pri:3, instance:com.a3hp.automationpracticee.framework.test.createaccountandlogin.SignInTest@74294adb]" name="validateRegistrationSectionHeading_SignInPage_SIP" class="com.a3hp.automationpracticee.framework.test.createaccountandlogin.SignInTest"/>
        <method signature="HomepageTest.validateGetSavingNowButton_HP()[pri:1, instance:com.a3hp.automationpracticee.framework.test.homepage.HomepageTest@4df828d7]" name="validateGetSavingNowButton_HP" class="com.a3hp.automationpracticee.framework.test.homepage.HomepageTest"/>
        <method signature="HomepageTest.validateHeaderSignInLink_HP()[pri:0, instance:com.a3hp.automationpracticee.framework.test.homepage.HomepageTest@4df828d7]" name="validateHeaderSignInLink_HP" class="com.a3hp.automationpracticee.framework.test.homepage.HomepageTest"/>
        <method signature="HomepageTest.validateHomepageCarouselBlocks_HP()[pri:6, instance:com.a3hp.automationpracticee.framework.test.homepage.HomepageTest@4df828d7]" name="validateHomepageCarouselBlocks_HP" class="com.a3hp.automationpracticee.framework.test.homepage.HomepageTest"/>
        <method signature="HomepageTest.validateHomepageSlider1_HP()[pri:3, instance:com.a3hp.automationpracticee.framework.test.homepage.HomepageTest@4df828d7]" name="validateHomepageSlider1_HP" class="com.a3hp.automationpracticee.framework.test.homepage.HomepageTest"/>
        <method signature="HomepageTest.validateHomepageSlider2_HP()[pri:4, instance:com.a3hp.automationpracticee.framework.test.homepage.HomepageTest@4df828d7]" name="validateHomepageSlider2_HP" class="com.a3hp.automationpracticee.framework.test.homepage.HomepageTest"/>
        <method signature="HomepageTest.validateHomepageSlider3_HP()[pri:5, instance:com.a3hp.automationpracticee.framework.test.homepage.HomepageTest@4df828d7]" name="validateHomepageSlider3_HP" class="com.a3hp.automationpracticee.framework.test.homepage.HomepageTest"/>
        <method signature="HomepageTest.validateSearchField_HP()[pri:2, instance:com.a3hp.automationpracticee.framework.test.homepage.HomepageTest@4df828d7]" name="validateSearchField_HP" class="com.a3hp.automationpracticee.framework.test.homepage.HomepageTest"/>
        <method signature="SignInTest.validateLoginProcess_SIP()[pri:4, instance:com.a3hp.automationpracticee.framework.test.createaccountandlogin.SignInTest@3ffcd140]" name="validateLoginProcess_SIP" class="com.a3hp.automationpracticee.framework.test.createaccountandlogin.SignInTest"/>
        <method signature="SignInTest.validateRegistrationSectionHeading_SignInPage_SIP()[pri:3, instance:com.a3hp.automationpracticee.framework.test.createaccountandlogin.SignInTest@3ffcd140]" name="validateRegistrationSectionHeading_SignInPage_SIP" class="com.a3hp.automationpracticee.framework.test.createaccountandlogin.SignInTest"/>
        <method signature="HomepageTest.validateGetSavingNowButton_HP()[pri:1, instance:com.a3hp.automationpracticee.framework.test.homepage.HomepageTest@37574691]" name="validateGetSavingNowButton_HP" class="com.a3hp.automationpracticee.framework.test.homepage.HomepageTest"/>
        <method signature="HomepageTest.validateHeaderSignInLink_HP()[pri:0, instance:com.a3hp.automationpracticee.framework.test.homepage.HomepageTest@37574691]" name="validateHeaderSignInLink_HP" class="com.a3hp.automationpracticee.framework.test.homepage.HomepageTest"/>
        <method signature="HomepageTest.validateHomepageCarouselBlocks_HP()[pri:6, instance:com.a3hp.automationpracticee.framework.test.homepage.HomepageTest@37574691]" name="validateHomepageCarouselBlocks_HP" class="com.a3hp.automationpracticee.framework.test.homepage.HomepageTest"/>
        <method signature="HomepageTest.validateHomepageSlider1_HP()[pri:3, instance:com.a3hp.automationpracticee.framework.test.homepage.HomepageTest@37574691]" name="validateHomepageSlider1_HP" class="com.a3hp.automationpracticee.framework.test.homepage.HomepageTest"/>
        <method signature="HomepageTest.validateHomepageSlider2_HP()[pri:4, instance:com.a3hp.automationpracticee.framework.test.homepage.HomepageTest@37574691]" name="validateHomepageSlider2_HP" class="com.a3hp.automationpracticee.framework.test.homepage.HomepageTest"/>
        <method signature="HomepageTest.validateHomepageSlider3_HP()[pri:5, instance:com.a3hp.automationpracticee.framework.test.homepage.HomepageTest@37574691]" name="validateHomepageSlider3_HP" class="com.a3hp.automationpracticee.framework.test.homepage.HomepageTest"/>
        <method signature="HomepageTest.validateSearchField_HP()[pri:2, instance:com.a3hp.automationpracticee.framework.test.homepage.HomepageTest@37574691]" name="validateSearchField_HP" class="com.a3hp.automationpracticee.framework.test.homepage.HomepageTest"/>
        <method signature="ForgotPasswordTest.validateforgotPasswordProcess_FP()[pri:1, instance:com.a3hp.automationpracticee.framework.test.createaccountandlogin.ForgotPasswordTest@49070868]" name="validateforgotPasswordProcess_FP" class="com.a3hp.automationpracticee.framework.test.createaccountandlogin.ForgotPasswordTest"/>
        <method signature="ForgotPasswordTest.validateforgotPasswordProcess_FP()[pri:1, instance:com.a3hp.automationpracticee.framework.test.createaccountandlogin.ForgotPasswordTest@15d9bc04]" name="validateforgotPasswordProcess_FP" class="com.a3hp.automationpracticee.framework.test.createaccountandlogin.ForgotPasswordTest"/>
      </group> <!-- smoke -->
      <group name="Registrationpage_txt">
        <method signature="RegistrationTest.validateBreadcrumbText_RP()[pri:1, instance:com.a3hp.automationpracticee.framework.test.createaccountandlogin.RegistrationTest@314c508a]" name="validateBreadcrumbText_RP" class="com.a3hp.automationpracticee.framework.test.createaccountandlogin.RegistrationTest"/>
        <method signature="RegistrationTest.validatePageHeading_RP()[pri:0, instance:com.a3hp.automationpracticee.framework.test.createaccountandlogin.RegistrationTest@314c508a]" name="validatePageHeading_RP" class="com.a3hp.automationpracticee.framework.test.createaccountandlogin.RegistrationTest"/>
        <method signature="RegistrationTest.validateBreadcrumbText_RP()[pri:1, instance:com.a3hp.automationpracticee.framework.test.createaccountandlogin.RegistrationTest@49e202ad]" name="validateBreadcrumbText_RP" class="com.a3hp.automationpracticee.framework.test.createaccountandlogin.RegistrationTest"/>
        <method signature="RegistrationTest.validatePageHeading_RP()[pri:0, instance:com.a3hp.automationpracticee.framework.test.createaccountandlogin.RegistrationTest@49e202ad]" name="validatePageHeading_RP" class="com.a3hp.automationpracticee.framework.test.createaccountandlogin.RegistrationTest"/>
      </group> <!-- Registrationpage_txt -->
      <group name="Homepage_smoke">
        <method signature="HomepageTest.validateGetSavingNowButton_HP()[pri:1, instance:com.a3hp.automationpracticee.framework.test.homepage.HomepageTest@4df828d7]" name="validateGetSavingNowButton_HP" class="com.a3hp.automationpracticee.framework.test.homepage.HomepageTest"/>
        <method signature="HomepageTest.validateHeaderSignInLink_HP()[pri:0, instance:com.a3hp.automationpracticee.framework.test.homepage.HomepageTest@4df828d7]" name="validateHeaderSignInLink_HP" class="com.a3hp.automationpracticee.framework.test.homepage.HomepageTest"/>
        <method signature="HomepageTest.validateHomepageSlider1_HP()[pri:3, instance:com.a3hp.automationpracticee.framework.test.homepage.HomepageTest@4df828d7]" name="validateHomepageSlider1_HP" class="com.a3hp.automationpracticee.framework.test.homepage.HomepageTest"/>
        <method signature="HomepageTest.validateSearchField_HP()[pri:2, instance:com.a3hp.automationpracticee.framework.test.homepage.HomepageTest@4df828d7]" name="validateSearchField_HP" class="com.a3hp.automationpracticee.framework.test.homepage.HomepageTest"/>
        <method signature="HomepageTest.validateGetSavingNowButton_HP()[pri:1, instance:com.a3hp.automationpracticee.framework.test.homepage.HomepageTest@37574691]" name="validateGetSavingNowButton_HP" class="com.a3hp.automationpracticee.framework.test.homepage.HomepageTest"/>
        <method signature="HomepageTest.validateHeaderSignInLink_HP()[pri:0, instance:com.a3hp.automationpracticee.framework.test.homepage.HomepageTest@37574691]" name="validateHeaderSignInLink_HP" class="com.a3hp.automationpracticee.framework.test.homepage.HomepageTest"/>
        <method signature="HomepageTest.validateHomepageSlider1_HP()[pri:3, instance:com.a3hp.automationpracticee.framework.test.homepage.HomepageTest@37574691]" name="validateHomepageSlider1_HP" class="com.a3hp.automationpracticee.framework.test.homepage.HomepageTest"/>
        <method signature="HomepageTest.validateSearchField_HP()[pri:2, instance:com.a3hp.automationpracticee.framework.test.homepage.HomepageTest@37574691]" name="validateSearchField_HP" class="com.a3hp.automationpracticee.framework.test.homepage.HomepageTest"/>
      </group> <!-- Homepage_smoke -->
      <group name="ForgotPasswordpage_smoke">
        <method signature="ForgotPasswordTest.validateforgotPasswordProcess_FP()[pri:1, instance:com.a3hp.automationpracticee.framework.test.createaccountandlogin.ForgotPasswordTest@49070868]" name="validateforgotPasswordProcess_FP" class="com.a3hp.automationpracticee.framework.test.createaccountandlogin.ForgotPasswordTest"/>
        <method signature="ForgotPasswordTest.validateforgotPasswordProcess_FP()[pri:1, instance:com.a3hp.automationpracticee.framework.test.createaccountandlogin.ForgotPasswordTest@15d9bc04]" name="validateforgotPasswordProcess_FP" class="com.a3hp.automationpracticee.framework.test.createaccountandlogin.ForgotPasswordTest"/>
      </group> <!-- ForgotPasswordpage_smoke -->
      <group name="txt">
        <method signature="SignInTest.validateSignInPageBreadcrumbText_SIP()[pri:2, instance:com.a3hp.automationpracticee.framework.test.createaccountandlogin.SignInTest@74294adb]" name="validateSignInPageBreadcrumbText_SIP" class="com.a3hp.automationpracticee.framework.test.createaccountandlogin.SignInTest"/>
        <method signature="SignInTest.validateSignInPage_PageHeading_SIP()[pri:0, instance:com.a3hp.automationpracticee.framework.test.createaccountandlogin.SignInTest@74294adb]" name="validateSignInPage_PageHeading_SIP" class="com.a3hp.automationpracticee.framework.test.createaccountandlogin.SignInTest"/>
        <method signature="SignInTest.validateSignInPage_SignInSectionHeading_SIP()[pri:1, instance:com.a3hp.automationpracticee.framework.test.createaccountandlogin.SignInTest@74294adb]" name="validateSignInPage_SignInSectionHeading_SIP" class="com.a3hp.automationpracticee.framework.test.createaccountandlogin.SignInTest"/>
        <method signature="SignInTest.validateSignInPageBreadcrumbText_SIP()[pri:2, instance:com.a3hp.automationpracticee.framework.test.createaccountandlogin.SignInTest@3ffcd140]" name="validateSignInPageBreadcrumbText_SIP" class="com.a3hp.automationpracticee.framework.test.createaccountandlogin.SignInTest"/>
        <method signature="SignInTest.validateSignInPage_PageHeading_SIP()[pri:0, instance:com.a3hp.automationpracticee.framework.test.createaccountandlogin.SignInTest@3ffcd140]" name="validateSignInPage_PageHeading_SIP" class="com.a3hp.automationpracticee.framework.test.createaccountandlogin.SignInTest"/>
        <method signature="SignInTest.validateSignInPage_SignInSectionHeading_SIP()[pri:1, instance:com.a3hp.automationpracticee.framework.test.createaccountandlogin.SignInTest@3ffcd140]" name="validateSignInPage_SignInSectionHeading_SIP" class="com.a3hp.automationpracticee.framework.test.createaccountandlogin.SignInTest"/>
        <method signature="RegistrationTest.validateBreadcrumbText_RP()[pri:1, instance:com.a3hp.automationpracticee.framework.test.createaccountandlogin.RegistrationTest@314c508a]" name="validateBreadcrumbText_RP" class="com.a3hp.automationpracticee.framework.test.createaccountandlogin.RegistrationTest"/>
        <method signature="RegistrationTest.validatePageHeading_RP()[pri:0, instance:com.a3hp.automationpracticee.framework.test.createaccountandlogin.RegistrationTest@314c508a]" name="validatePageHeading_RP" class="com.a3hp.automationpracticee.framework.test.createaccountandlogin.RegistrationTest"/>
        <method signature="RegistrationTest.validateBreadcrumbText_RP()[pri:1, instance:com.a3hp.automationpracticee.framework.test.createaccountandlogin.RegistrationTest@49e202ad]" name="validateBreadcrumbText_RP" class="com.a3hp.automationpracticee.framework.test.createaccountandlogin.RegistrationTest"/>
        <method signature="RegistrationTest.validatePageHeading_RP()[pri:0, instance:com.a3hp.automationpracticee.framework.test.createaccountandlogin.RegistrationTest@49e202ad]" name="validatePageHeading_RP" class="com.a3hp.automationpracticee.framework.test.createaccountandlogin.RegistrationTest"/>
        <method signature="ForgotPasswordTest.validateForgotPasswordPage_PageHeading_FP()[pri:0, instance:com.a3hp.automationpracticee.framework.test.createaccountandlogin.ForgotPasswordTest@49070868]" name="validateForgotPasswordPage_PageHeading_FP" class="com.a3hp.automationpracticee.framework.test.createaccountandlogin.ForgotPasswordTest"/>
        <method signature="ForgotPasswordTest.validateForgotPasswordPage_PageHeading_FP()[pri:0, instance:com.a3hp.automationpracticee.framework.test.createaccountandlogin.ForgotPasswordTest@15d9bc04]" name="validateForgotPasswordPage_PageHeading_FP" class="com.a3hp.automationpracticee.framework.test.createaccountandlogin.ForgotPasswordTest"/>
      </group> <!-- txt -->
      <group name="func">
        <method signature="SignInTest.validateLoginProcess_SIP()[pri:4, instance:com.a3hp.automationpracticee.framework.test.createaccountandlogin.SignInTest@74294adb]" name="validateLoginProcess_SIP" class="com.a3hp.automationpracticee.framework.test.createaccountandlogin.SignInTest"/>
        <method signature="HomepageTest.validateGetSavingNowButton_HP()[pri:1, instance:com.a3hp.automationpracticee.framework.test.homepage.HomepageTest@4df828d7]" name="validateGetSavingNowButton_HP" class="com.a3hp.automationpracticee.framework.test.homepage.HomepageTest"/>
        <method signature="HomepageTest.validateHeaderSignInLink_HP()[pri:0, instance:com.a3hp.automationpracticee.framework.test.homepage.HomepageTest@4df828d7]" name="validateHeaderSignInLink_HP" class="com.a3hp.automationpracticee.framework.test.homepage.HomepageTest"/>
        <method signature="HomepageTest.validateHomepageCarouselBlocks_HP()[pri:6, instance:com.a3hp.automationpracticee.framework.test.homepage.HomepageTest@4df828d7]" name="validateHomepageCarouselBlocks_HP" class="com.a3hp.automationpracticee.framework.test.homepage.HomepageTest"/>
        <method signature="HomepageTest.validateHomepageSlider1_HP()[pri:3, instance:com.a3hp.automationpracticee.framework.test.homepage.HomepageTest@4df828d7]" name="validateHomepageSlider1_HP" class="com.a3hp.automationpracticee.framework.test.homepage.HomepageTest"/>
        <method signature="HomepageTest.validateHomepageSlider2_HP()[pri:4, instance:com.a3hp.automationpracticee.framework.test.homepage.HomepageTest@4df828d7]" name="validateHomepageSlider2_HP" class="com.a3hp.automationpracticee.framework.test.homepage.HomepageTest"/>
        <method signature="HomepageTest.validateHomepageSlider3_HP()[pri:5, instance:com.a3hp.automationpracticee.framework.test.homepage.HomepageTest@4df828d7]" name="validateHomepageSlider3_HP" class="com.a3hp.automationpracticee.framework.test.homepage.HomepageTest"/>
        <method signature="HomepageTest.validateSearchField_HP()[pri:2, instance:com.a3hp.automationpracticee.framework.test.homepage.HomepageTest@4df828d7]" name="validateSearchField_HP" class="com.a3hp.automationpracticee.framework.test.homepage.HomepageTest"/>
        <method signature="SignInTest.validateLoginProcess_SIP()[pri:4, instance:com.a3hp.automationpracticee.framework.test.createaccountandlogin.SignInTest@3ffcd140]" name="validateLoginProcess_SIP" class="com.a3hp.automationpracticee.framework.test.createaccountandlogin.SignInTest"/>
        <method signature="HomepageTest.validateGetSavingNowButton_HP()[pri:1, instance:com.a3hp.automationpracticee.framework.test.homepage.HomepageTest@37574691]" name="validateGetSavingNowButton_HP" class="com.a3hp.automationpracticee.framework.test.homepage.HomepageTest"/>
        <method signature="HomepageTest.validateHeaderSignInLink_HP()[pri:0, instance:com.a3hp.automationpracticee.framework.test.homepage.HomepageTest@37574691]" name="validateHeaderSignInLink_HP" class="com.a3hp.automationpracticee.framework.test.homepage.HomepageTest"/>
        <method signature="HomepageTest.validateHomepageCarouselBlocks_HP()[pri:6, instance:com.a3hp.automationpracticee.framework.test.homepage.HomepageTest@37574691]" name="validateHomepageCarouselBlocks_HP" class="com.a3hp.automationpracticee.framework.test.homepage.HomepageTest"/>
        <method signature="HomepageTest.validateHomepageSlider1_HP()[pri:3, instance:com.a3hp.automationpracticee.framework.test.homepage.HomepageTest@37574691]" name="validateHomepageSlider1_HP" class="com.a3hp.automationpracticee.framework.test.homepage.HomepageTest"/>
        <method signature="HomepageTest.validateHomepageSlider2_HP()[pri:4, instance:com.a3hp.automationpracticee.framework.test.homepage.HomepageTest@37574691]" name="validateHomepageSlider2_HP" class="com.a3hp.automationpracticee.framework.test.homepage.HomepageTest"/>
        <method signature="HomepageTest.validateHomepageSlider3_HP()[pri:5, instance:com.a3hp.automationpracticee.framework.test.homepage.HomepageTest@37574691]" name="validateHomepageSlider3_HP" class="com.a3hp.automationpracticee.framework.test.homepage.HomepageTest"/>
        <method signature="HomepageTest.validateSearchField_HP()[pri:2, instance:com.a3hp.automationpracticee.framework.test.homepage.HomepageTest@37574691]" name="validateSearchField_HP" class="com.a3hp.automationpracticee.framework.test.homepage.HomepageTest"/>
        <method signature="ForgotPasswordTest.validateforgotPasswordProcess_FP()[pri:1, instance:com.a3hp.automationpracticee.framework.test.createaccountandlogin.ForgotPasswordTest@49070868]" name="validateforgotPasswordProcess_FP" class="com.a3hp.automationpracticee.framework.test.createaccountandlogin.ForgotPasswordTest"/>
        <method signature="ForgotPasswordTest.validateforgotPasswordProcess_FP()[pri:1, instance:com.a3hp.automationpracticee.framework.test.createaccountandlogin.ForgotPasswordTest@15d9bc04]" name="validateforgotPasswordProcess_FP" class="com.a3hp.automationpracticee.framework.test.createaccountandlogin.ForgotPasswordTest"/>
      </group> <!-- func -->
      <group name="createaccountandlogin">
        <method signature="SignInTest.validateLoginProcess_SIP()[pri:4, instance:com.a3hp.automationpracticee.framework.test.createaccountandlogin.SignInTest@74294adb]" name="validateLoginProcess_SIP" class="com.a3hp.automationpracticee.framework.test.createaccountandlogin.SignInTest"/>
        <method signature="SignInTest.validateRegistrationSectionHeading_SignInPage_SIP()[pri:3, instance:com.a3hp.automationpracticee.framework.test.createaccountandlogin.SignInTest@74294adb]" name="validateRegistrationSectionHeading_SignInPage_SIP" class="com.a3hp.automationpracticee.framework.test.createaccountandlogin.SignInTest"/>
        <method signature="SignInTest.validateSignInPageBreadcrumbText_SIP()[pri:2, instance:com.a3hp.automationpracticee.framework.test.createaccountandlogin.SignInTest@74294adb]" name="validateSignInPageBreadcrumbText_SIP" class="com.a3hp.automationpracticee.framework.test.createaccountandlogin.SignInTest"/>
        <method signature="SignInTest.validateSignInPage_PageHeading_SIP()[pri:0, instance:com.a3hp.automationpracticee.framework.test.createaccountandlogin.SignInTest@74294adb]" name="validateSignInPage_PageHeading_SIP" class="com.a3hp.automationpracticee.framework.test.createaccountandlogin.SignInTest"/>
        <method signature="SignInTest.validateSignInPage_SignInSectionHeading_SIP()[pri:1, instance:com.a3hp.automationpracticee.framework.test.createaccountandlogin.SignInTest@74294adb]" name="validateSignInPage_SignInSectionHeading_SIP" class="com.a3hp.automationpracticee.framework.test.createaccountandlogin.SignInTest"/>
        <method signature="SignInTest.validateLoginProcess_SIP()[pri:4, instance:com.a3hp.automationpracticee.framework.test.createaccountandlogin.SignInTest@3ffcd140]" name="validateLoginProcess_SIP" class="com.a3hp.automationpracticee.framework.test.createaccountandlogin.SignInTest"/>
        <method signature="SignInTest.validateRegistrationSectionHeading_SignInPage_SIP()[pri:3, instance:com.a3hp.automationpracticee.framework.test.createaccountandlogin.SignInTest@3ffcd140]" name="validateRegistrationSectionHeading_SignInPage_SIP" class="com.a3hp.automationpracticee.framework.test.createaccountandlogin.SignInTest"/>
        <method signature="SignInTest.validateSignInPageBreadcrumbText_SIP()[pri:2, instance:com.a3hp.automationpracticee.framework.test.createaccountandlogin.SignInTest@3ffcd140]" name="validateSignInPageBreadcrumbText_SIP" class="com.a3hp.automationpracticee.framework.test.createaccountandlogin.SignInTest"/>
        <method signature="SignInTest.validateSignInPage_PageHeading_SIP()[pri:0, instance:com.a3hp.automationpracticee.framework.test.createaccountandlogin.SignInTest@3ffcd140]" name="validateSignInPage_PageHeading_SIP" class="com.a3hp.automationpracticee.framework.test.createaccountandlogin.SignInTest"/>
        <method signature="SignInTest.validateSignInPage_SignInSectionHeading_SIP()[pri:1, instance:com.a3hp.automationpracticee.framework.test.createaccountandlogin.SignInTest@3ffcd140]" name="validateSignInPage_SignInSectionHeading_SIP" class="com.a3hp.automationpracticee.framework.test.createaccountandlogin.SignInTest"/>
        <method signature="RegistrationTest.validateBreadcrumbText_RP()[pri:1, instance:com.a3hp.automationpracticee.framework.test.createaccountandlogin.RegistrationTest@314c508a]" name="validateBreadcrumbText_RP" class="com.a3hp.automationpracticee.framework.test.createaccountandlogin.RegistrationTest"/>
        <method signature="RegistrationTest.validatePageHeading_RP()[pri:0, instance:com.a3hp.automationpracticee.framework.test.createaccountandlogin.RegistrationTest@314c508a]" name="validatePageHeading_RP" class="com.a3hp.automationpracticee.framework.test.createaccountandlogin.RegistrationTest"/>
        <method signature="RegistrationTest.validateBreadcrumbText_RP()[pri:1, instance:com.a3hp.automationpracticee.framework.test.createaccountandlogin.RegistrationTest@49e202ad]" name="validateBreadcrumbText_RP" class="com.a3hp.automationpracticee.framework.test.createaccountandlogin.RegistrationTest"/>
        <method signature="RegistrationTest.validatePageHeading_RP()[pri:0, instance:com.a3hp.automationpracticee.framework.test.createaccountandlogin.RegistrationTest@49e202ad]" name="validatePageHeading_RP" class="com.a3hp.automationpracticee.framework.test.createaccountandlogin.RegistrationTest"/>
        <method signature="ForgotPasswordTest.validateForgotPasswordPage_PageHeading_FP()[pri:0, instance:com.a3hp.automationpracticee.framework.test.createaccountandlogin.ForgotPasswordTest@49070868]" name="validateForgotPasswordPage_PageHeading_FP" class="com.a3hp.automationpracticee.framework.test.createaccountandlogin.ForgotPasswordTest"/>
        <method signature="ForgotPasswordTest.validateforgotPasswordProcess_FP()[pri:1, instance:com.a3hp.automationpracticee.framework.test.createaccountandlogin.ForgotPasswordTest@49070868]" name="validateforgotPasswordProcess_FP" class="com.a3hp.automationpracticee.framework.test.createaccountandlogin.ForgotPasswordTest"/>
        <method signature="ForgotPasswordTest.validateForgotPasswordPage_PageHeading_FP()[pri:0, instance:com.a3hp.automationpracticee.framework.test.createaccountandlogin.ForgotPasswordTest@15d9bc04]" name="validateForgotPasswordPage_PageHeading_FP" class="com.a3hp.automationpracticee.framework.test.createaccountandlogin.ForgotPasswordTest"/>
        <method signature="ForgotPasswordTest.validateforgotPasswordProcess_FP()[pri:1, instance:com.a3hp.automationpracticee.framework.test.createaccountandlogin.ForgotPasswordTest@15d9bc04]" name="validateforgotPasswordProcess_FP" class="com.a3hp.automationpracticee.framework.test.createaccountandlogin.ForgotPasswordTest"/>
      </group> <!-- createaccountandlogin -->
      <group name="Low">
        <method signature="SignInTest.validateRegistrationSectionHeading_SignInPage_SIP()[pri:3, instance:com.a3hp.automationpracticee.framework.test.createaccountandlogin.SignInTest@74294adb]" name="validateRegistrationSectionHeading_SignInPage_SIP" class="com.a3hp.automationpracticee.framework.test.createaccountandlogin.SignInTest"/>
        <method signature="SignInTest.validateSignInPageBreadcrumbText_SIP()[pri:2, instance:com.a3hp.automationpracticee.framework.test.createaccountandlogin.SignInTest@74294adb]" name="validateSignInPageBreadcrumbText_SIP" class="com.a3hp.automationpracticee.framework.test.createaccountandlogin.SignInTest"/>
        <method signature="SignInTest.validateSignInPage_PageHeading_SIP()[pri:0, instance:com.a3hp.automationpracticee.framework.test.createaccountandlogin.SignInTest@74294adb]" name="validateSignInPage_PageHeading_SIP" class="com.a3hp.automationpracticee.framework.test.createaccountandlogin.SignInTest"/>
        <method signature="SignInTest.validateSignInPage_SignInSectionHeading_SIP()[pri:1, instance:com.a3hp.automationpracticee.framework.test.createaccountandlogin.SignInTest@74294adb]" name="validateSignInPage_SignInSectionHeading_SIP" class="com.a3hp.automationpracticee.framework.test.createaccountandlogin.SignInTest"/>
        <method signature="SignInTest.validateRegistrationSectionHeading_SignInPage_SIP()[pri:3, instance:com.a3hp.automationpracticee.framework.test.createaccountandlogin.SignInTest@3ffcd140]" name="validateRegistrationSectionHeading_SignInPage_SIP" class="com.a3hp.automationpracticee.framework.test.createaccountandlogin.SignInTest"/>
        <method signature="SignInTest.validateSignInPageBreadcrumbText_SIP()[pri:2, instance:com.a3hp.automationpracticee.framework.test.createaccountandlogin.SignInTest@3ffcd140]" name="validateSignInPageBreadcrumbText_SIP" class="com.a3hp.automationpracticee.framework.test.createaccountandlogin.SignInTest"/>
        <method signature="SignInTest.validateSignInPage_PageHeading_SIP()[pri:0, instance:com.a3hp.automationpracticee.framework.test.createaccountandlogin.SignInTest@3ffcd140]" name="validateSignInPage_PageHeading_SIP" class="com.a3hp.automationpracticee.framework.test.createaccountandlogin.SignInTest"/>
        <method signature="SignInTest.validateSignInPage_SignInSectionHeading_SIP()[pri:1, instance:com.a3hp.automationpracticee.framework.test.createaccountandlogin.SignInTest@3ffcd140]" name="validateSignInPage_SignInSectionHeading_SIP" class="com.a3hp.automationpracticee.framework.test.createaccountandlogin.SignInTest"/>
        <method signature="RegistrationTest.validateBreadcrumbText_RP()[pri:1, instance:com.a3hp.automationpracticee.framework.test.createaccountandlogin.RegistrationTest@314c508a]" name="validateBreadcrumbText_RP" class="com.a3hp.automationpracticee.framework.test.createaccountandlogin.RegistrationTest"/>
        <method signature="RegistrationTest.validatePageHeading_RP()[pri:0, instance:com.a3hp.automationpracticee.framework.test.createaccountandlogin.RegistrationTest@314c508a]" name="validatePageHeading_RP" class="com.a3hp.automationpracticee.framework.test.createaccountandlogin.RegistrationTest"/>
        <method signature="RegistrationTest.validateBreadcrumbText_RP()[pri:1, instance:com.a3hp.automationpracticee.framework.test.createaccountandlogin.RegistrationTest@49e202ad]" name="validateBreadcrumbText_RP" class="com.a3hp.automationpracticee.framework.test.createaccountandlogin.RegistrationTest"/>
        <method signature="RegistrationTest.validatePageHeading_RP()[pri:0, instance:com.a3hp.automationpracticee.framework.test.createaccountandlogin.RegistrationTest@49e202ad]" name="validatePageHeading_RP" class="com.a3hp.automationpracticee.framework.test.createaccountandlogin.RegistrationTest"/>
        <method signature="ForgotPasswordTest.validateForgotPasswordPage_PageHeading_FP()[pri:0, instance:com.a3hp.automationpracticee.framework.test.createaccountandlogin.ForgotPasswordTest@49070868]" name="validateForgotPasswordPage_PageHeading_FP" class="com.a3hp.automationpracticee.framework.test.createaccountandlogin.ForgotPasswordTest"/>
        <method signature="ForgotPasswordTest.validateForgotPasswordPage_PageHeading_FP()[pri:0, instance:com.a3hp.automationpracticee.framework.test.createaccountandlogin.ForgotPasswordTest@15d9bc04]" name="validateForgotPasswordPage_PageHeading_FP" class="com.a3hp.automationpracticee.framework.test.createaccountandlogin.ForgotPasswordTest"/>
      </group> <!-- Low -->
      <group name="Homepage_func">
        <method signature="HomepageTest.validateGetSavingNowButton_HP()[pri:1, instance:com.a3hp.automationpracticee.framework.test.homepage.HomepageTest@4df828d7]" name="validateGetSavingNowButton_HP" class="com.a3hp.automationpracticee.framework.test.homepage.HomepageTest"/>
        <method signature="HomepageTest.validateHeaderSignInLink_HP()[pri:0, instance:com.a3hp.automationpracticee.framework.test.homepage.HomepageTest@4df828d7]" name="validateHeaderSignInLink_HP" class="com.a3hp.automationpracticee.framework.test.homepage.HomepageTest"/>
        <method signature="HomepageTest.validateHomepageCarouselBlocks_HP()[pri:6, instance:com.a3hp.automationpracticee.framework.test.homepage.HomepageTest@4df828d7]" name="validateHomepageCarouselBlocks_HP" class="com.a3hp.automationpracticee.framework.test.homepage.HomepageTest"/>
        <method signature="HomepageTest.validateHomepageSlider1_HP()[pri:3, instance:com.a3hp.automationpracticee.framework.test.homepage.HomepageTest@4df828d7]" name="validateHomepageSlider1_HP" class="com.a3hp.automationpracticee.framework.test.homepage.HomepageTest"/>
        <method signature="HomepageTest.validateHomepageSlider2_HP()[pri:4, instance:com.a3hp.automationpracticee.framework.test.homepage.HomepageTest@4df828d7]" name="validateHomepageSlider2_HP" class="com.a3hp.automationpracticee.framework.test.homepage.HomepageTest"/>
        <method signature="HomepageTest.validateHomepageSlider3_HP()[pri:5, instance:com.a3hp.automationpracticee.framework.test.homepage.HomepageTest@4df828d7]" name="validateHomepageSlider3_HP" class="com.a3hp.automationpracticee.framework.test.homepage.HomepageTest"/>
        <method signature="HomepageTest.validateSearchField_HP()[pri:2, instance:com.a3hp.automationpracticee.framework.test.homepage.HomepageTest@4df828d7]" name="validateSearchField_HP" class="com.a3hp.automationpracticee.framework.test.homepage.HomepageTest"/>
        <method signature="HomepageTest.validateGetSavingNowButton_HP()[pri:1, instance:com.a3hp.automationpracticee.framework.test.homepage.HomepageTest@37574691]" name="validateGetSavingNowButton_HP" class="com.a3hp.automationpracticee.framework.test.homepage.HomepageTest"/>
        <method signature="HomepageTest.validateHeaderSignInLink_HP()[pri:0, instance:com.a3hp.automationpracticee.framework.test.homepage.HomepageTest@37574691]" name="validateHeaderSignInLink_HP" class="com.a3hp.automationpracticee.framework.test.homepage.HomepageTest"/>
        <method signature="HomepageTest.validateHomepageCarouselBlocks_HP()[pri:6, instance:com.a3hp.automationpracticee.framework.test.homepage.HomepageTest@37574691]" name="validateHomepageCarouselBlocks_HP" class="com.a3hp.automationpracticee.framework.test.homepage.HomepageTest"/>
        <method signature="HomepageTest.validateHomepageSlider1_HP()[pri:3, instance:com.a3hp.automationpracticee.framework.test.homepage.HomepageTest@37574691]" name="validateHomepageSlider1_HP" class="com.a3hp.automationpracticee.framework.test.homepage.HomepageTest"/>
        <method signature="HomepageTest.validateHomepageSlider2_HP()[pri:4, instance:com.a3hp.automationpracticee.framework.test.homepage.HomepageTest@37574691]" name="validateHomepageSlider2_HP" class="com.a3hp.automationpracticee.framework.test.homepage.HomepageTest"/>
        <method signature="HomepageTest.validateHomepageSlider3_HP()[pri:5, instance:com.a3hp.automationpracticee.framework.test.homepage.HomepageTest@37574691]" name="validateHomepageSlider3_HP" class="com.a3hp.automationpracticee.framework.test.homepage.HomepageTest"/>
        <method signature="HomepageTest.validateSearchField_HP()[pri:2, instance:com.a3hp.automationpracticee.framework.test.homepage.HomepageTest@37574691]" name="validateSearchField_HP" class="com.a3hp.automationpracticee.framework.test.homepage.HomepageTest"/>
      </group> <!-- Homepage_func -->
      <group name="Medium">
        <method signature="HomepageTest.validateHomepageCarouselBlocks_HP()[pri:6, instance:com.a3hp.automationpracticee.framework.test.homepage.HomepageTest@4df828d7]" name="validateHomepageCarouselBlocks_HP" class="com.a3hp.automationpracticee.framework.test.homepage.HomepageTest"/>
        <method signature="HomepageTest.validateHomepageSlider3_HP()[pri:5, instance:com.a3hp.automationpracticee.framework.test.homepage.HomepageTest@4df828d7]" name="validateHomepageSlider3_HP" class="com.a3hp.automationpracticee.framework.test.homepage.HomepageTest"/>
        <method signature="HomepageTest.validateHomepageCarouselBlocks_HP()[pri:6, instance:com.a3hp.automationpracticee.framework.test.homepage.HomepageTest@37574691]" name="validateHomepageCarouselBlocks_HP" class="com.a3hp.automationpracticee.framework.test.homepage.HomepageTest"/>
        <method signature="HomepageTest.validateHomepageSlider3_HP()[pri:5, instance:com.a3hp.automationpracticee.framework.test.homepage.HomepageTest@37574691]" name="validateHomepageSlider3_HP" class="com.a3hp.automationpracticee.framework.test.homepage.HomepageTest"/>
      </group> <!-- Medium -->
      <group name="ForgotPasswordpage_func">
        <method signature="ForgotPasswordTest.validateforgotPasswordProcess_FP()[pri:1, instance:com.a3hp.automationpracticee.framework.test.createaccountandlogin.ForgotPasswordTest@49070868]" name="validateforgotPasswordProcess_FP" class="com.a3hp.automationpracticee.framework.test.createaccountandlogin.ForgotPasswordTest"/>
        <method signature="ForgotPasswordTest.validateforgotPasswordProcess_FP()[pri:1, instance:com.a3hp.automationpracticee.framework.test.createaccountandlogin.ForgotPasswordTest@15d9bc04]" name="validateforgotPasswordProcess_FP" class="com.a3hp.automationpracticee.framework.test.createaccountandlogin.ForgotPasswordTest"/>
      </group> <!-- ForgotPasswordpage_func -->
      <group name="SignInpage_txt">
        <method signature="SignInTest.validateRegistrationSectionHeading_SignInPage_SIP()[pri:3, instance:com.a3hp.automationpracticee.framework.test.createaccountandlogin.SignInTest@74294adb]" name="validateRegistrationSectionHeading_SignInPage_SIP" class="com.a3hp.automationpracticee.framework.test.createaccountandlogin.SignInTest"/>
        <method signature="SignInTest.validateSignInPageBreadcrumbText_SIP()[pri:2, instance:com.a3hp.automationpracticee.framework.test.createaccountandlogin.SignInTest@74294adb]" name="validateSignInPageBreadcrumbText_SIP" class="com.a3hp.automationpracticee.framework.test.createaccountandlogin.SignInTest"/>
        <method signature="SignInTest.validateSignInPage_PageHeading_SIP()[pri:0, instance:com.a3hp.automationpracticee.framework.test.createaccountandlogin.SignInTest@74294adb]" name="validateSignInPage_PageHeading_SIP" class="com.a3hp.automationpracticee.framework.test.createaccountandlogin.SignInTest"/>
        <method signature="SignInTest.validateSignInPage_SignInSectionHeading_SIP()[pri:1, instance:com.a3hp.automationpracticee.framework.test.createaccountandlogin.SignInTest@74294adb]" name="validateSignInPage_SignInSectionHeading_SIP" class="com.a3hp.automationpracticee.framework.test.createaccountandlogin.SignInTest"/>
        <method signature="SignInTest.validateRegistrationSectionHeading_SignInPage_SIP()[pri:3, instance:com.a3hp.automationpracticee.framework.test.createaccountandlogin.SignInTest@3ffcd140]" name="validateRegistrationSectionHeading_SignInPage_SIP" class="com.a3hp.automationpracticee.framework.test.createaccountandlogin.SignInTest"/>
        <method signature="SignInTest.validateSignInPageBreadcrumbText_SIP()[pri:2, instance:com.a3hp.automationpracticee.framework.test.createaccountandlogin.SignInTest@3ffcd140]" name="validateSignInPageBreadcrumbText_SIP" class="com.a3hp.automationpracticee.framework.test.createaccountandlogin.SignInTest"/>
        <method signature="SignInTest.validateSignInPage_PageHeading_SIP()[pri:0, instance:com.a3hp.automationpracticee.framework.test.createaccountandlogin.SignInTest@3ffcd140]" name="validateSignInPage_PageHeading_SIP" class="com.a3hp.automationpracticee.framework.test.createaccountandlogin.SignInTest"/>
        <method signature="SignInTest.validateSignInPage_SignInSectionHeading_SIP()[pri:1, instance:com.a3hp.automationpracticee.framework.test.createaccountandlogin.SignInTest@3ffcd140]" name="validateSignInPage_SignInSectionHeading_SIP" class="com.a3hp.automationpracticee.framework.test.createaccountandlogin.SignInTest"/>
      </group> <!-- SignInpage_txt -->
    </groups>
    <test name="CHTest1-SignInTest" duration-ms="315928" started-at="2018-10-29T15:13:59Z" finished-at="2018-10-29T15:19:15Z">
      <class name="com.a3hp.automationpracticee.framework.test.createaccountandlogin.SignInTest">
        <test-method status="PASS" signature="BeforeMethodTB(java.lang.reflect.Method, java.lang.String)[pri:0, instance:com.a3hp.automationpracticee.framework.test.createaccountandlogin.SignInTest@74294adb]" name="BeforeMethodTB" is-config="true" duration-ms="3" started-at="2018-10-29T15:13:59Z" finished-at="2018-10-29T15:13:59Z">
          <params>
            <param index="0">
              <value>
                <![CDATA[public void com.a3hp.automationpracticee.framework.test.createaccountandlogin.SignInTest.validateSignInPage_PageHeading_SIP() throws java.lang.Exception]]>
              </value>
            </param>
            <param index="1">
              <value>
                <![CDATA[CH]]>
              </value>
            </param>
          </params>
          <reporter-output>
          </reporter-output>
        </test-method> <!-- BeforeMethodTB -->
        <test-method status="PASS" signature="getBrowser(java.lang.String, java.lang.String, java.lang.String)[pri:0, instance:com.a3hp.automationpracticee.framework.test.createaccountandlogin.SignInTest@74294adb]" name="getBrowser" is-config="true" duration-ms="16834" started-at="2018-10-29T15:13:59Z" finished-at="2018-10-29T15:14:16Z">
          <params>
            <param index="0">
              <value>
                <![CDATA[CH]]>
              </value>
            </param>
            <param index="1">
              <value>
                <![CDATA[http://automationpractice.com/index.php]]>
              </value>
            </param>
            <param index="2">
              <value>
                <![CDATA[WINDOWS]]>
              </value>
            </param>
          </params>
          <reporter-output>
          </reporter-output>
        </test-method> <!-- getBrowser -->
        <test-method status="PASS" signature="validateSignInPage_PageHeading_SIP()[pri:0, instance:com.a3hp.automationpracticee.framework.test.createaccountandlogin.SignInTest@74294adb]" name="validateSignInPage_PageHeading_SIP" duration-ms="74031" started-at="2018-10-29T15:14:16Z" finished-at="2018-10-29T15:15:30Z">
          <reporter-output>
          </reporter-output>
        </test-method> <!-- validateSignInPage_PageHeading_SIP -->
        <test-method status="PASS" signature="publishReport_SIP(org.testng.ITestResult)[pri:0, instance:com.a3hp.automationpracticee.framework.test.createaccountandlogin.SignInTest@74294adb]" name="publishReport_SIP" is-config="true" duration-ms="3266" started-at="2018-10-29T15:15:30Z" finished-at="2018-10-29T15:15:33Z">
          <params>
            <param index="0">
              <value>
                <![CDATA[[TestResult name=validateSignInPage_PageHeading_SIP status=SUCCESS method=SignInTest.validateSignInPage_PageHeading_SIP()[pri:0, instance:com.a3hp.automationpracticee.framework.test.createaccountandlogin.SignInTest@74294adb] output={null}]]]>
              </value>
            </param>
          </params>
          <reporter-output>
          </reporter-output>
        </test-method> <!-- publishReport_SIP -->
        <test-method status="PASS" signature="getBrowser(java.lang.String, java.lang.String, java.lang.String)[pri:0, instance:com.a3hp.automationpracticee.framework.test.createaccountandlogin.SignInTest@74294adb]" name="getBrowser" is-config="true" duration-ms="55540" started-at="2018-10-29T15:15:33Z" finished-at="2018-10-29T15:16:29Z">
          <params>
            <param index="0">
              <value>
                <![CDATA[CH]]>
              </value>
            </param>
            <param index="1">
              <value>
                <![CDATA[http://automationpractice.com/index.php]]>
              </value>
            </param>
            <param index="2">
              <value>
                <![CDATA[WINDOWS]]>
              </value>
            </param>
          </params>
          <reporter-output>
          </reporter-output>
        </test-method> <!-- getBrowser -->
        <test-method status="PASS" signature="BeforeMethodTB(java.lang.reflect.Method, java.lang.String)[pri:0, instance:com.a3hp.automationpracticee.framework.test.createaccountandlogin.SignInTest@74294adb]" name="BeforeMethodTB" is-config="true" duration-ms="0" started-at="2018-10-29T15:15:33Z" finished-at="2018-10-29T15:15:33Z">
          <params>
            <param index="0">
              <value>
                <![CDATA[public void com.a3hp.automationpracticee.framework.test.createaccountandlogin.SignInTest.validateSignInPage_SignInSectionHeading_SIP() throws java.lang.Exception]]>
              </value>
            </param>
            <param index="1">
              <value>
                <![CDATA[CH]]>
              </value>
            </param>
          </params>
          <reporter-output>
          </reporter-output>
        </test-method> <!-- BeforeMethodTB -->
        <test-method status="PASS" signature="validateSignInPage_SignInSectionHeading_SIP()[pri:1, instance:com.a3hp.automationpracticee.framework.test.createaccountandlogin.SignInTest@74294adb]" name="validateSignInPage_SignInSectionHeading_SIP" duration-ms="834" started-at="2018-10-29T15:16:29Z" finished-at="2018-10-29T15:16:30Z">
          <reporter-output>
          </reporter-output>
        </test-method> <!-- validateSignInPage_SignInSectionHeading_SIP -->
        <test-method status="PASS" signature="publishReport_SIP(org.testng.ITestResult)[pri:0, instance:com.a3hp.automationpracticee.framework.test.createaccountandlogin.SignInTest@74294adb]" name="publishReport_SIP" is-config="true" duration-ms="1318" started-at="2018-10-29T15:16:30Z" finished-at="2018-10-29T15:16:31Z">
          <params>
            <param index="0">
              <value>
                <![CDATA[[TestResult name=validateSignInPage_SignInSectionHeading_SIP status=SUCCESS method=SignInTest.validateSignInPage_SignInSectionHeading_SIP()[pri:1, instance:com.a3hp.automationpracticee.framework.test.createaccountandlogin.SignInTest@74294adb] output={null}]]]>
              </value>
            </param>
          </params>
          <reporter-output>
          </reporter-output>
        </test-method> <!-- publishReport_SIP -->
        <test-method status="PASS" signature="BeforeMethodTB(java.lang.reflect.Method, java.lang.String)[pri:0, instance:com.a3hp.automationpracticee.framework.test.createaccountandlogin.SignInTest@74294adb]" name="BeforeMethodTB" is-config="true" duration-ms="0" started-at="2018-10-29T15:16:31Z" finished-at="2018-10-29T15:16:31Z">
          <params>
            <param index="0">
              <value>
                <![CDATA[public void com.a3hp.automationpracticee.framework.test.createaccountandlogin.SignInTest.validateSignInPageBreadcrumbText_SIP() throws java.lang.Exception]]>
              </value>
            </param>
            <param index="1">
              <value>
                <![CDATA[CH]]>
              </value>
            </param>
          </params>
          <reporter-output>
          </reporter-output>
        </test-method> <!-- BeforeMethodTB -->
        <test-method status="PASS" signature="getBrowser(java.lang.String, java.lang.String, java.lang.String)[pri:0, instance:com.a3hp.automationpracticee.framework.test.createaccountandlogin.SignInTest@74294adb]" name="getBrowser" is-config="true" duration-ms="47953" started-at="2018-10-29T15:16:31Z" finished-at="2018-10-29T15:17:19Z">
          <params>
            <param index="0">
              <value>
                <![CDATA[CH]]>
              </value>
            </param>
            <param index="1">
              <value>
                <![CDATA[http://automationpractice.com/index.php]]>
              </value>
            </param>
            <param index="2">
              <value>
                <![CDATA[WINDOWS]]>
              </value>
            </param>
          </params>
          <reporter-output>
          </reporter-output>
        </test-method> <!-- getBrowser -->
        <test-method status="PASS" signature="validateSignInPageBreadcrumbText_SIP()[pri:2, instance:com.a3hp.automationpracticee.framework.test.createaccountandlogin.SignInTest@74294adb]" name="validateSignInPageBreadcrumbText_SIP" duration-ms="887" started-at="2018-10-29T15:17:19Z" finished-at="2018-10-29T15:17:20Z">
          <reporter-output>
          </reporter-output>
        </test-method> <!-- validateSignInPageBreadcrumbText_SIP -->
        <test-method status="PASS" signature="publishReport_SIP(org.testng.ITestResult)[pri:0, instance:com.a3hp.automationpracticee.framework.test.createaccountandlogin.SignInTest@74294adb]" name="publishReport_SIP" is-config="true" duration-ms="1222" started-at="2018-10-29T15:17:20Z" finished-at="2018-10-29T15:17:21Z">
          <params>
            <param index="0">
              <value>
                <![CDATA[[TestResult name=validateSignInPageBreadcrumbText_SIP status=SUCCESS method=SignInTest.validateSignInPageBreadcrumbText_SIP()[pri:2, instance:com.a3hp.automationpracticee.framework.test.createaccountandlogin.SignInTest@74294adb] output={null}]]]>
              </value>
            </param>
          </params>
          <reporter-output>
          </reporter-output>
        </test-method> <!-- publishReport_SIP -->
        <test-method status="PASS" signature="BeforeMethodTB(java.lang.reflect.Method, java.lang.String)[pri:0, instance:com.a3hp.automationpracticee.framework.test.createaccountandlogin.SignInTest@74294adb]" name="BeforeMethodTB" is-config="true" duration-ms="0" started-at="2018-10-29T15:17:21Z" finished-at="2018-10-29T15:17:21Z">
          <params>
            <param index="0">
              <value>
                <![CDATA[public void com.a3hp.automationpracticee.framework.test.createaccountandlogin.SignInTest.validateRegistrationSectionHeading_SignInPage_SIP() throws java.lang.Exception]]>
              </value>
            </param>
            <param index="1">
              <value>
                <![CDATA[CH]]>
              </value>
            </param>
          </params>
          <reporter-output>
          </reporter-output>
        </test-method> <!-- BeforeMethodTB -->
        <test-method status="PASS" signature="getBrowser(java.lang.String, java.lang.String, java.lang.String)[pri:0, instance:com.a3hp.automationpracticee.framework.test.createaccountandlogin.SignInTest@74294adb]" name="getBrowser" is-config="true" duration-ms="56920" started-at="2018-10-29T15:17:21Z" finished-at="2018-10-29T15:18:18Z">
          <params>
            <param index="0">
              <value>
                <![CDATA[CH]]>
              </value>
            </param>
            <param index="1">
              <value>
                <![CDATA[http://automationpractice.com/index.php]]>
              </value>
            </param>
            <param index="2">
              <value>
                <![CDATA[WINDOWS]]>
              </value>
            </param>
          </params>
          <reporter-output>
          </reporter-output>
        </test-method> <!-- getBrowser -->
        <test-method status="PASS" signature="validateRegistrationSectionHeading_SignInPage_SIP()[pri:3, instance:com.a3hp.automationpracticee.framework.test.createaccountandlogin.SignInTest@74294adb]" name="validateRegistrationSectionHeading_SignInPage_SIP" duration-ms="833" started-at="2018-10-29T15:18:18Z" finished-at="2018-10-29T15:18:19Z">
          <reporter-output>
          </reporter-output>
        </test-method> <!-- validateRegistrationSectionHeading_SignInPage_SIP -->
        <test-method status="PASS" signature="publishReport_SIP(org.testng.ITestResult)[pri:0, instance:com.a3hp.automationpracticee.framework.test.createaccountandlogin.SignInTest@74294adb]" name="publishReport_SIP" is-config="true" duration-ms="1195" started-at="2018-10-29T15:18:19Z" finished-at="2018-10-29T15:18:20Z">
          <params>
            <param index="0">
              <value>
                <![CDATA[[TestResult name=validateRegistrationSectionHeading_SignInPage_SIP status=SUCCESS method=SignInTest.validateRegistrationSectionHeading_SignInPage_SIP()[pri:3, instance:com.a3hp.automationpracticee.framework.test.createaccountandlogin.SignInTest@74294adb] output={null}]]]>
              </value>
            </param>
          </params>
          <reporter-output>
          </reporter-output>
        </test-method> <!-- publishReport_SIP -->
        <test-method status="PASS" signature="BeforeMethodTB(java.lang.reflect.Method, java.lang.String)[pri:0, instance:com.a3hp.automationpracticee.framework.test.createaccountandlogin.SignInTest@74294adb]" name="BeforeMethodTB" is-config="true" duration-ms="1" started-at="2018-10-29T15:18:20Z" finished-at="2018-10-29T15:18:20Z">
          <params>
            <param index="0">
              <value>
                <![CDATA[public void com.a3hp.automationpracticee.framework.test.createaccountandlogin.SignInTest.validateLoginProcess_SIP() throws java.lang.Exception]]>
              </value>
            </param>
            <param index="1">
              <value>
                <![CDATA[CH]]>
              </value>
            </param>
          </params>
          <reporter-output>
          </reporter-output>
        </test-method> <!-- BeforeMethodTB -->
        <test-method status="PASS" signature="getBrowser(java.lang.String, java.lang.String, java.lang.String)[pri:0, instance:com.a3hp.automationpracticee.framework.test.createaccountandlogin.SignInTest@74294adb]" name="getBrowser" is-config="true" duration-ms="50611" started-at="2018-10-29T15:18:20Z" finished-at="2018-10-29T15:19:11Z">
          <params>
            <param index="0">
              <value>
                <![CDATA[CH]]>
              </value>
            </param>
            <param index="1">
              <value>
                <![CDATA[http://automationpractice.com/index.php]]>
              </value>
            </param>
            <param index="2">
              <value>
                <![CDATA[WINDOWS]]>
              </value>
            </param>
          </params>
          <reporter-output>
          </reporter-output>
        </test-method> <!-- getBrowser -->
        <test-method status="PASS" signature="validateLoginProcess_SIP()[pri:4, instance:com.a3hp.automationpracticee.framework.test.createaccountandlogin.SignInTest@74294adb]" name="validateLoginProcess_SIP" duration-ms="3208" started-at="2018-10-29T15:19:11Z" finished-at="2018-10-29T15:19:14Z">
          <reporter-output>
          </reporter-output>
        </test-method> <!-- validateLoginProcess_SIP -->
        <test-method status="PASS" signature="publishReport_SIP(org.testng.ITestResult)[pri:0, instance:com.a3hp.automationpracticee.framework.test.createaccountandlogin.SignInTest@74294adb]" name="publishReport_SIP" is-config="true" duration-ms="1246" started-at="2018-10-29T15:19:14Z" finished-at="2018-10-29T15:19:15Z">
          <params>
            <param index="0">
              <value>
                <![CDATA[[TestResult name=validateLoginProcess_SIP status=SUCCESS method=SignInTest.validateLoginProcess_SIP()[pri:4, instance:com.a3hp.automationpracticee.framework.test.createaccountandlogin.SignInTest@74294adb] output={null}]]]>
              </value>
            </param>
          </params>
          <reporter-output>
          </reporter-output>
        </test-method> <!-- publishReport_SIP -->
      </class> <!-- com.a3hp.automationpracticee.framework.test.createaccountandlogin.SignInTest -->
    </test> <!-- CHTest1-SignInTest -->
    <test name="CHTest2-HomepageTest" duration-ms="878309" started-at="2018-10-29T15:19:15Z" finished-at="2018-10-29T15:33:53Z">
      <class name="com.a3hp.automationpracticee.framework.test.homepage.HomepageTest">
        <test-method status="PASS" signature="BeforeMethodTB(java.lang.reflect.Method, java.lang.String)[pri:0, instance:com.a3hp.automationpracticee.framework.test.homepage.HomepageTest@4df828d7]" name="BeforeMethodTB" is-config="true" duration-ms="1" started-at="2018-10-29T15:19:15Z" finished-at="2018-10-29T15:19:15Z">
          <params>
            <param index="0">
              <value>
                <![CDATA[public void com.a3hp.automationpracticee.framework.test.homepage.HomepageTest.validateHeaderSignInLink_HP() throws java.lang.Exception]]>
              </value>
            </param>
            <param index="1">
              <value>
                <![CDATA[CH]]>
              </value>
            </param>
          </params>
          <reporter-output>
          </reporter-output>
        </test-method> <!-- BeforeMethodTB -->
        <test-method status="PASS" signature="getBrowser(java.lang.String, java.lang.String, java.lang.String)[pri:0, instance:com.a3hp.automationpracticee.framework.test.homepage.HomepageTest@4df828d7]" name="getBrowser" is-config="true" duration-ms="38103" started-at="2018-10-29T15:19:15Z" finished-at="2018-10-29T15:19:53Z">
          <params>
            <param index="0">
              <value>
                <![CDATA[CH]]>
              </value>
            </param>
            <param index="1">
              <value>
                <![CDATA[http://automationpractice.com/index.php]]>
              </value>
            </param>
            <param index="2">
              <value>
                <![CDATA[WINDOWS]]>
              </value>
            </param>
          </params>
          <reporter-output>
          </reporter-output>
        </test-method> <!-- getBrowser -->
        <test-method status="PASS" signature="validateHeaderSignInLink_HP()[pri:0, instance:com.a3hp.automationpracticee.framework.test.homepage.HomepageTest@4df828d7]" name="validateHeaderSignInLink_HP" duration-ms="29160" started-at="2018-10-29T15:19:53Z" finished-at="2018-10-29T15:20:22Z">
          <reporter-output>
          </reporter-output>
        </test-method> <!-- validateHeaderSignInLink_HP -->
        <test-method status="PASS" signature="publishReport_HP(org.testng.ITestResult)[pri:0, instance:com.a3hp.automationpracticee.framework.test.homepage.HomepageTest@4df828d7]" name="publishReport_HP" is-config="true" duration-ms="1195" started-at="2018-10-29T15:20:22Z" finished-at="2018-10-29T15:20:24Z">
          <params>
            <param index="0">
              <value>
                <![CDATA[[TestResult name=validateHeaderSignInLink_HP status=SUCCESS method=HomepageTest.validateHeaderSignInLink_HP()[pri:0, instance:com.a3hp.automationpracticee.framework.test.homepage.HomepageTest@4df828d7] output={null}]]]>
              </value>
            </param>
          </params>
          <reporter-output>
          </reporter-output>
        </test-method> <!-- publishReport_HP -->
        <test-method status="PASS" signature="BeforeMethodTB(java.lang.reflect.Method, java.lang.String)[pri:0, instance:com.a3hp.automationpracticee.framework.test.homepage.HomepageTest@4df828d7]" name="BeforeMethodTB" is-config="true" duration-ms="1" started-at="2018-10-29T15:20:24Z" finished-at="2018-10-29T15:20:24Z">
          <params>
            <param index="0">
              <value>
                <![CDATA[public void com.a3hp.automationpracticee.framework.test.homepage.HomepageTest.validateGetSavingNowButton_HP() throws java.lang.Exception]]>
              </value>
            </param>
            <param index="1">
              <value>
                <![CDATA[CH]]>
              </value>
            </param>
          </params>
          <reporter-output>
          </reporter-output>
        </test-method> <!-- BeforeMethodTB -->
        <test-method status="PASS" signature="getBrowser(java.lang.String, java.lang.String, java.lang.String)[pri:0, instance:com.a3hp.automationpracticee.framework.test.homepage.HomepageTest@4df828d7]" name="getBrowser" is-config="true" duration-ms="71120" started-at="2018-10-29T15:20:24Z" finished-at="2018-10-29T15:21:35Z">
          <params>
            <param index="0">
              <value>
                <![CDATA[CH]]>
              </value>
            </param>
            <param index="1">
              <value>
                <![CDATA[http://automationpractice.com/index.php]]>
              </value>
            </param>
            <param index="2">
              <value>
                <![CDATA[WINDOWS]]>
              </value>
            </param>
          </params>
          <reporter-output>
          </reporter-output>
        </test-method> <!-- getBrowser -->
        <test-method status="PASS" signature="validateGetSavingNowButton_HP()[pri:1, instance:com.a3hp.automationpracticee.framework.test.homepage.HomepageTest@4df828d7]" name="validateGetSavingNowButton_HP" duration-ms="57714" started-at="2018-10-29T15:21:35Z" finished-at="2018-10-29T15:22:32Z">
          <reporter-output>
          </reporter-output>
        </test-method> <!-- validateGetSavingNowButton_HP -->
        <test-method status="PASS" signature="publishReport_HP(org.testng.ITestResult)[pri:0, instance:com.a3hp.automationpracticee.framework.test.homepage.HomepageTest@4df828d7]" name="publishReport_HP" is-config="true" duration-ms="1570" started-at="2018-10-29T15:22:32Z" finished-at="2018-10-29T15:22:34Z">
          <params>
            <param index="0">
              <value>
                <![CDATA[[TestResult name=validateGetSavingNowButton_HP status=SUCCESS method=HomepageTest.validateGetSavingNowButton_HP()[pri:1, instance:com.a3hp.automationpracticee.framework.test.homepage.HomepageTest@4df828d7] output={null}]]]>
              </value>
            </param>
          </params>
          <reporter-output>
          </reporter-output>
        </test-method> <!-- publishReport_HP -->
        <test-method status="PASS" signature="getBrowser(java.lang.String, java.lang.String, java.lang.String)[pri:0, instance:com.a3hp.automationpracticee.framework.test.homepage.HomepageTest@4df828d7]" name="getBrowser" is-config="true" duration-ms="47066" started-at="2018-10-29T15:22:34Z" finished-at="2018-10-29T15:23:21Z">
          <params>
            <param index="0">
              <value>
                <![CDATA[CH]]>
              </value>
            </param>
            <param index="1">
              <value>
                <![CDATA[http://automationpractice.com/index.php]]>
              </value>
            </param>
            <param index="2">
              <value>
                <![CDATA[WINDOWS]]>
              </value>
            </param>
          </params>
          <reporter-output>
          </reporter-output>
        </test-method> <!-- getBrowser -->
        <test-method status="PASS" signature="BeforeMethodTB(java.lang.reflect.Method, java.lang.String)[pri:0, instance:com.a3hp.automationpracticee.framework.test.homepage.HomepageTest@4df828d7]" name="BeforeMethodTB" is-config="true" duration-ms="0" started-at="2018-10-29T15:22:34Z" finished-at="2018-10-29T15:22:34Z">
          <params>
            <param index="0">
              <value>
                <![CDATA[public void com.a3hp.automationpracticee.framework.test.homepage.HomepageTest.validateSearchField_HP() throws java.lang.Exception]]>
              </value>
            </param>
            <param index="1">
              <value>
                <![CDATA[CH]]>
              </value>
            </param>
          </params>
          <reporter-output>
          </reporter-output>
        </test-method> <!-- BeforeMethodTB -->
        <test-method status="PASS" signature="validateSearchField_HP()[pri:2, instance:com.a3hp.automationpracticee.framework.test.homepage.HomepageTest@4df828d7]" name="validateSearchField_HP" duration-ms="8313" started-at="2018-10-29T15:23:21Z" finished-at="2018-10-29T15:23:29Z">
          <reporter-output>
          </reporter-output>
        </test-method> <!-- validateSearchField_HP -->
        <test-method status="PASS" signature="publishReport_HP(org.testng.ITestResult)[pri:0, instance:com.a3hp.automationpracticee.framework.test.homepage.HomepageTest@4df828d7]" name="publishReport_HP" is-config="true" duration-ms="1383" started-at="2018-10-29T15:23:29Z" finished-at="2018-10-29T15:23:31Z">
          <params>
            <param index="0">
              <value>
                <![CDATA[[TestResult name=validateSearchField_HP status=SUCCESS method=HomepageTest.validateSearchField_HP()[pri:2, instance:com.a3hp.automationpracticee.framework.test.homepage.HomepageTest@4df828d7] output={null}]]]>
              </value>
            </param>
          </params>
          <reporter-output>
          </reporter-output>
        </test-method> <!-- publishReport_HP -->
        <test-method status="PASS" signature="BeforeMethodTB(java.lang.reflect.Method, java.lang.String)[pri:0, instance:com.a3hp.automationpracticee.framework.test.homepage.HomepageTest@4df828d7]" name="BeforeMethodTB" is-config="true" duration-ms="0" started-at="2018-10-29T15:23:31Z" finished-at="2018-10-29T15:23:31Z">
          <params>
            <param index="0">
              <value>
                <![CDATA[public void com.a3hp.automationpracticee.framework.test.homepage.HomepageTest.validateHomepageSlider1_HP() throws java.lang.Exception]]>
              </value>
            </param>
            <param index="1">
              <value>
                <![CDATA[CH]]>
              </value>
            </param>
          </params>
          <reporter-output>
          </reporter-output>
        </test-method> <!-- BeforeMethodTB -->
        <test-method status="PASS" signature="getBrowser(java.lang.String, java.lang.String, java.lang.String)[pri:0, instance:com.a3hp.automationpracticee.framework.test.homepage.HomepageTest@4df828d7]" name="getBrowser" is-config="true" duration-ms="71921" started-at="2018-10-29T15:23:31Z" finished-at="2018-10-29T15:24:43Z">
          <params>
            <param index="0">
              <value>
                <![CDATA[CH]]>
              </value>
            </param>
            <param index="1">
              <value>
                <![CDATA[http://automationpractice.com/index.php]]>
              </value>
            </param>
            <param index="2">
              <value>
                <![CDATA[WINDOWS]]>
              </value>
            </param>
          </params>
          <reporter-output>
          </reporter-output>
        </test-method> <!-- getBrowser -->
        <test-method status="FAIL" signature="validateHomepageSlider1_HP()[pri:3, instance:com.a3hp.automationpracticee.framework.test.homepage.HomepageTest@4df828d7]" name="validateHomepageSlider1_HP" duration-ms="27330" started-at="2018-10-29T15:24:43Z" finished-at="2018-10-29T15:25:10Z">
          <exception class="java.lang.AssertionError">
            <message>
              <![CDATA[expected [https://www.prestashop.com/en?utm_source=v16_homeslider] but found [http://www.prestashop.com/?utm_source=v16_homeslider]]]>
            </message>
            <full-stacktrace>
              <![CDATA[java.lang.AssertionError: expected [https://www.prestashop.com/en?utm_source=v16_homeslider] but found [http://www.prestashop.com/?utm_source=v16_homeslider]
at org.testng.Assert.fail(Assert.java:96)
at org.testng.Assert.failNotEquals(Assert.java:776)
at org.testng.Assert.assertEqualsImpl(Assert.java:137)
at org.testng.Assert.assertEquals(Assert.java:118)
at org.testng.Assert.assertEquals(Assert.java:453)
at org.testng.Assert.assertEquals(Assert.java:463)
at com.a3hp.automationpracticee.framework.test.homepage.HomepageTest.validateHomepageSlider1_HP(HomepageTest.java:158)
at sun.reflect.NativeMethodAccessorImpl.invoke0(Native Method)
at sun.reflect.NativeMethodAccessorImpl.invoke(NativeMethodAccessorImpl.java:62)
at sun.reflect.DelegatingMethodAccessorImpl.invoke(DelegatingMethodAccessorImpl.java:43)
at java.lang.reflect.Method.invoke(Method.java:498)
at org.testng.internal.MethodInvocationHelper.invokeMethod(MethodInvocationHelper.java:124)
at org.testng.internal.Invoker.invokeMethod(Invoker.java:583)
at org.testng.internal.Invoker.invokeTestMethod(Invoker.java:719)
at org.testng.internal.Invoker.invokeTestMethods(Invoker.java:989)
at org.testng.internal.TestMethodWorker.invokeTestMethods(TestMethodWorker.java:125)
at org.testng.internal.TestMethodWorker.run(TestMethodWorker.java:109)
at org.testng.TestRunner.privateRun(TestRunner.java:648)
at org.testng.TestRunner.run(TestRunner.java:505)
at org.testng.SuiteRunner.runTest(SuiteRunner.java:455)
at org.testng.SuiteRunner.access$000(SuiteRunner.java:40)
at org.testng.SuiteRunner$SuiteWorker.run(SuiteRunner.java:489)
at org.testng.internal.thread.ThreadUtil$1.call(ThreadUtil.java:52)
at java.util.concurrent.FutureTask.run(FutureTask.java:266)
at java.util.concurrent.ThreadPoolExecutor.runWorker(ThreadPoolExecutor.java:1142)
at java.util.concurrent.ThreadPoolExecutor$Worker.run(ThreadPoolExecutor.java:617)
at java.lang.Thread.run(Thread.java:748)
]]>
            </full-stacktrace>
          </exception> <!-- java.lang.AssertionError -->
          <reporter-output>
          </reporter-output>
        </test-method> <!-- validateHomepageSlider1_HP -->
        <test-method status="PASS" signature="publishReport_HP(org.testng.ITestResult)[pri:0, instance:com.a3hp.automationpracticee.framework.test.homepage.HomepageTest@4df828d7]" name="publishReport_HP" is-config="true" duration-ms="1165" started-at="2018-10-29T15:25:10Z" finished-at="2018-10-29T15:25:11Z">
          <params>
            <param index="0">
              <value>
                <![CDATA[[TestResult name=validateHomepageSlider1_HP status=FAILURE method=HomepageTest.validateHomepageSlider1_HP()[pri:3, instance:com.a3hp.automationpracticee.framework.test.homepage.HomepageTest@4df828d7] output={null}]]]>
              </value>
            </param>
          </params>
          <reporter-output>
          </reporter-output>
        </test-method> <!-- publishReport_HP -->
        <test-method status="PASS" signature="getBrowser(java.lang.String, java.lang.String, java.lang.String)[pri:0, instance:com.a3hp.automationpracticee.framework.test.homepage.HomepageTest@4df828d7]" name="getBrowser" is-config="true" duration-ms="84277" started-at="2018-10-29T15:25:11Z" finished-at="2018-10-29T15:26:35Z">
          <params>
            <param index="0">
              <value>
                <![CDATA[CH]]>
              </value>
            </param>
            <param index="1">
              <value>
                <![CDATA[http://automationpractice.com/index.php]]>
              </value>
            </param>
            <param index="2">
              <value>
                <![CDATA[WINDOWS]]>
              </value>
            </param>
          </params>
          <reporter-output>
          </reporter-output>
        </test-method> <!-- getBrowser -->
        <test-method status="PASS" signature="BeforeMethodTB(java.lang.reflect.Method, java.lang.String)[pri:0, instance:com.a3hp.automationpracticee.framework.test.homepage.HomepageTest@4df828d7]" name="BeforeMethodTB" is-config="true" duration-ms="0" started-at="2018-10-29T15:25:11Z" finished-at="2018-10-29T15:25:11Z">
          <params>
            <param index="0">
              <value>
                <![CDATA[public void com.a3hp.automationpracticee.framework.test.homepage.HomepageTest.validateHomepageSlider2_HP() throws java.lang.Exception]]>
              </value>
            </param>
            <param index="1">
              <value>
                <![CDATA[CH]]>
              </value>
            </param>
          </params>
          <reporter-output>
          </reporter-output>
        </test-method> <!-- BeforeMethodTB -->
        <test-method status="FAIL" signature="validateHomepageSlider2_HP()[pri:4, instance:com.a3hp.automationpracticee.framework.test.homepage.HomepageTest@4df828d7]" name="validateHomepageSlider2_HP" duration-ms="26518" started-at="2018-10-29T15:26:35Z" finished-at="2018-10-29T15:27:02Z">
          <exception class="java.lang.AssertionError">
            <message>
              <![CDATA[expected [https://www.prestashop.com/en?utm_source=v16_homeslider] but found [http://www.prestashop.com/?utm_source=v16_homeslider]]]>
            </message>
            <full-stacktrace>
              <![CDATA[java.lang.AssertionError: expected [https://www.prestashop.com/en?utm_source=v16_homeslider] but found [http://www.prestashop.com/?utm_source=v16_homeslider]
at org.testng.Assert.fail(Assert.java:96)
at org.testng.Assert.failNotEquals(Assert.java:776)
at org.testng.Assert.assertEqualsImpl(Assert.java:137)
at org.testng.Assert.assertEquals(Assert.java:118)
at org.testng.Assert.assertEquals(Assert.java:453)
at org.testng.Assert.assertEquals(Assert.java:463)
at com.a3hp.automationpracticee.framework.test.homepage.HomepageTest.validateHomepageSlider2_HP(HomepageTest.java:174)
at sun.reflect.NativeMethodAccessorImpl.invoke0(Native Method)
at sun.reflect.NativeMethodAccessorImpl.invoke(NativeMethodAccessorImpl.java:62)
at sun.reflect.DelegatingMethodAccessorImpl.invoke(DelegatingMethodAccessorImpl.java:43)
at java.lang.reflect.Method.invoke(Method.java:498)
at org.testng.internal.MethodInvocationHelper.invokeMethod(MethodInvocationHelper.java:124)
at org.testng.internal.Invoker.invokeMethod(Invoker.java:583)
at org.testng.internal.Invoker.invokeTestMethod(Invoker.java:719)
at org.testng.internal.Invoker.invokeTestMethods(Invoker.java:989)
at org.testng.internal.TestMethodWorker.invokeTestMethods(TestMethodWorker.java:125)
at org.testng.internal.TestMethodWorker.run(TestMethodWorker.java:109)
at org.testng.TestRunner.privateRun(TestRunner.java:648)
at org.testng.TestRunner.run(TestRunner.java:505)
at org.testng.SuiteRunner.runTest(SuiteRunner.java:455)
at org.testng.SuiteRunner.access$000(SuiteRunner.java:40)
at org.testng.SuiteRunner$SuiteWorker.run(SuiteRunner.java:489)
at org.testng.internal.thread.ThreadUtil$1.call(ThreadUtil.java:52)
at java.util.concurrent.FutureTask.run(FutureTask.java:266)
at java.util.concurrent.ThreadPoolExecutor.runWorker(ThreadPoolExecutor.java:1142)
at java.util.concurrent.ThreadPoolExecutor$Worker.run(ThreadPoolExecutor.java:617)
at java.lang.Thread.run(Thread.java:748)
]]>
            </full-stacktrace>
          </exception> <!-- java.lang.AssertionError -->
          <reporter-output>
          </reporter-output>
        </test-method> <!-- validateHomepageSlider2_HP -->
        <test-method status="PASS" signature="publishReport_HP(org.testng.ITestResult)[pri:0, instance:com.a3hp.automationpracticee.framework.test.homepage.HomepageTest@4df828d7]" name="publishReport_HP" is-config="true" duration-ms="1255" started-at="2018-10-29T15:27:02Z" finished-at="2018-10-29T15:27:03Z">
          <params>
            <param index="0">
              <value>
                <![CDATA[[TestResult name=validateHomepageSlider2_HP status=FAILURE method=HomepageTest.validateHomepageSlider2_HP()[pri:4, instance:com.a3hp.automationpracticee.framework.test.homepage.HomepageTest@4df828d7] output={null}]]]>
              </value>
            </param>
          </params>
          <reporter-output>
          </reporter-output>
        </test-method> <!-- publishReport_HP -->
        <test-method status="PASS" signature="BeforeMethodTB(java.lang.reflect.Method, java.lang.String)[pri:0, instance:com.a3hp.automationpracticee.framework.test.homepage.HomepageTest@4df828d7]" name="BeforeMethodTB" is-config="true" duration-ms="1" started-at="2018-10-29T15:27:03Z" finished-at="2018-10-29T15:27:03Z">
          <params>
            <param index="0">
              <value>
                <![CDATA[public void com.a3hp.automationpracticee.framework.test.homepage.HomepageTest.validateHomepageSlider3_HP() throws java.lang.Exception]]>
              </value>
            </param>
            <param index="1">
              <value>
                <![CDATA[CH]]>
              </value>
            </param>
          </params>
          <reporter-output>
          </reporter-output>
        </test-method> <!-- BeforeMethodTB -->
        <test-method status="PASS" signature="getBrowser(java.lang.String, java.lang.String, java.lang.String)[pri:0, instance:com.a3hp.automationpracticee.framework.test.homepage.HomepageTest@4df828d7]" name="getBrowser" is-config="true" duration-ms="73612" started-at="2018-10-29T15:27:03Z" finished-at="2018-10-29T15:28:17Z">
          <params>
            <param index="0">
              <value>
                <![CDATA[CH]]>
              </value>
            </param>
            <param index="1">
              <value>
                <![CDATA[http://automationpractice.com/index.php]]>
              </value>
            </param>
            <param index="2">
              <value>
                <![CDATA[WINDOWS]]>
              </value>
            </param>
          </params>
          <reporter-output>
          </reporter-output>
        </test-method> <!-- getBrowser -->
        <test-method status="FAIL" signature="validateHomepageSlider3_HP()[pri:5, instance:com.a3hp.automationpracticee.framework.test.homepage.HomepageTest@4df828d7]" name="validateHomepageSlider3_HP" duration-ms="30351" started-at="2018-10-29T15:28:17Z" finished-at="2018-10-29T15:28:47Z">
          <exception class="java.lang.AssertionError">
            <message>
              <![CDATA[expected [https://www.prestashop.com/en?utm_source=v16_homeslider] but found [http://www.prestashop.com/?utm_source=v16_homeslider]]]>
            </message>
            <full-stacktrace>
              <![CDATA[java.lang.AssertionError: expected [https://www.prestashop.com/en?utm_source=v16_homeslider] but found [http://www.prestashop.com/?utm_source=v16_homeslider]
at org.testng.Assert.fail(Assert.java:96)
at org.testng.Assert.failNotEquals(Assert.java:776)
at org.testng.Assert.assertEqualsImpl(Assert.java:137)
at org.testng.Assert.assertEquals(Assert.java:118)
at org.testng.Assert.assertEquals(Assert.java:453)
at org.testng.Assert.assertEquals(Assert.java:463)
at com.a3hp.automationpracticee.framework.test.homepage.HomepageTest.validateHomepageSlider3_HP(HomepageTest.java:186)
at sun.reflect.NativeMethodAccessorImpl.invoke0(Native Method)
at sun.reflect.NativeMethodAccessorImpl.invoke(NativeMethodAccessorImpl.java:62)
at sun.reflect.DelegatingMethodAccessorImpl.invoke(DelegatingMethodAccessorImpl.java:43)
at java.lang.reflect.Method.invoke(Method.java:498)
at org.testng.internal.MethodInvocationHelper.invokeMethod(MethodInvocationHelper.java:124)
at org.testng.internal.Invoker.invokeMethod(Invoker.java:583)
at org.testng.internal.Invoker.invokeTestMethod(Invoker.java:719)
at org.testng.internal.Invoker.invokeTestMethods(Invoker.java:989)
at org.testng.internal.TestMethodWorker.invokeTestMethods(TestMethodWorker.java:125)
at org.testng.internal.TestMethodWorker.run(TestMethodWorker.java:109)
at org.testng.TestRunner.privateRun(TestRunner.java:648)
at org.testng.TestRunner.run(TestRunner.java:505)
at org.testng.SuiteRunner.runTest(SuiteRunner.java:455)
at org.testng.SuiteRunner.access$000(SuiteRunner.java:40)
at org.testng.SuiteRunner$SuiteWorker.run(SuiteRunner.java:489)
at org.testng.internal.thread.ThreadUtil$1.call(ThreadUtil.java:52)
at java.util.concurrent.FutureTask.run(FutureTask.java:266)
at java.util.concurrent.ThreadPoolExecutor.runWorker(ThreadPoolExecutor.java:1142)
at java.util.concurrent.ThreadPoolExecutor$Worker.run(ThreadPoolExecutor.java:617)
at java.lang.Thread.run(Thread.java:748)
]]>
            </full-stacktrace>
          </exception> <!-- java.lang.AssertionError -->
          <reporter-output>
          </reporter-output>
        </test-method> <!-- validateHomepageSlider3_HP -->
        <test-method status="PASS" signature="publishReport_HP(org.testng.ITestResult)[pri:0, instance:com.a3hp.automationpracticee.framework.test.homepage.HomepageTest@4df828d7]" name="publishReport_HP" is-config="true" duration-ms="1201" started-at="2018-10-29T15:28:47Z" finished-at="2018-10-29T15:28:48Z">
          <params>
            <param index="0">
              <value>
                <![CDATA[[TestResult name=validateHomepageSlider3_HP status=FAILURE method=HomepageTest.validateHomepageSlider3_HP()[pri:5, instance:com.a3hp.automationpracticee.framework.test.homepage.HomepageTest@4df828d7] output={null}]]]>
              </value>
            </param>
          </params>
          <reporter-output>
          </reporter-output>
        </test-method> <!-- publishReport_HP -->
        <test-method status="PASS" signature="getBrowser(java.lang.String, java.lang.String, java.lang.String)[pri:0, instance:com.a3hp.automationpracticee.framework.test.homepage.HomepageTest@4df828d7]" name="getBrowser" is-config="true" duration-ms="118506" started-at="2018-10-29T15:28:48Z" finished-at="2018-10-29T15:30:47Z">
          <params>
            <param index="0">
              <value>
                <![CDATA[CH]]>
              </value>
            </param>
            <param index="1">
              <value>
                <![CDATA[http://automationpractice.com/index.php]]>
              </value>
            </param>
            <param index="2">
              <value>
                <![CDATA[WINDOWS]]>
              </value>
            </param>
          </params>
          <reporter-output>
          </reporter-output>
        </test-method> <!-- getBrowser -->
        <test-method status="PASS" signature="BeforeMethodTB(java.lang.reflect.Method, java.lang.String)[pri:0, instance:com.a3hp.automationpracticee.framework.test.homepage.HomepageTest@4df828d7]" name="BeforeMethodTB" is-config="true" duration-ms="0" started-at="2018-10-29T15:28:48Z" finished-at="2018-10-29T15:28:48Z">
          <params>
            <param index="0">
              <value>
                <![CDATA[public void com.a3hp.automationpracticee.framework.test.homepage.HomepageTest.validateHomepageCarouselBlocks_HP() throws java.lang.Exception]]>
              </value>
            </param>
            <param index="1">
              <value>
                <![CDATA[CH]]>
              </value>
            </param>
          </params>
          <reporter-output>
          </reporter-output>
        </test-method> <!-- BeforeMethodTB -->
        <test-method status="FAIL" signature="validateHomepageCarouselBlocks_HP()[pri:6, instance:com.a3hp.automationpracticee.framework.test.homepage.HomepageTest@4df828d7]" name="validateHomepageCarouselBlocks_HP" duration-ms="184659" started-at="2018-10-29T15:30:47Z" finished-at="2018-10-29T15:33:52Z">
          <exception class="java.lang.AssertionError">
            <message>
              <![CDATA[expected [[https://www.prestashop.com/en?utm_source=v16_homeslider, https://www.prestashop.com/en?utm_source=v16_homeslider, https://www.prestashop.com/en?utm_source=v16_homeslider, https://www.prestashop.com/en?utm_source=v16_homeslider, https://www.prestashop.com/en?utm_source=v16_homeslider]] but found [[http://www.prestashop.com/?utm_source=v16_homeslider, http://www.prestashop.com/?utm_source=v16_homeslider, http://www.prestashop.com/?utm_source=v16_homeslider, http://www.prestashop.com/?utm_source=v16_homeslider, http://www.prestashop.com/?utm_source=v16_homeslider]]]]>
            </message>
            <full-stacktrace>
              <![CDATA[java.lang.AssertionError: expected [[https://www.prestashop.com/en?utm_source=v16_homeslider, https://www.prestashop.com/en?utm_source=v16_homeslider, https://www.prestashop.com/en?utm_source=v16_homeslider, https://www.prestashop.com/en?utm_source=v16_homeslider, https://www.prestashop.com/en?utm_source=v16_homeslider]] but found [[http://www.prestashop.com/?utm_source=v16_homeslider, http://www.prestashop.com/?utm_source=v16_homeslider, http://www.prestashop.com/?utm_source=v16_homeslider, http://www.prestashop.com/?utm_source=v16_homeslider, http://www.prestashop.com/?utm_source=v16_homeslider]]
at org.testng.Assert.fail(Assert.java:96)
at org.testng.Assert.failNotEquals(Assert.java:776)
at org.testng.Assert.assertEqualsImpl(Assert.java:137)
at org.testng.Assert.assertEquals(Assert.java:118)
at org.testng.Assert.assertEquals(Assert.java:453)
at org.testng.Assert.assertEquals(Assert.java:463)
at com.a3hp.automationpracticee.framework.test.homepage.HomepageTest.validateHomepageCarouselBlocks_HP(HomepageTest.java:221)
at sun.reflect.NativeMethodAccessorImpl.invoke0(Native Method)
at sun.reflect.NativeMethodAccessorImpl.invoke(NativeMethodAccessorImpl.java:62)
at sun.reflect.DelegatingMethodAccessorImpl.invoke(DelegatingMethodAccessorImpl.java:43)
at java.lang.reflect.Method.invoke(Method.java:498)
at org.testng.internal.MethodInvocationHelper.invokeMethod(MethodInvocationHelper.java:124)
at org.testng.internal.Invoker.invokeMethod(Invoker.java:583)
at org.testng.internal.Invoker.invokeTestMethod(Invoker.java:719)
at org.testng.internal.Invoker.invokeTestMethods(Invoker.java:989)
at org.testng.internal.TestMethodWorker.invokeTestMethods(TestMethodWorker.java:125)
at org.testng.internal.TestMethodWorker.run(TestMethodWorker.java:109)
at org.testng.TestRunner.privateRun(TestRunner.java:648)
at org.testng.TestRunner.run(TestRunner.java:505)
at org.testng.SuiteRunner.runTest(SuiteRunner.java:455)
at org.testng.SuiteRunner.access$000(SuiteRunner.java:40)
at org.testng.SuiteRunner$SuiteWorker.run(SuiteRunner.java:489)
at org.testng.internal.thread.ThreadUtil$1.call(ThreadUtil.java:52)
at java.util.concurrent.FutureTask.run(FutureTask.java:266)
at java.util.concurrent.ThreadPoolExecutor.runWorker(ThreadPoolExecutor.java:1142)
at java.util.concurrent.ThreadPoolExecutor$Worker.run(ThreadPoolExecutor.java:617)
at java.lang.Thread.run(Thread.java:748)
]]>
            </full-stacktrace>
          </exception> <!-- java.lang.AssertionError -->
          <reporter-output>
          </reporter-output>
        </test-method> <!-- validateHomepageCarouselBlocks_HP -->
        <test-method status="PASS" signature="publishReport_HP(org.testng.ITestResult)[pri:0, instance:com.a3hp.automationpracticee.framework.test.homepage.HomepageTest@4df828d7]" name="publishReport_HP" is-config="true" duration-ms="1854" started-at="2018-10-29T15:33:52Z" finished-at="2018-10-29T15:33:53Z">
          <params>
            <param index="0">
              <value>
                <![CDATA[[TestResult name=validateHomepageCarouselBlocks_HP status=FAILURE method=HomepageTest.validateHomepageCarouselBlocks_HP()[pri:6, instance:com.a3hp.automationpracticee.framework.test.homepage.HomepageTest@4df828d7] output={null}]]]>
              </value>
            </param>
          </params>
          <reporter-output>
          </reporter-output>
        </test-method> <!-- publishReport_HP -->
      </class> <!-- com.a3hp.automationpracticee.framework.test.homepage.HomepageTest -->
    </test> <!-- CHTest2-HomepageTest -->
    <test name="FFTest1-SignInTest" duration-ms="793706" started-at="2018-10-29T15:33:53Z" finished-at="2018-10-29T15:47:07Z">
      <class name="com.a3hp.automationpracticee.framework.test.createaccountandlogin.SignInTest">
        <test-method status="PASS" signature="BeforeMethodTB(java.lang.reflect.Method, java.lang.String)[pri:0, instance:com.a3hp.automationpracticee.framework.test.createaccountandlogin.SignInTest@3ffcd140]" name="BeforeMethodTB" is-config="true" duration-ms="1" started-at="2018-10-29T15:33:53Z" finished-at="2018-10-29T15:33:53Z">
          <params>
            <param index="0">
              <value>
                <![CDATA[public void com.a3hp.automationpracticee.framework.test.createaccountandlogin.SignInTest.validateSignInPage_PageHeading_SIP() throws java.lang.Exception]]>
              </value>
            </param>
            <param index="1">
              <value>
                <![CDATA[FF]]>
              </value>
            </param>
          </params>
          <reporter-output>
          </reporter-output>
        </test-method> <!-- BeforeMethodTB -->
        <test-method status="PASS" signature="getBrowser(java.lang.String, java.lang.String, java.lang.String)[pri:0, instance:com.a3hp.automationpracticee.framework.test.createaccountandlogin.SignInTest@3ffcd140]" name="getBrowser" is-config="true" duration-ms="125290" started-at="2018-10-29T15:33:53Z" finished-at="2018-10-29T15:35:59Z">
          <params>
            <param index="0">
              <value>
                <![CDATA[FF]]>
              </value>
            </param>
            <param index="1">
              <value>
                <![CDATA[http://automationpractice.com/index.php]]>
              </value>
            </param>
            <param index="2">
              <value>
                <![CDATA[WINDOWS]]>
              </value>
            </param>
          </params>
          <reporter-output>
          </reporter-output>
        </test-method> <!-- getBrowser -->
        <test-method status="PASS" signature="validateSignInPage_PageHeading_SIP()[pri:0, instance:com.a3hp.automationpracticee.framework.test.createaccountandlogin.SignInTest@3ffcd140]" name="validateSignInPage_PageHeading_SIP" duration-ms="446" started-at="2018-10-29T15:35:59Z" finished-at="2018-10-29T15:35:59Z">
          <reporter-output>
          </reporter-output>
        </test-method> <!-- validateSignInPage_PageHeading_SIP -->
        <test-method status="PASS" signature="publishReport_SIP(org.testng.ITestResult)[pri:0, instance:com.a3hp.automationpracticee.framework.test.createaccountandlogin.SignInTest@3ffcd140]" name="publishReport_SIP" is-config="true" duration-ms="3244" started-at="2018-10-29T15:35:59Z" finished-at="2018-10-29T15:36:02Z">
          <params>
            <param index="0">
              <value>
                <![CDATA[[TestResult name=validateSignInPage_PageHeading_SIP status=SUCCESS method=SignInTest.validateSignInPage_PageHeading_SIP()[pri:0, instance:com.a3hp.automationpracticee.framework.test.createaccountandlogin.SignInTest@3ffcd140] output={null}]]]>
              </value>
            </param>
          </params>
          <reporter-output>
          </reporter-output>
        </test-method> <!-- publishReport_SIP -->
        <test-method status="PASS" signature="BeforeMethodTB(java.lang.reflect.Method, java.lang.String)[pri:0, instance:com.a3hp.automationpracticee.framework.test.createaccountandlogin.SignInTest@3ffcd140]" name="BeforeMethodTB" is-config="true" duration-ms="1" started-at="2018-10-29T15:36:02Z" finished-at="2018-10-29T15:36:02Z">
          <params>
            <param index="0">
              <value>
                <![CDATA[public void com.a3hp.automationpracticee.framework.test.createaccountandlogin.SignInTest.validateSignInPage_SignInSectionHeading_SIP() throws java.lang.Exception]]>
              </value>
            </param>
            <param index="1">
              <value>
                <![CDATA[FF]]>
              </value>
            </param>
          </params>
          <reporter-output>
          </reporter-output>
        </test-method> <!-- BeforeMethodTB -->
        <test-method status="PASS" signature="getBrowser(java.lang.String, java.lang.String, java.lang.String)[pri:0, instance:com.a3hp.automationpracticee.framework.test.createaccountandlogin.SignInTest@3ffcd140]" name="getBrowser" is-config="true" duration-ms="142878" started-at="2018-10-29T15:36:02Z" finished-at="2018-10-29T15:38:25Z">
          <params>
            <param index="0">
              <value>
                <![CDATA[FF]]>
              </value>
            </param>
            <param index="1">
              <value>
                <![CDATA[http://automationpractice.com/index.php]]>
              </value>
            </param>
            <param index="2">
              <value>
                <![CDATA[WINDOWS]]>
              </value>
            </param>
          </params>
          <reporter-output>
          </reporter-output>
        </test-method> <!-- getBrowser -->
        <test-method status="PASS" signature="validateSignInPage_SignInSectionHeading_SIP()[pri:1, instance:com.a3hp.automationpracticee.framework.test.createaccountandlogin.SignInTest@3ffcd140]" name="validateSignInPage_SignInSectionHeading_SIP" duration-ms="369" started-at="2018-10-29T15:38:25Z" finished-at="2018-10-29T15:38:26Z">
          <reporter-output>
          </reporter-output>
        </test-method> <!-- validateSignInPage_SignInSectionHeading_SIP -->
        <test-method status="PASS" signature="publishReport_SIP(org.testng.ITestResult)[pri:0, instance:com.a3hp.automationpracticee.framework.test.createaccountandlogin.SignInTest@3ffcd140]" name="publishReport_SIP" is-config="true" duration-ms="2097" started-at="2018-10-29T15:38:26Z" finished-at="2018-10-29T15:38:28Z">
          <params>
            <param index="0">
              <value>
                <![CDATA[[TestResult name=validateSignInPage_SignInSectionHeading_SIP status=SUCCESS method=SignInTest.validateSignInPage_SignInSectionHeading_SIP()[pri:1, instance:com.a3hp.automationpracticee.framework.test.createaccountandlogin.SignInTest@3ffcd140] output={null}]]]>
              </value>
            </param>
          </params>
          <reporter-output>
          </reporter-output>
        </test-method> <!-- publishReport_SIP -->
        <test-method status="PASS" signature="BeforeMethodTB(java.lang.reflect.Method, java.lang.String)[pri:0, instance:com.a3hp.automationpracticee.framework.test.createaccountandlogin.SignInTest@3ffcd140]" name="BeforeMethodTB" is-config="true" duration-ms="1" started-at="2018-10-29T15:38:28Z" finished-at="2018-10-29T15:38:28Z">
          <params>
            <param index="0">
              <value>
                <![CDATA[public void com.a3hp.automationpracticee.framework.test.createaccountandlogin.SignInTest.validateSignInPageBreadcrumbText_SIP() throws java.lang.Exception]]>
              </value>
            </param>
            <param index="1">
              <value>
                <![CDATA[FF]]>
              </value>
            </param>
          </params>
          <reporter-output>
          </reporter-output>
        </test-method> <!-- BeforeMethodTB -->
        <test-method status="PASS" signature="getBrowser(java.lang.String, java.lang.String, java.lang.String)[pri:0, instance:com.a3hp.automationpracticee.framework.test.createaccountandlogin.SignInTest@3ffcd140]" name="getBrowser" is-config="true" duration-ms="178371" started-at="2018-10-29T15:38:28Z" finished-at="2018-10-29T15:41:26Z">
          <params>
            <param index="0">
              <value>
                <![CDATA[FF]]>
              </value>
            </param>
            <param index="1">
              <value>
                <![CDATA[http://automationpractice.com/index.php]]>
              </value>
            </param>
            <param index="2">
              <value>
                <![CDATA[WINDOWS]]>
              </value>
            </param>
          </params>
          <reporter-output>
          </reporter-output>
        </test-method> <!-- getBrowser -->
        <test-method status="PASS" signature="validateSignInPageBreadcrumbText_SIP()[pri:2, instance:com.a3hp.automationpracticee.framework.test.createaccountandlogin.SignInTest@3ffcd140]" name="validateSignInPageBreadcrumbText_SIP" duration-ms="408" started-at="2018-10-29T15:41:26Z" finished-at="2018-10-29T15:41:27Z">
          <reporter-output>
          </reporter-output>
        </test-method> <!-- validateSignInPageBreadcrumbText_SIP -->
        <test-method status="PASS" signature="publishReport_SIP(org.testng.ITestResult)[pri:0, instance:com.a3hp.automationpracticee.framework.test.createaccountandlogin.SignInTest@3ffcd140]" name="publishReport_SIP" is-config="true" duration-ms="2077" started-at="2018-10-29T15:41:27Z" finished-at="2018-10-29T15:41:29Z">
          <params>
            <param index="0">
              <value>
                <![CDATA[[TestResult name=validateSignInPageBreadcrumbText_SIP status=SUCCESS method=SignInTest.validateSignInPageBreadcrumbText_SIP()[pri:2, instance:com.a3hp.automationpracticee.framework.test.createaccountandlogin.SignInTest@3ffcd140] output={null}]]]>
              </value>
            </param>
          </params>
          <reporter-output>
          </reporter-output>
        </test-method> <!-- publishReport_SIP -->
        <test-method status="PASS" signature="BeforeMethodTB(java.lang.reflect.Method, java.lang.String)[pri:0, instance:com.a3hp.automationpracticee.framework.test.createaccountandlogin.SignInTest@3ffcd140]" name="BeforeMethodTB" is-config="true" duration-ms="1" started-at="2018-10-29T15:41:29Z" finished-at="2018-10-29T15:41:29Z">
          <params>
            <param index="0">
              <value>
                <![CDATA[public void com.a3hp.automationpracticee.framework.test.createaccountandlogin.SignInTest.validateRegistrationSectionHeading_SignInPage_SIP() throws java.lang.Exception]]>
              </value>
            </param>
            <param index="1">
              <value>
                <![CDATA[FF]]>
              </value>
            </param>
          </params>
          <reporter-output>
          </reporter-output>
        </test-method> <!-- BeforeMethodTB -->
        <test-method status="PASS" signature="getBrowser(java.lang.String, java.lang.String, java.lang.String)[pri:0, instance:com.a3hp.automationpracticee.framework.test.createaccountandlogin.SignInTest@3ffcd140]" name="getBrowser" is-config="true" duration-ms="231735" started-at="2018-10-29T15:41:29Z" finished-at="2018-10-29T15:45:20Z">
          <params>
            <param index="0">
              <value>
                <![CDATA[FF]]>
              </value>
            </param>
            <param index="1">
              <value>
                <![CDATA[http://automationpractice.com/index.php]]>
              </value>
            </param>
            <param index="2">
              <value>
                <![CDATA[WINDOWS]]>
              </value>
            </param>
          </params>
          <reporter-output>
          </reporter-output>
        </test-method> <!-- getBrowser -->
        <test-method status="PASS" signature="validateRegistrationSectionHeading_SignInPage_SIP()[pri:3, instance:com.a3hp.automationpracticee.framework.test.createaccountandlogin.SignInTest@3ffcd140]" name="validateRegistrationSectionHeading_SignInPage_SIP" duration-ms="608" started-at="2018-10-29T15:45:20Z" finished-at="2018-10-29T15:45:21Z">
          <reporter-output>
          </reporter-output>
        </test-method> <!-- validateRegistrationSectionHeading_SignInPage_SIP -->
        <test-method status="PASS" signature="publishReport_SIP(org.testng.ITestResult)[pri:0, instance:com.a3hp.automationpracticee.framework.test.createaccountandlogin.SignInTest@3ffcd140]" name="publishReport_SIP" is-config="true" duration-ms="2778" started-at="2018-10-29T15:45:21Z" finished-at="2018-10-29T15:45:24Z">
          <params>
            <param index="0">
              <value>
                <![CDATA[[TestResult name=validateRegistrationSectionHeading_SignInPage_SIP status=SUCCESS method=SignInTest.validateRegistrationSectionHeading_SignInPage_SIP()[pri:3, instance:com.a3hp.automationpracticee.framework.test.createaccountandlogin.SignInTest@3ffcd140] output={null}]]]>
              </value>
            </param>
          </params>
          <reporter-output>
          </reporter-output>
        </test-method> <!-- publishReport_SIP -->
        <test-method status="PASS" signature="BeforeMethodTB(java.lang.reflect.Method, java.lang.String)[pri:0, instance:com.a3hp.automationpracticee.framework.test.createaccountandlogin.SignInTest@3ffcd140]" name="BeforeMethodTB" is-config="true" duration-ms="0" started-at="2018-10-29T15:45:24Z" finished-at="2018-10-29T15:45:24Z">
          <params>
            <param index="0">
              <value>
                <![CDATA[public void com.a3hp.automationpracticee.framework.test.createaccountandlogin.SignInTest.validateLoginProcess_SIP() throws java.lang.Exception]]>
              </value>
            </param>
            <param index="1">
              <value>
                <![CDATA[FF]]>
              </value>
            </param>
          </params>
          <reporter-output>
          </reporter-output>
        </test-method> <!-- BeforeMethodTB -->
        <test-method status="FAIL" signature="getBrowser(java.lang.String, java.lang.String, java.lang.String)[pri:0, instance:com.a3hp.automationpracticee.framework.test.createaccountandlogin.SignInTest@3ffcd140]" name="getBrowser" is-config="true" duration-ms="102832" started-at="2018-10-29T15:45:24Z" finished-at="2018-10-29T15:47:07Z">
          <params>
            <param index="0">
              <value>
                <![CDATA[FF]]>
              </value>
            </param>
            <param index="1">
              <value>
                <![CDATA[http://automationpractice.com/index.php]]>
              </value>
            </param>
            <param index="2">
              <value>
                <![CDATA[WINDOWS]]>
              </value>
            </param>
          </params>
          <exception class="org.openqa.selenium.WebDriverException">
            <message>
              <![CDATA[connection refused
Build info: version: '3.9.1', revision: '63f7b50', time: '2018-02-07T22:25:02.294Z'
System info: host: 'DESKTOP-MUQUGSJ', ip: '192.168.42.166', os.name: 'Windows 10', os.arch: 'amd64', os.version: '10.0', java.version: '1.8.0_131'
Driver info: driver.version: FirefoxDriver
remote stacktrace: ]]>
            </message>
            <full-stacktrace>
              <![CDATA[org.openqa.selenium.WebDriverException: connection refused
Build info: version: '3.9.1', revision: '63f7b50', time: '2018-02-07T22:25:02.294Z'
System info: host: 'DESKTOP-MUQUGSJ', ip: '192.168.42.166', os.name: 'Windows 10', os.arch: 'amd64', os.version: '10.0', java.version: '1.8.0_131'
Driver info: driver.version: FirefoxDriver
remote stacktrace: 
at sun.reflect.NativeConstructorAccessorImpl.newInstance0(Native Method)
at sun.reflect.NativeConstructorAccessorImpl.newInstance(NativeConstructorAccessorImpl.java:62)
at sun.reflect.DelegatingConstructorAccessorImpl.newInstance(DelegatingConstructorAccessorImpl.java:45)
at java.lang.reflect.Constructor.newInstance(Constructor.java:423)
at org.openqa.selenium.remote.W3CHandshakeResponse.lambda$new$0(W3CHandshakeResponse.java:57)
at org.openqa.selenium.remote.W3CHandshakeResponse.lambda$getResponseFunction$2(W3CHandshakeResponse.java:104)
at org.openqa.selenium.remote.ProtocolHandshake.lambda$createSession$0(ProtocolHandshake.java:123)
at java.util.stream.ReferencePipeline$3$1.accept(ReferencePipeline.java:193)
at java.util.Spliterators$ArraySpliterator.tryAdvance(Spliterators.java:958)
at java.util.stream.ReferencePipeline.forEachWithCancel(ReferencePipeline.java:126)
at java.util.stream.AbstractPipeline.copyIntoWithCancel(AbstractPipeline.java:498)
at java.util.stream.AbstractPipeline.copyInto(AbstractPipeline.java:485)
at java.util.stream.AbstractPipeline.wrapAndCopyInto(AbstractPipeline.java:471)
at java.util.stream.FindOps$FindOp.evaluateSequential(FindOps.java:152)
at java.util.stream.AbstractPipeline.evaluate(AbstractPipeline.java:234)
at java.util.stream.ReferencePipeline.findFirst(ReferencePipeline.java:464)
at org.openqa.selenium.remote.ProtocolHandshake.createSession(ProtocolHandshake.java:126)
at org.openqa.selenium.remote.ProtocolHandshake.createSession(ProtocolHandshake.java:73)
at org.openqa.selenium.remote.HttpCommandExecutor.execute(HttpCommandExecutor.java:136)
at org.openqa.selenium.remote.service.DriverCommandExecutor.execute(DriverCommandExecutor.java:83)
at org.openqa.selenium.remote.RemoteWebDriver.execute(RemoteWebDriver.java:543)
at org.openqa.selenium.remote.RemoteWebDriver.startSession(RemoteWebDriver.java:207)
at org.openqa.selenium.remote.RemoteWebDriver.<init>(RemoteWebDriver.java:130)
at org.openqa.selenium.firefox.FirefoxDriver.<init>(FirefoxDriver.java:125)
at com.a3hp.automationpracticee.framework.genericclasses.UI_GenericMethods1.getFirefoxDriver(UI_GenericMethods1.java:351)
at com.a3hp.automationpracticee.framework.genericclasses.UI_GenericMethods1.gm_LaunchBrowser(UI_GenericMethods1.java:199)
at com.a3hp.automationpracticee.framework.genericclasses.UI_GenericMethods1.gm_OpenApp(UI_GenericMethods1.java:238)
at com.a3hp.automationpracticee.framework.test.createaccountandlogin.SignInTest.getBrowser(SignInTest.java:66)
at sun.reflect.NativeMethodAccessorImpl.invoke0(Native Method)
at sun.reflect.NativeMethodAccessorImpl.invoke(NativeMethodAccessorImpl.java:62)
at sun.reflect.DelegatingMethodAccessorImpl.invoke(DelegatingMethodAccessorImpl.java:43)
at java.lang.reflect.Method.invoke(Method.java:498)
at org.testng.internal.MethodInvocationHelper.invokeMethod(MethodInvocationHelper.java:124)
at org.testng.internal.MethodInvocationHelper.invokeMethodConsideringTimeout(MethodInvocationHelper.java:59)
at org.testng.internal.Invoker.invokeConfigurationMethod(Invoker.java:458)
at org.testng.internal.Invoker.invokeConfigurations(Invoker.java:222)
at org.testng.internal.Invoker.invokeMethod(Invoker.java:523)
at org.testng.internal.Invoker.invokeTestMethod(Invoker.java:719)
at org.testng.internal.Invoker.invokeTestMethods(Invoker.java:989)
at org.testng.internal.TestMethodWorker.invokeTestMethods(TestMethodWorker.java:125)
at org.testng.internal.TestMethodWorker.run(TestMethodWorker.java:109)
at org.testng.TestRunner.privateRun(TestRunner.java:648)
at org.testng.TestRunner.run(TestRunner.java:505)
at org.testng.SuiteRunner.runTest(SuiteRunner.java:455)
at org.testng.SuiteRunner.access$000(SuiteRunner.java:40)
at org.testng.SuiteRunner$SuiteWorker.run(SuiteRunner.java:489)
at org.testng.internal.thread.ThreadUtil$1.call(ThreadUtil.java:52)
at java.util.concurrent.FutureTask.run(FutureTask.java:266)
at java.util.concurrent.ThreadPoolExecutor.runWorker(ThreadPoolExecutor.java:1142)
at java.util.concurrent.ThreadPoolExecutor$Worker.run(ThreadPoolExecutor.java:617)
at java.lang.Thread.run(Thread.java:748)
]]>
            </full-stacktrace>
          </exception> <!-- org.openqa.selenium.WebDriverException -->
          <reporter-output>
          </reporter-output>
        </test-method> <!-- getBrowser -->
        <test-method status="SKIP" signature="validateLoginProcess_SIP()[pri:4, instance:com.a3hp.automationpracticee.framework.test.createaccountandlogin.SignInTest@3ffcd140]" name="validateLoginProcess_SIP" duration-ms="0" started-at="2018-10-29T15:47:07Z" finished-at="2018-10-29T15:47:07Z">
          <exception class="org.openqa.selenium.WebDriverException">
            <message>
              <![CDATA[connection refused
Build info: version: '3.9.1', revision: '63f7b50', time: '2018-02-07T22:25:02.294Z'
System info: host: 'DESKTOP-MUQUGSJ', ip: '192.168.42.166', os.name: 'Windows 10', os.arch: 'amd64', os.version: '10.0', java.version: '1.8.0_131'
Driver info: driver.version: FirefoxDriver
remote stacktrace: ]]>
            </message>
            <full-stacktrace>
              <![CDATA[org.openqa.selenium.WebDriverException: connection refused
Build info: version: '3.9.1', revision: '63f7b50', time: '2018-02-07T22:25:02.294Z'
System info: host: 'DESKTOP-MUQUGSJ', ip: '192.168.42.166', os.name: 'Windows 10', os.arch: 'amd64', os.version: '10.0', java.version: '1.8.0_131'
Driver info: driver.version: FirefoxDriver
remote stacktrace: 
at sun.reflect.NativeConstructorAccessorImpl.newInstance0(Native Method)
at sun.reflect.NativeConstructorAccessorImpl.newInstance(NativeConstructorAccessorImpl.java:62)
at sun.reflect.DelegatingConstructorAccessorImpl.newInstance(DelegatingConstructorAccessorImpl.java:45)
at java.lang.reflect.Constructor.newInstance(Constructor.java:423)
at org.openqa.selenium.remote.W3CHandshakeResponse.lambda$new$0(W3CHandshakeResponse.java:57)
at org.openqa.selenium.remote.W3CHandshakeResponse.lambda$getResponseFunction$2(W3CHandshakeResponse.java:104)
at org.openqa.selenium.remote.ProtocolHandshake.lambda$createSession$0(ProtocolHandshake.java:123)
at java.util.stream.ReferencePipeline$3$1.accept(ReferencePipeline.java:193)
at java.util.Spliterators$ArraySpliterator.tryAdvance(Spliterators.java:958)
at java.util.stream.ReferencePipeline.forEachWithCancel(ReferencePipeline.java:126)
at java.util.stream.AbstractPipeline.copyIntoWithCancel(AbstractPipeline.java:498)
at java.util.stream.AbstractPipeline.copyInto(AbstractPipeline.java:485)
at java.util.stream.AbstractPipeline.wrapAndCopyInto(AbstractPipeline.java:471)
at java.util.stream.FindOps$FindOp.evaluateSequential(FindOps.java:152)
at java.util.stream.AbstractPipeline.evaluate(AbstractPipeline.java:234)
at java.util.stream.ReferencePipeline.findFirst(ReferencePipeline.java:464)
at org.openqa.selenium.remote.ProtocolHandshake.createSession(ProtocolHandshake.java:126)
at org.openqa.selenium.remote.ProtocolHandshake.createSession(ProtocolHandshake.java:73)
at org.openqa.selenium.remote.HttpCommandExecutor.execute(HttpCommandExecutor.java:136)
at org.openqa.selenium.remote.service.DriverCommandExecutor.execute(DriverCommandExecutor.java:83)
at org.openqa.selenium.remote.RemoteWebDriver.execute(RemoteWebDriver.java:543)
at org.openqa.selenium.remote.RemoteWebDriver.startSession(RemoteWebDriver.java:207)
at org.openqa.selenium.remote.RemoteWebDriver.<init>(RemoteWebDriver.java:130)
at org.openqa.selenium.firefox.FirefoxDriver.<init>(FirefoxDriver.java:125)
at com.a3hp.automationpracticee.framework.genericclasses.UI_GenericMethods1.getFirefoxDriver(UI_GenericMethods1.java:351)
at com.a3hp.automationpracticee.framework.genericclasses.UI_GenericMethods1.gm_LaunchBrowser(UI_GenericMethods1.java:199)
at com.a3hp.automationpracticee.framework.genericclasses.UI_GenericMethods1.gm_OpenApp(UI_GenericMethods1.java:238)
at com.a3hp.automationpracticee.framework.test.createaccountandlogin.SignInTest.getBrowser(SignInTest.java:66)
at sun.reflect.NativeMethodAccessorImpl.invoke0(Native Method)
at sun.reflect.NativeMethodAccessorImpl.invoke(NativeMethodAccessorImpl.java:62)
at sun.reflect.DelegatingMethodAccessorImpl.invoke(DelegatingMethodAccessorImpl.java:43)
at java.lang.reflect.Method.invoke(Method.java:498)
at org.testng.internal.MethodInvocationHelper.invokeMethod(MethodInvocationHelper.java:124)
at org.testng.internal.MethodInvocationHelper.invokeMethodConsideringTimeout(MethodInvocationHelper.java:59)
at org.testng.internal.Invoker.invokeConfigurationMethod(Invoker.java:458)
at org.testng.internal.Invoker.invokeConfigurations(Invoker.java:222)
at org.testng.internal.Invoker.invokeMethod(Invoker.java:523)
at org.testng.internal.Invoker.invokeTestMethod(Invoker.java:719)
at org.testng.internal.Invoker.invokeTestMethods(Invoker.java:989)
at org.testng.internal.TestMethodWorker.invokeTestMethods(TestMethodWorker.java:125)
at org.testng.internal.TestMethodWorker.run(TestMethodWorker.java:109)
at org.testng.TestRunner.privateRun(TestRunner.java:648)
at org.testng.TestRunner.run(TestRunner.java:505)
at org.testng.SuiteRunner.runTest(SuiteRunner.java:455)
at org.testng.SuiteRunner.access$000(SuiteRunner.java:40)
at org.testng.SuiteRunner$SuiteWorker.run(SuiteRunner.java:489)
at org.testng.internal.thread.ThreadUtil$1.call(ThreadUtil.java:52)
at java.util.concurrent.FutureTask.run(FutureTask.java:266)
at java.util.concurrent.ThreadPoolExecutor.runWorker(ThreadPoolExecutor.java:1142)
at java.util.concurrent.ThreadPoolExecutor$Worker.run(ThreadPoolExecutor.java:617)
at java.lang.Thread.run(Thread.java:748)
]]>
            </full-stacktrace>
          </exception> <!-- org.openqa.selenium.WebDriverException -->
          <reporter-output>
          </reporter-output>
        </test-method> <!-- validateLoginProcess_SIP -->
        <test-method status="FAIL" signature="publishReport_SIP(org.testng.ITestResult)[pri:0, instance:com.a3hp.automationpracticee.framework.test.createaccountandlogin.SignInTest@3ffcd140]" name="publishReport_SIP" is-config="true" duration-ms="1" started-at="2018-10-29T15:47:07Z" finished-at="2018-10-29T15:47:07Z">
          <params>
            <param index="0">
              <value>
                <![CDATA[[TestResult name={null} status=CREATED method=SignInTest.validateLoginProcess_SIP()[pri:4, instance:com.a3hp.automationpracticee.framework.test.createaccountandlogin.SignInTest@3ffcd140] output={null}]]]>
              </value>
            </param>
          </params>
          <exception class="org.openqa.selenium.NoSuchSessionException">
            <message>
              <![CDATA[Session ID is null. Using WebDriver after calling quit()?
Build info: version: '3.9.1', revision: '63f7b50', time: '2018-02-07T22:25:02.294Z'
System info: host: 'DESKTOP-MUQUGSJ', ip: '192.168.42.166', os.name: 'Windows 10', os.arch: 'amd64', os.version: '10.0', java.version: '1.8.0_131'
Driver info: driver.version: RemoteWebDriver]]>
            </message>
            <full-stacktrace>
              <![CDATA[org.openqa.selenium.NoSuchSessionException: Session ID is null. Using WebDriver after calling quit()?
Build info: version: '3.9.1', revision: '63f7b50', time: '2018-02-07T22:25:02.294Z'
System info: host: 'DESKTOP-MUQUGSJ', ip: '192.168.42.166', os.name: 'Windows 10', os.arch: 'amd64', os.version: '10.0', java.version: '1.8.0_131'
Driver info: driver.version: RemoteWebDriver
at org.openqa.selenium.remote.HttpCommandExecutor.execute(HttpCommandExecutor.java:125)
at org.openqa.selenium.remote.service.DriverCommandExecutor.execute(DriverCommandExecutor.java:83)
at org.openqa.selenium.remote.RemoteWebDriver.execute(RemoteWebDriver.java:543)
at org.openqa.selenium.remote.RemoteWebDriver.execute(RemoteWebDriver.java:600)
at org.openqa.selenium.remote.RemoteWebDriver.getScreenshotAs(RemoteWebDriver.java:289)
at com.a3hp.automationpracticee.framework.genericclasses.UI_GenericMethods1.gm_TakeSnapshot(UI_GenericMethods1.java:613)
at com.a3hp.automationpracticee.framework.genericclasses.UI_GenericMethods1.gm_generateReportWithScreenshots(UI_GenericMethods1.java:864)
at com.a3hp.automationpracticee.framework.test.createaccountandlogin.SignInTest.publishReport_SIP(SignInTest.java:93)
at sun.reflect.NativeMethodAccessorImpl.invoke0(Native Method)
at sun.reflect.NativeMethodAccessorImpl.invoke(NativeMethodAccessorImpl.java:62)
at sun.reflect.DelegatingMethodAccessorImpl.invoke(DelegatingMethodAccessorImpl.java:43)
at java.lang.reflect.Method.invoke(Method.java:498)
at org.testng.internal.MethodInvocationHelper.invokeMethod(MethodInvocationHelper.java:124)
at org.testng.internal.MethodInvocationHelper.invokeMethodConsideringTimeout(MethodInvocationHelper.java:59)
at org.testng.internal.Invoker.invokeConfigurationMethod(Invoker.java:458)
at org.testng.internal.Invoker.invokeConfigurations(Invoker.java:222)
at org.testng.internal.Invoker.invokeMethod(Invoker.java:536)
at org.testng.internal.Invoker.invokeTestMethod(Invoker.java:719)
at org.testng.internal.Invoker.invokeTestMethods(Invoker.java:989)
at org.testng.internal.TestMethodWorker.invokeTestMethods(TestMethodWorker.java:125)
at org.testng.internal.TestMethodWorker.run(TestMethodWorker.java:109)
at org.testng.TestRunner.privateRun(TestRunner.java:648)
at org.testng.TestRunner.run(TestRunner.java:505)
at org.testng.SuiteRunner.runTest(SuiteRunner.java:455)
at org.testng.SuiteRunner.access$000(SuiteRunner.java:40)
at org.testng.SuiteRunner$SuiteWorker.run(SuiteRunner.java:489)
at org.testng.internal.thread.ThreadUtil$1.call(ThreadUtil.java:52)
at java.util.concurrent.FutureTask.run(FutureTask.java:266)
at java.util.concurrent.ThreadPoolExecutor.runWorker(ThreadPoolExecutor.java:1142)
at java.util.concurrent.ThreadPoolExecutor$Worker.run(ThreadPoolExecutor.java:617)
at java.lang.Thread.run(Thread.java:748)
]]>
            </full-stacktrace>
          </exception> <!-- org.openqa.selenium.NoSuchSessionException -->
          <reporter-output>
          </reporter-output>
        </test-method> <!-- publishReport_SIP -->
      </class> <!-- com.a3hp.automationpracticee.framework.test.createaccountandlogin.SignInTest -->
    </test> <!-- FFTest1-SignInTest -->
    <test name="FFTest2-HomepageTest" duration-ms="1436477" started-at="2018-10-29T15:47:08Z" finished-at="2018-10-29T16:11:04Z">
      <class name="com.a3hp.automationpracticee.framework.test.homepage.HomepageTest">
        <test-method status="PASS" signature="BeforeMethodTB(java.lang.reflect.Method, java.lang.String)[pri:0, instance:com.a3hp.automationpracticee.framework.test.homepage.HomepageTest@37574691]" name="BeforeMethodTB" is-config="true" duration-ms="0" started-at="2018-10-29T15:47:08Z" finished-at="2018-10-29T15:47:08Z">
          <params>
            <param index="0">
              <value>
                <![CDATA[public void com.a3hp.automationpracticee.framework.test.homepage.HomepageTest.validateHeaderSignInLink_HP() throws java.lang.Exception]]>
              </value>
            </param>
            <param index="1">
              <value>
                <![CDATA[FF]]>
              </value>
            </param>
          </params>
          <reporter-output>
          </reporter-output>
        </test-method> <!-- BeforeMethodTB -->
        <test-method status="PASS" signature="getBrowser(java.lang.String, java.lang.String, java.lang.String)[pri:0, instance:com.a3hp.automationpracticee.framework.test.homepage.HomepageTest@37574691]" name="getBrowser" is-config="true" duration-ms="177196" started-at="2018-10-29T15:47:08Z" finished-at="2018-10-29T15:50:05Z">
          <params>
            <param index="0">
              <value>
                <![CDATA[FF]]>
              </value>
            </param>
            <param index="1">
              <value>
                <![CDATA[http://automationpractice.com/index.php]]>
              </value>
            </param>
            <param index="2">
              <value>
                <![CDATA[WINDOWS]]>
              </value>
            </param>
          </params>
          <reporter-output>
          </reporter-output>
        </test-method> <!-- getBrowser -->
        <test-method status="PASS" signature="validateHeaderSignInLink_HP()[pri:0, instance:com.a3hp.automationpracticee.framework.test.homepage.HomepageTest@37574691]" name="validateHeaderSignInLink_HP" duration-ms="30800" started-at="2018-10-29T15:50:05Z" finished-at="2018-10-29T15:50:36Z">
          <reporter-output>
          </reporter-output>
        </test-method> <!-- validateHeaderSignInLink_HP -->
        <test-method status="PASS" signature="publishReport_HP(org.testng.ITestResult)[pri:0, instance:com.a3hp.automationpracticee.framework.test.homepage.HomepageTest@37574691]" name="publishReport_HP" is-config="true" duration-ms="2805" started-at="2018-10-29T15:50:36Z" finished-at="2018-10-29T15:50:39Z">
          <params>
            <param index="0">
              <value>
                <![CDATA[[TestResult name=validateHeaderSignInLink_HP status=SUCCESS method=HomepageTest.validateHeaderSignInLink_HP()[pri:0, instance:com.a3hp.automationpracticee.framework.test.homepage.HomepageTest@37574691] output={null}]]]>
              </value>
            </param>
          </params>
          <reporter-output>
          </reporter-output>
        </test-method> <!-- publishReport_HP -->
        <test-method status="PASS" signature="BeforeMethodTB(java.lang.reflect.Method, java.lang.String)[pri:0, instance:com.a3hp.automationpracticee.framework.test.homepage.HomepageTest@37574691]" name="BeforeMethodTB" is-config="true" duration-ms="1" started-at="2018-10-29T15:50:39Z" finished-at="2018-10-29T15:50:39Z">
          <params>
            <param index="0">
              <value>
                <![CDATA[public void com.a3hp.automationpracticee.framework.test.homepage.HomepageTest.validateGetSavingNowButton_HP() throws java.lang.Exception]]>
              </value>
            </param>
            <param index="1">
              <value>
                <![CDATA[FF]]>
              </value>
            </param>
          </params>
          <reporter-output>
          </reporter-output>
        </test-method> <!-- BeforeMethodTB -->
        <test-method status="PASS" signature="getBrowser(java.lang.String, java.lang.String, java.lang.String)[pri:0, instance:com.a3hp.automationpracticee.framework.test.homepage.HomepageTest@37574691]" name="getBrowser" is-config="true" duration-ms="118079" started-at="2018-10-29T15:50:39Z" finished-at="2018-10-29T15:52:37Z">
          <params>
            <param index="0">
              <value>
                <![CDATA[FF]]>
              </value>
            </param>
            <param index="1">
              <value>
                <![CDATA[http://automationpractice.com/index.php]]>
              </value>
            </param>
            <param index="2">
              <value>
                <![CDATA[WINDOWS]]>
              </value>
            </param>
          </params>
          <reporter-output>
          </reporter-output>
        </test-method> <!-- getBrowser -->
        <test-method status="PASS" signature="validateGetSavingNowButton_HP()[pri:1, instance:com.a3hp.automationpracticee.framework.test.homepage.HomepageTest@37574691]" name="validateGetSavingNowButton_HP" duration-ms="32962" started-at="2018-10-29T15:52:37Z" finished-at="2018-10-29T15:53:10Z">
          <reporter-output>
          </reporter-output>
        </test-method> <!-- validateGetSavingNowButton_HP -->
        <test-method status="PASS" signature="publishReport_HP(org.testng.ITestResult)[pri:0, instance:com.a3hp.automationpracticee.framework.test.homepage.HomepageTest@37574691]" name="publishReport_HP" is-config="true" duration-ms="2820" started-at="2018-10-29T15:53:10Z" finished-at="2018-10-29T15:53:13Z">
          <params>
            <param index="0">
              <value>
                <![CDATA[[TestResult name=validateGetSavingNowButton_HP status=SUCCESS method=HomepageTest.validateGetSavingNowButton_HP()[pri:1, instance:com.a3hp.automationpracticee.framework.test.homepage.HomepageTest@37574691] output={null}]]]>
              </value>
            </param>
          </params>
          <reporter-output>
          </reporter-output>
        </test-method> <!-- publishReport_HP -->
        <test-method status="PASS" signature="BeforeMethodTB(java.lang.reflect.Method, java.lang.String)[pri:0, instance:com.a3hp.automationpracticee.framework.test.homepage.HomepageTest@37574691]" name="BeforeMethodTB" is-config="true" duration-ms="1" started-at="2018-10-29T15:53:13Z" finished-at="2018-10-29T15:53:13Z">
          <params>
            <param index="0">
              <value>
                <![CDATA[public void com.a3hp.automationpracticee.framework.test.homepage.HomepageTest.validateSearchField_HP() throws java.lang.Exception]]>
              </value>
            </param>
            <param index="1">
              <value>
                <![CDATA[FF]]>
              </value>
            </param>
          </params>
          <reporter-output>
          </reporter-output>
        </test-method> <!-- BeforeMethodTB -->
        <test-method status="PASS" signature="getBrowser(java.lang.String, java.lang.String, java.lang.String)[pri:0, instance:com.a3hp.automationpracticee.framework.test.homepage.HomepageTest@37574691]" name="getBrowser" is-config="true" duration-ms="141289" started-at="2018-10-29T15:53:13Z" finished-at="2018-10-29T15:55:34Z">
          <params>
            <param index="0">
              <value>
                <![CDATA[FF]]>
              </value>
            </param>
            <param index="1">
              <value>
                <![CDATA[http://automationpractice.com/index.php]]>
              </value>
            </param>
            <param index="2">
              <value>
                <![CDATA[WINDOWS]]>
              </value>
            </param>
          </params>
          <reporter-output>
          </reporter-output>
        </test-method> <!-- getBrowser -->
        <test-method status="PASS" signature="validateSearchField_HP()[pri:2, instance:com.a3hp.automationpracticee.framework.test.homepage.HomepageTest@37574691]" name="validateSearchField_HP" duration-ms="7443" started-at="2018-10-29T15:55:34Z" finished-at="2018-10-29T15:55:41Z">
          <reporter-output>
          </reporter-output>
        </test-method> <!-- validateSearchField_HP -->
        <test-method status="PASS" signature="publishReport_HP(org.testng.ITestResult)[pri:0, instance:com.a3hp.automationpracticee.framework.test.homepage.HomepageTest@37574691]" name="publishReport_HP" is-config="true" duration-ms="2619" started-at="2018-10-29T15:55:41Z" finished-at="2018-10-29T15:55:44Z">
          <params>
            <param index="0">
              <value>
                <![CDATA[[TestResult name=validateSearchField_HP status=SUCCESS method=HomepageTest.validateSearchField_HP()[pri:2, instance:com.a3hp.automationpracticee.framework.test.homepage.HomepageTest@37574691] output={null}]]]>
              </value>
            </param>
          </params>
          <reporter-output>
          </reporter-output>
        </test-method> <!-- publishReport_HP -->
        <test-method status="PASS" signature="getBrowser(java.lang.String, java.lang.String, java.lang.String)[pri:0, instance:com.a3hp.automationpracticee.framework.test.homepage.HomepageTest@37574691]" name="getBrowser" is-config="true" duration-ms="172349" started-at="2018-10-29T15:55:44Z" finished-at="2018-10-29T15:58:36Z">
          <params>
            <param index="0">
              <value>
                <![CDATA[FF]]>
              </value>
            </param>
            <param index="1">
              <value>
                <![CDATA[http://automationpractice.com/index.php]]>
              </value>
            </param>
            <param index="2">
              <value>
                <![CDATA[WINDOWS]]>
              </value>
            </param>
          </params>
          <reporter-output>
          </reporter-output>
        </test-method> <!-- getBrowser -->
        <test-method status="PASS" signature="BeforeMethodTB(java.lang.reflect.Method, java.lang.String)[pri:0, instance:com.a3hp.automationpracticee.framework.test.homepage.HomepageTest@37574691]" name="BeforeMethodTB" is-config="true" duration-ms="0" started-at="2018-10-29T15:55:44Z" finished-at="2018-10-29T15:55:44Z">
          <params>
            <param index="0">
              <value>
                <![CDATA[public void com.a3hp.automationpracticee.framework.test.homepage.HomepageTest.validateHomepageSlider1_HP() throws java.lang.Exception]]>
              </value>
            </param>
            <param index="1">
              <value>
                <![CDATA[FF]]>
              </value>
            </param>
          </params>
          <reporter-output>
          </reporter-output>
        </test-method> <!-- BeforeMethodTB -->
        <test-method status="FAIL" signature="validateHomepageSlider1_HP()[pri:3, instance:com.a3hp.automationpracticee.framework.test.homepage.HomepageTest@37574691]" name="validateHomepageSlider1_HP" duration-ms="25789" started-at="2018-10-29T15:58:36Z" finished-at="2018-10-29T15:59:02Z">
          <exception class="java.lang.AssertionError">
            <message>
              <![CDATA[expected [https://www.prestashop.com/en?utm_source=v16_homeslider] but found [http://www.prestashop.com/?utm_source=v16_homeslider]]]>
            </message>
            <full-stacktrace>
              <![CDATA[java.lang.AssertionError: expected [https://www.prestashop.com/en?utm_source=v16_homeslider] but found [http://www.prestashop.com/?utm_source=v16_homeslider]
at org.testng.Assert.fail(Assert.java:96)
at org.testng.Assert.failNotEquals(Assert.java:776)
at org.testng.Assert.assertEqualsImpl(Assert.java:137)
at org.testng.Assert.assertEquals(Assert.java:118)
at org.testng.Assert.assertEquals(Assert.java:453)
at org.testng.Assert.assertEquals(Assert.java:463)
at com.a3hp.automationpracticee.framework.test.homepage.HomepageTest.validateHomepageSlider1_HP(HomepageTest.java:158)
at sun.reflect.NativeMethodAccessorImpl.invoke0(Native Method)
at sun.reflect.NativeMethodAccessorImpl.invoke(NativeMethodAccessorImpl.java:62)
at sun.reflect.DelegatingMethodAccessorImpl.invoke(DelegatingMethodAccessorImpl.java:43)
at java.lang.reflect.Method.invoke(Method.java:498)
at org.testng.internal.MethodInvocationHelper.invokeMethod(MethodInvocationHelper.java:124)
at org.testng.internal.Invoker.invokeMethod(Invoker.java:583)
at org.testng.internal.Invoker.invokeTestMethod(Invoker.java:719)
at org.testng.internal.Invoker.invokeTestMethods(Invoker.java:989)
at org.testng.internal.TestMethodWorker.invokeTestMethods(TestMethodWorker.java:125)
at org.testng.internal.TestMethodWorker.run(TestMethodWorker.java:109)
at org.testng.TestRunner.privateRun(TestRunner.java:648)
at org.testng.TestRunner.run(TestRunner.java:505)
at org.testng.SuiteRunner.runTest(SuiteRunner.java:455)
at org.testng.SuiteRunner.access$000(SuiteRunner.java:40)
at org.testng.SuiteRunner$SuiteWorker.run(SuiteRunner.java:489)
at org.testng.internal.thread.ThreadUtil$1.call(ThreadUtil.java:52)
at java.util.concurrent.FutureTask.run(FutureTask.java:266)
at java.util.concurrent.ThreadPoolExecutor.runWorker(ThreadPoolExecutor.java:1142)
at java.util.concurrent.ThreadPoolExecutor$Worker.run(ThreadPoolExecutor.java:617)
at java.lang.Thread.run(Thread.java:748)
]]>
            </full-stacktrace>
          </exception> <!-- java.lang.AssertionError -->
          <reporter-output>
          </reporter-output>
        </test-method> <!-- validateHomepageSlider1_HP -->
        <test-method status="PASS" signature="publishReport_HP(org.testng.ITestResult)[pri:0, instance:com.a3hp.automationpracticee.framework.test.homepage.HomepageTest@37574691]" name="publishReport_HP" is-config="true" duration-ms="2778" started-at="2018-10-29T15:59:02Z" finished-at="2018-10-29T15:59:05Z">
          <params>
            <param index="0">
              <value>
                <![CDATA[[TestResult name=validateHomepageSlider1_HP status=FAILURE method=HomepageTest.validateHomepageSlider1_HP()[pri:3, instance:com.a3hp.automationpracticee.framework.test.homepage.HomepageTest@37574691] output={null}]]]>
              </value>
            </param>
          </params>
          <reporter-output>
          </reporter-output>
        </test-method> <!-- publishReport_HP -->
        <test-method status="PASS" signature="getBrowser(java.lang.String, java.lang.String, java.lang.String)[pri:0, instance:com.a3hp.automationpracticee.framework.test.homepage.HomepageTest@37574691]" name="getBrowser" is-config="true" duration-ms="146650" started-at="2018-10-29T15:59:05Z" finished-at="2018-10-29T16:01:32Z">
          <params>
            <param index="0">
              <value>
                <![CDATA[FF]]>
              </value>
            </param>
            <param index="1">
              <value>
                <![CDATA[http://automationpractice.com/index.php]]>
              </value>
            </param>
            <param index="2">
              <value>
                <![CDATA[WINDOWS]]>
              </value>
            </param>
          </params>
          <reporter-output>
          </reporter-output>
        </test-method> <!-- getBrowser -->
        <test-method status="PASS" signature="BeforeMethodTB(java.lang.reflect.Method, java.lang.String)[pri:0, instance:com.a3hp.automationpracticee.framework.test.homepage.HomepageTest@37574691]" name="BeforeMethodTB" is-config="true" duration-ms="0" started-at="2018-10-29T15:59:05Z" finished-at="2018-10-29T15:59:05Z">
          <params>
            <param index="0">
              <value>
                <![CDATA[public void com.a3hp.automationpracticee.framework.test.homepage.HomepageTest.validateHomepageSlider2_HP() throws java.lang.Exception]]>
              </value>
            </param>
            <param index="1">
              <value>
                <![CDATA[FF]]>
              </value>
            </param>
          </params>
          <reporter-output>
          </reporter-output>
        </test-method> <!-- BeforeMethodTB -->
        <test-method status="FAIL" signature="validateHomepageSlider2_HP()[pri:4, instance:com.a3hp.automationpracticee.framework.test.homepage.HomepageTest@37574691]" name="validateHomepageSlider2_HP" duration-ms="26166" started-at="2018-10-29T16:01:32Z" finished-at="2018-10-29T16:01:58Z">
          <exception class="java.lang.AssertionError">
            <message>
              <![CDATA[expected [https://www.prestashop.com/en?utm_source=v16_homeslider] but found [http://www.prestashop.com/?utm_source=v16_homeslider]]]>
            </message>
            <full-stacktrace>
              <![CDATA[java.lang.AssertionError: expected [https://www.prestashop.com/en?utm_source=v16_homeslider] but found [http://www.prestashop.com/?utm_source=v16_homeslider]
at org.testng.Assert.fail(Assert.java:96)
at org.testng.Assert.failNotEquals(Assert.java:776)
at org.testng.Assert.assertEqualsImpl(Assert.java:137)
at org.testng.Assert.assertEquals(Assert.java:118)
at org.testng.Assert.assertEquals(Assert.java:453)
at org.testng.Assert.assertEquals(Assert.java:463)
at com.a3hp.automationpracticee.framework.test.homepage.HomepageTest.validateHomepageSlider2_HP(HomepageTest.java:174)
at sun.reflect.NativeMethodAccessorImpl.invoke0(Native Method)
at sun.reflect.NativeMethodAccessorImpl.invoke(NativeMethodAccessorImpl.java:62)
at sun.reflect.DelegatingMethodAccessorImpl.invoke(DelegatingMethodAccessorImpl.java:43)
at java.lang.reflect.Method.invoke(Method.java:498)
at org.testng.internal.MethodInvocationHelper.invokeMethod(MethodInvocationHelper.java:124)
at org.testng.internal.Invoker.invokeMethod(Invoker.java:583)
at org.testng.internal.Invoker.invokeTestMethod(Invoker.java:719)
at org.testng.internal.Invoker.invokeTestMethods(Invoker.java:989)
at org.testng.internal.TestMethodWorker.invokeTestMethods(TestMethodWorker.java:125)
at org.testng.internal.TestMethodWorker.run(TestMethodWorker.java:109)
at org.testng.TestRunner.privateRun(TestRunner.java:648)
at org.testng.TestRunner.run(TestRunner.java:505)
at org.testng.SuiteRunner.runTest(SuiteRunner.java:455)
at org.testng.SuiteRunner.access$000(SuiteRunner.java:40)
at org.testng.SuiteRunner$SuiteWorker.run(SuiteRunner.java:489)
at org.testng.internal.thread.ThreadUtil$1.call(ThreadUtil.java:52)
at java.util.concurrent.FutureTask.run(FutureTask.java:266)
at java.util.concurrent.ThreadPoolExecutor.runWorker(ThreadPoolExecutor.java:1142)
at java.util.concurrent.ThreadPoolExecutor$Worker.run(ThreadPoolExecutor.java:617)
at java.lang.Thread.run(Thread.java:748)
]]>
            </full-stacktrace>
          </exception> <!-- java.lang.AssertionError -->
          <reporter-output>
          </reporter-output>
        </test-method> <!-- validateHomepageSlider2_HP -->
        <test-method status="PASS" signature="publishReport_HP(org.testng.ITestResult)[pri:0, instance:com.a3hp.automationpracticee.framework.test.homepage.HomepageTest@37574691]" name="publishReport_HP" is-config="true" duration-ms="2841" started-at="2018-10-29T16:01:58Z" finished-at="2018-10-29T16:02:01Z">
          <params>
            <param index="0">
              <value>
                <![CDATA[[TestResult name=validateHomepageSlider2_HP status=FAILURE method=HomepageTest.validateHomepageSlider2_HP()[pri:4, instance:com.a3hp.automationpracticee.framework.test.homepage.HomepageTest@37574691] output={null}]]]>
              </value>
            </param>
          </params>
          <reporter-output>
          </reporter-output>
        </test-method> <!-- publishReport_HP -->
        <test-method status="PASS" signature="BeforeMethodTB(java.lang.reflect.Method, java.lang.String)[pri:0, instance:com.a3hp.automationpracticee.framework.test.homepage.HomepageTest@37574691]" name="BeforeMethodTB" is-config="true" duration-ms="0" started-at="2018-10-29T16:02:01Z" finished-at="2018-10-29T16:02:01Z">
          <params>
            <param index="0">
              <value>
                <![CDATA[public void com.a3hp.automationpracticee.framework.test.homepage.HomepageTest.validateHomepageSlider3_HP() throws java.lang.Exception]]>
              </value>
            </param>
            <param index="1">
              <value>
                <![CDATA[FF]]>
              </value>
            </param>
          </params>
          <reporter-output>
          </reporter-output>
        </test-method> <!-- BeforeMethodTB -->
        <test-method status="PASS" signature="getBrowser(java.lang.String, java.lang.String, java.lang.String)[pri:0, instance:com.a3hp.automationpracticee.framework.test.homepage.HomepageTest@37574691]" name="getBrowser" is-config="true" duration-ms="166388" started-at="2018-10-29T16:02:01Z" finished-at="2018-10-29T16:04:47Z">
          <params>
            <param index="0">
              <value>
                <![CDATA[FF]]>
              </value>
            </param>
            <param index="1">
              <value>
                <![CDATA[http://automationpractice.com/index.php]]>
              </value>
            </param>
            <param index="2">
              <value>
                <![CDATA[WINDOWS]]>
              </value>
            </param>
          </params>
          <reporter-output>
          </reporter-output>
        </test-method> <!-- getBrowser -->
        <test-method status="FAIL" signature="validateHomepageSlider3_HP()[pri:5, instance:com.a3hp.automationpracticee.framework.test.homepage.HomepageTest@37574691]" name="validateHomepageSlider3_HP" duration-ms="31712" started-at="2018-10-29T16:04:47Z" finished-at="2018-10-29T16:05:19Z">
          <exception class="java.lang.AssertionError">
            <message>
              <![CDATA[expected [https://www.prestashop.com/en?utm_source=v16_homeslider] but found [http://www.prestashop.com/?utm_source=v16_homeslider]]]>
            </message>
            <full-stacktrace>
              <![CDATA[java.lang.AssertionError: expected [https://www.prestashop.com/en?utm_source=v16_homeslider] but found [http://www.prestashop.com/?utm_source=v16_homeslider]
at org.testng.Assert.fail(Assert.java:96)
at org.testng.Assert.failNotEquals(Assert.java:776)
at org.testng.Assert.assertEqualsImpl(Assert.java:137)
at org.testng.Assert.assertEquals(Assert.java:118)
at org.testng.Assert.assertEquals(Assert.java:453)
at org.testng.Assert.assertEquals(Assert.java:463)
at com.a3hp.automationpracticee.framework.test.homepage.HomepageTest.validateHomepageSlider3_HP(HomepageTest.java:186)
at sun.reflect.NativeMethodAccessorImpl.invoke0(Native Method)
at sun.reflect.NativeMethodAccessorImpl.invoke(NativeMethodAccessorImpl.java:62)
at sun.reflect.DelegatingMethodAccessorImpl.invoke(DelegatingMethodAccessorImpl.java:43)
at java.lang.reflect.Method.invoke(Method.java:498)
at org.testng.internal.MethodInvocationHelper.invokeMethod(MethodInvocationHelper.java:124)
at org.testng.internal.Invoker.invokeMethod(Invoker.java:583)
at org.testng.internal.Invoker.invokeTestMethod(Invoker.java:719)
at org.testng.internal.Invoker.invokeTestMethods(Invoker.java:989)
at org.testng.internal.TestMethodWorker.invokeTestMethods(TestMethodWorker.java:125)
at org.testng.internal.TestMethodWorker.run(TestMethodWorker.java:109)
at org.testng.TestRunner.privateRun(TestRunner.java:648)
at org.testng.TestRunner.run(TestRunner.java:505)
at org.testng.SuiteRunner.runTest(SuiteRunner.java:455)
at org.testng.SuiteRunner.access$000(SuiteRunner.java:40)
at org.testng.SuiteRunner$SuiteWorker.run(SuiteRunner.java:489)
at org.testng.internal.thread.ThreadUtil$1.call(ThreadUtil.java:52)
at java.util.concurrent.FutureTask.run(FutureTask.java:266)
at java.util.concurrent.ThreadPoolExecutor.runWorker(ThreadPoolExecutor.java:1142)
at java.util.concurrent.ThreadPoolExecutor$Worker.run(ThreadPoolExecutor.java:617)
at java.lang.Thread.run(Thread.java:748)
]]>
            </full-stacktrace>
          </exception> <!-- java.lang.AssertionError -->
          <reporter-output>
          </reporter-output>
        </test-method> <!-- validateHomepageSlider3_HP -->
        <test-method status="PASS" signature="publishReport_HP(org.testng.ITestResult)[pri:0, instance:com.a3hp.automationpracticee.framework.test.homepage.HomepageTest@37574691]" name="publishReport_HP" is-config="true" duration-ms="2395" started-at="2018-10-29T16:05:19Z" finished-at="2018-10-29T16:05:21Z">
          <params>
            <param index="0">
              <value>
                <![CDATA[[TestResult name=validateHomepageSlider3_HP status=FAILURE method=HomepageTest.validateHomepageSlider3_HP()[pri:5, instance:com.a3hp.automationpracticee.framework.test.homepage.HomepageTest@37574691] output={null}]]]>
              </value>
            </param>
          </params>
          <reporter-output>
          </reporter-output>
        </test-method> <!-- publishReport_HP -->
        <test-method status="PASS" signature="BeforeMethodTB(java.lang.reflect.Method, java.lang.String)[pri:0, instance:com.a3hp.automationpracticee.framework.test.homepage.HomepageTest@37574691]" name="BeforeMethodTB" is-config="true" duration-ms="0" started-at="2018-10-29T16:05:21Z" finished-at="2018-10-29T16:05:21Z">
          <params>
            <param index="0">
              <value>
                <![CDATA[public void com.a3hp.automationpracticee.framework.test.homepage.HomepageTest.validateHomepageCarouselBlocks_HP() throws java.lang.Exception]]>
              </value>
            </param>
            <param index="1">
              <value>
                <![CDATA[FF]]>
              </value>
            </param>
          </params>
          <reporter-output>
          </reporter-output>
        </test-method> <!-- BeforeMethodTB -->
        <test-method status="PASS" signature="getBrowser(java.lang.String, java.lang.String, java.lang.String)[pri:0, instance:com.a3hp.automationpracticee.framework.test.homepage.HomepageTest@37574691]" name="getBrowser" is-config="true" duration-ms="180358" started-at="2018-10-29T16:05:21Z" finished-at="2018-10-29T16:08:21Z">
          <params>
            <param index="0">
              <value>
                <![CDATA[FF]]>
              </value>
            </param>
            <param index="1">
              <value>
                <![CDATA[http://automationpractice.com/index.php]]>
              </value>
            </param>
            <param index="2">
              <value>
                <![CDATA[WINDOWS]]>
              </value>
            </param>
          </params>
          <reporter-output>
          </reporter-output>
        </test-method> <!-- getBrowser -->
        <test-method status="FAIL" signature="validateHomepageCarouselBlocks_HP()[pri:6, instance:com.a3hp.automationpracticee.framework.test.homepage.HomepageTest@37574691]" name="validateHomepageCarouselBlocks_HP" duration-ms="152792" started-at="2018-10-29T16:08:21Z" finished-at="2018-10-29T16:10:54Z">
          <exception class="java.lang.AssertionError">
            <message>
              <![CDATA[expected [[https://www.prestashop.com/en?utm_source=v16_homeslider, https://www.prestashop.com/en?utm_source=v16_homeslider, https://www.prestashop.com/en?utm_source=v16_homeslider, https://www.prestashop.com/en?utm_source=v16_homeslider, https://www.prestashop.com/en?utm_source=v16_homeslider]] but found [[http://www.prestashop.com/?utm_source=v16_homeslider, http://www.prestashop.com/?utm_source=v16_homeslider, http://www.prestashop.com/?utm_source=v16_homeslider, http://www.prestashop.com/?utm_source=v16_homeslider, http://www.prestashop.com/?utm_source=v16_homeslider]]]]>
            </message>
            <full-stacktrace>
              <![CDATA[java.lang.AssertionError: expected [[https://www.prestashop.com/en?utm_source=v16_homeslider, https://www.prestashop.com/en?utm_source=v16_homeslider, https://www.prestashop.com/en?utm_source=v16_homeslider, https://www.prestashop.com/en?utm_source=v16_homeslider, https://www.prestashop.com/en?utm_source=v16_homeslider]] but found [[http://www.prestashop.com/?utm_source=v16_homeslider, http://www.prestashop.com/?utm_source=v16_homeslider, http://www.prestashop.com/?utm_source=v16_homeslider, http://www.prestashop.com/?utm_source=v16_homeslider, http://www.prestashop.com/?utm_source=v16_homeslider]]
at org.testng.Assert.fail(Assert.java:96)
at org.testng.Assert.failNotEquals(Assert.java:776)
at org.testng.Assert.assertEqualsImpl(Assert.java:137)
at org.testng.Assert.assertEquals(Assert.java:118)
at org.testng.Assert.assertEquals(Assert.java:453)
at org.testng.Assert.assertEquals(Assert.java:463)
at com.a3hp.automationpracticee.framework.test.homepage.HomepageTest.validateHomepageCarouselBlocks_HP(HomepageTest.java:221)
at sun.reflect.NativeMethodAccessorImpl.invoke0(Native Method)
at sun.reflect.NativeMethodAccessorImpl.invoke(NativeMethodAccessorImpl.java:62)
at sun.reflect.DelegatingMethodAccessorImpl.invoke(DelegatingMethodAccessorImpl.java:43)
at java.lang.reflect.Method.invoke(Method.java:498)
at org.testng.internal.MethodInvocationHelper.invokeMethod(MethodInvocationHelper.java:124)
at org.testng.internal.Invoker.invokeMethod(Invoker.java:583)
at org.testng.internal.Invoker.invokeTestMethod(Invoker.java:719)
at org.testng.internal.Invoker.invokeTestMethods(Invoker.java:989)
at org.testng.internal.TestMethodWorker.invokeTestMethods(TestMethodWorker.java:125)
at org.testng.internal.TestMethodWorker.run(TestMethodWorker.java:109)
at org.testng.TestRunner.privateRun(TestRunner.java:648)
at org.testng.TestRunner.run(TestRunner.java:505)
at org.testng.SuiteRunner.runTest(SuiteRunner.java:455)
at org.testng.SuiteRunner.access$000(SuiteRunner.java:40)
at org.testng.SuiteRunner$SuiteWorker.run(SuiteRunner.java:489)
at org.testng.internal.thread.ThreadUtil$1.call(ThreadUtil.java:52)
at java.util.concurrent.FutureTask.run(FutureTask.java:266)
at java.util.concurrent.ThreadPoolExecutor.runWorker(ThreadPoolExecutor.java:1142)
at java.util.concurrent.ThreadPoolExecutor$Worker.run(ThreadPoolExecutor.java:617)
at java.lang.Thread.run(Thread.java:748)
]]>
            </full-stacktrace>
          </exception> <!-- java.lang.AssertionError -->
          <reporter-output>
          </reporter-output>
        </test-method> <!-- validateHomepageCarouselBlocks_HP -->
        <test-method status="PASS" signature="publishReport_HP(org.testng.ITestResult)[pri:0, instance:com.a3hp.automationpracticee.framework.test.homepage.HomepageTest@37574691]" name="publishReport_HP" is-config="true" duration-ms="10214" started-at="2018-10-29T16:10:54Z" finished-at="2018-10-29T16:11:04Z">
          <params>
            <param index="0">
              <value>
                <![CDATA[[TestResult name=validateHomepageCarouselBlocks_HP status=FAILURE method=HomepageTest.validateHomepageCarouselBlocks_HP()[pri:6, instance:com.a3hp.automationpracticee.framework.test.homepage.HomepageTest@37574691] output={null}]]]>
              </value>
            </param>
          </params>
          <reporter-output>
          </reporter-output>
        </test-method> <!-- publishReport_HP -->
      </class> <!-- com.a3hp.automationpracticee.framework.test.homepage.HomepageTest -->
    </test> <!-- FFTest2-HomepageTest -->
    <test name="CHTest3-RegistrationTest" duration-ms="135652" started-at="2018-10-29T16:11:05Z" finished-at="2018-10-29T16:13:20Z">
      <class name="com.a3hp.automationpracticee.framework.test.createaccountandlogin.RegistrationTest">
        <test-method status="PASS" signature="getBrowser(java.lang.String, java.lang.String, java.lang.String)[pri:0, instance:com.a3hp.automationpracticee.framework.test.createaccountandlogin.RegistrationTest@314c508a]" name="getBrowser" is-config="true" duration-ms="66091" started-at="2018-10-29T16:11:05Z" finished-at="2018-10-29T16:12:11Z">
          <params>
            <param index="0">
              <value>
                <![CDATA[CH]]>
              </value>
            </param>
            <param index="1">
              <value>
                <![CDATA[http://automationpractice.com/index.php]]>
              </value>
            </param>
            <param index="2">
              <value>
                <![CDATA[WINDOWS]]>
              </value>
            </param>
          </params>
          <reporter-output>
          </reporter-output>
        </test-method> <!-- getBrowser -->
        <test-method status="PASS" signature="BeforeMethodTB(java.lang.reflect.Method, java.lang.String)[pri:0, instance:com.a3hp.automationpracticee.framework.test.createaccountandlogin.RegistrationTest@314c508a]" name="BeforeMethodTB" is-config="true" duration-ms="0" started-at="2018-10-29T16:11:05Z" finished-at="2018-10-29T16:11:05Z">
          <params>
            <param index="0">
              <value>
                <![CDATA[public void com.a3hp.automationpracticee.framework.test.createaccountandlogin.RegistrationTest.validatePageHeading_RP() throws java.lang.Exception]]>
              </value>
            </param>
            <param index="1">
              <value>
                <![CDATA[CH]]>
              </value>
            </param>
          </params>
          <reporter-output>
          </reporter-output>
        </test-method> <!-- BeforeMethodTB -->
        <test-method status="PASS" signature="validatePageHeading_RP()[pri:0, instance:com.a3hp.automationpracticee.framework.test.createaccountandlogin.RegistrationTest@314c508a]" name="validatePageHeading_RP" duration-ms="1036" started-at="2018-10-29T16:12:11Z" finished-at="2018-10-29T16:12:12Z">
          <reporter-output>
          </reporter-output>
        </test-method> <!-- validatePageHeading_RP -->
        <test-method status="PASS" signature="publishReport_SIP(org.testng.ITestResult)[pri:0, instance:com.a3hp.automationpracticee.framework.test.createaccountandlogin.RegistrationTest@314c508a]" name="publishReport_SIP" is-config="true" duration-ms="1554" started-at="2018-10-29T16:12:12Z" finished-at="2018-10-29T16:12:13Z">
          <params>
            <param index="0">
              <value>
                <![CDATA[[TestResult name=validatePageHeading_RP status=SUCCESS method=RegistrationTest.validatePageHeading_RP()[pri:0, instance:com.a3hp.automationpracticee.framework.test.createaccountandlogin.RegistrationTest@314c508a] output={null}]]]>
              </value>
            </param>
          </params>
          <reporter-output>
          </reporter-output>
        </test-method> <!-- publishReport_SIP -->
        <test-method status="PASS" signature="BeforeMethodTB(java.lang.reflect.Method, java.lang.String)[pri:0, instance:com.a3hp.automationpracticee.framework.test.createaccountandlogin.RegistrationTest@314c508a]" name="BeforeMethodTB" is-config="true" duration-ms="1" started-at="2018-10-29T16:12:13Z" finished-at="2018-10-29T16:12:13Z">
          <params>
            <param index="0">
              <value>
                <![CDATA[public void com.a3hp.automationpracticee.framework.test.createaccountandlogin.RegistrationTest.validateBreadcrumbText_RP() throws java.lang.Exception]]>
              </value>
            </param>
            <param index="1">
              <value>
                <![CDATA[CH]]>
              </value>
            </param>
          </params>
          <reporter-output>
          </reporter-output>
        </test-method> <!-- BeforeMethodTB -->
        <test-method status="PASS" signature="getBrowser(java.lang.String, java.lang.String, java.lang.String)[pri:0, instance:com.a3hp.automationpracticee.framework.test.createaccountandlogin.RegistrationTest@314c508a]" name="getBrowser" is-config="true" duration-ms="64569" started-at="2018-10-29T16:12:13Z" finished-at="2018-10-29T16:13:18Z">
          <params>
            <param index="0">
              <value>
                <![CDATA[CH]]>
              </value>
            </param>
            <param index="1">
              <value>
                <![CDATA[http://automationpractice.com/index.php]]>
              </value>
            </param>
            <param index="2">
              <value>
                <![CDATA[WINDOWS]]>
              </value>
            </param>
          </params>
          <reporter-output>
          </reporter-output>
        </test-method> <!-- getBrowser -->
        <test-method status="PASS" signature="validateBreadcrumbText_RP()[pri:1, instance:com.a3hp.automationpracticee.framework.test.createaccountandlogin.RegistrationTest@314c508a]" name="validateBreadcrumbText_RP" duration-ms="980" started-at="2018-10-29T16:13:18Z" finished-at="2018-10-29T16:13:19Z">
          <reporter-output>
          </reporter-output>
        </test-method> <!-- validateBreadcrumbText_RP -->
        <test-method status="PASS" signature="publishReport_SIP(org.testng.ITestResult)[pri:0, instance:com.a3hp.automationpracticee.framework.test.createaccountandlogin.RegistrationTest@314c508a]" name="publishReport_SIP" is-config="true" duration-ms="1416" started-at="2018-10-29T16:13:19Z" finished-at="2018-10-29T16:13:20Z">
          <params>
            <param index="0">
              <value>
                <![CDATA[[TestResult name=validateBreadcrumbText_RP status=SUCCESS method=RegistrationTest.validateBreadcrumbText_RP()[pri:1, instance:com.a3hp.automationpracticee.framework.test.createaccountandlogin.RegistrationTest@314c508a] output={null}]]]>
              </value>
            </param>
          </params>
          <reporter-output>
          </reporter-output>
        </test-method> <!-- publishReport_SIP -->
      </class> <!-- com.a3hp.automationpracticee.framework.test.createaccountandlogin.RegistrationTest -->
    </test> <!-- CHTest3-RegistrationTest -->
    <test name="FFTest3-RegistrationTest" duration-ms="317878" started-at="2018-10-29T16:13:20Z" finished-at="2018-10-29T16:18:38Z">
      <class name="com.a3hp.automationpracticee.framework.test.createaccountandlogin.RegistrationTest">
        <test-method status="PASS" signature="getBrowser(java.lang.String, java.lang.String, java.lang.String)[pri:0, instance:com.a3hp.automationpracticee.framework.test.createaccountandlogin.RegistrationTest@49e202ad]" name="getBrowser" is-config="true" duration-ms="145685" started-at="2018-10-29T16:13:20Z" finished-at="2018-10-29T16:15:46Z">
          <params>
            <param index="0">
              <value>
                <![CDATA[FF]]>
              </value>
            </param>
            <param index="1">
              <value>
                <![CDATA[http://automationpractice.com/index.php]]>
              </value>
            </param>
            <param index="2">
              <value>
                <![CDATA[WINDOWS]]>
              </value>
            </param>
          </params>
          <reporter-output>
          </reporter-output>
        </test-method> <!-- getBrowser -->
        <test-method status="PASS" signature="BeforeMethodTB(java.lang.reflect.Method, java.lang.String)[pri:0, instance:com.a3hp.automationpracticee.framework.test.createaccountandlogin.RegistrationTest@49e202ad]" name="BeforeMethodTB" is-config="true" duration-ms="0" started-at="2018-10-29T16:13:20Z" finished-at="2018-10-29T16:13:20Z">
          <params>
            <param index="0">
              <value>
                <![CDATA[public void com.a3hp.automationpracticee.framework.test.createaccountandlogin.RegistrationTest.validatePageHeading_RP() throws java.lang.Exception]]>
              </value>
            </param>
            <param index="1">
              <value>
                <![CDATA[FF]]>
              </value>
            </param>
          </params>
          <reporter-output>
          </reporter-output>
        </test-method> <!-- BeforeMethodTB -->
        <test-method status="PASS" signature="validatePageHeading_RP()[pri:0, instance:com.a3hp.automationpracticee.framework.test.createaccountandlogin.RegistrationTest@49e202ad]" name="validatePageHeading_RP" duration-ms="365" started-at="2018-10-29T16:15:46Z" finished-at="2018-10-29T16:15:46Z">
          <reporter-output>
          </reporter-output>
        </test-method> <!-- validatePageHeading_RP -->
        <test-method status="PASS" signature="publishReport_SIP(org.testng.ITestResult)[pri:0, instance:com.a3hp.automationpracticee.framework.test.createaccountandlogin.RegistrationTest@49e202ad]" name="publishReport_SIP" is-config="true" duration-ms="5897" started-at="2018-10-29T16:15:47Z" finished-at="2018-10-29T16:15:52Z">
          <params>
            <param index="0">
              <value>
                <![CDATA[[TestResult name=validatePageHeading_RP status=SUCCESS method=RegistrationTest.validatePageHeading_RP()[pri:0, instance:com.a3hp.automationpracticee.framework.test.createaccountandlogin.RegistrationTest@49e202ad] output={null}]]]>
              </value>
            </param>
          </params>
          <reporter-output>
          </reporter-output>
        </test-method> <!-- publishReport_SIP -->
        <test-method status="PASS" signature="BeforeMethodTB(java.lang.reflect.Method, java.lang.String)[pri:0, instance:com.a3hp.automationpracticee.framework.test.createaccountandlogin.RegistrationTest@49e202ad]" name="BeforeMethodTB" is-config="true" duration-ms="1" started-at="2018-10-29T16:15:52Z" finished-at="2018-10-29T16:15:52Z">
          <params>
            <param index="0">
              <value>
                <![CDATA[public void com.a3hp.automationpracticee.framework.test.createaccountandlogin.RegistrationTest.validateBreadcrumbText_RP() throws java.lang.Exception]]>
              </value>
            </param>
            <param index="1">
              <value>
                <![CDATA[FF]]>
              </value>
            </param>
          </params>
          <reporter-output>
          </reporter-output>
        </test-method> <!-- BeforeMethodTB -->
        <test-method status="PASS" signature="getBrowser(java.lang.String, java.lang.String, java.lang.String)[pri:0, instance:com.a3hp.automationpracticee.framework.test.createaccountandlogin.RegistrationTest@49e202ad]" name="getBrowser" is-config="true" duration-ms="158629" started-at="2018-10-29T16:15:52Z" finished-at="2018-10-29T16:18:31Z">
          <params>
            <param index="0">
              <value>
                <![CDATA[FF]]>
              </value>
            </param>
            <param index="1">
              <value>
                <![CDATA[http://automationpractice.com/index.php]]>
              </value>
            </param>
            <param index="2">
              <value>
                <![CDATA[WINDOWS]]>
              </value>
            </param>
          </params>
          <reporter-output>
          </reporter-output>
        </test-method> <!-- getBrowser -->
        <test-method status="PASS" signature="validateBreadcrumbText_RP()[pri:1, instance:com.a3hp.automationpracticee.framework.test.createaccountandlogin.RegistrationTest@49e202ad]" name="validateBreadcrumbText_RP" duration-ms="422" started-at="2018-10-29T16:18:31Z" finished-at="2018-10-29T16:18:31Z">
          <reporter-output>
          </reporter-output>
        </test-method> <!-- validateBreadcrumbText_RP -->
        <test-method status="PASS" signature="publishReport_SIP(org.testng.ITestResult)[pri:0, instance:com.a3hp.automationpracticee.framework.test.createaccountandlogin.RegistrationTest@49e202ad]" name="publishReport_SIP" is-config="true" duration-ms="6797" started-at="2018-10-29T16:18:31Z" finished-at="2018-10-29T16:18:38Z">
          <params>
            <param index="0">
              <value>
                <![CDATA[[TestResult name=validateBreadcrumbText_RP status=SUCCESS method=RegistrationTest.validateBreadcrumbText_RP()[pri:1, instance:com.a3hp.automationpracticee.framework.test.createaccountandlogin.RegistrationTest@49e202ad] output={null}]]]>
              </value>
            </param>
          </params>
          <reporter-output>
          </reporter-output>
        </test-method> <!-- publishReport_SIP -->
      </class> <!-- com.a3hp.automationpracticee.framework.test.createaccountandlogin.RegistrationTest -->
    </test> <!-- FFTest3-RegistrationTest -->
    <test name="FFTest4-ForgotPasswordTest" duration-ms="726753" started-at="2018-10-29T16:18:38Z" finished-at="2018-10-29T16:30:45Z">
      <class name="com.a3hp.automationpracticee.framework.test.createaccountandlogin.ForgotPasswordTest">
        <test-method status="PASS" signature="BeforeMethodTB(java.lang.reflect.Method, java.lang.String)[pri:0, instance:com.a3hp.automationpracticee.framework.test.createaccountandlogin.ForgotPasswordTest@49070868]" name="BeforeMethodTB" is-config="true" duration-ms="23" started-at="2018-10-29T16:18:38Z" finished-at="2018-10-29T16:18:38Z">
          <params>
            <param index="0">
              <value>
                <![CDATA[public void com.a3hp.automationpracticee.framework.test.createaccountandlogin.ForgotPasswordTest.validateForgotPasswordPage_PageHeading_FP() throws java.lang.Exception]]>
              </value>
            </param>
            <param index="1">
              <value>
                <![CDATA[FF]]>
              </value>
            </param>
          </params>
          <reporter-output>
          </reporter-output>
        </test-method> <!-- BeforeMethodTB -->
        <test-method status="PASS" signature="getBrowser(java.lang.String, java.lang.String, java.lang.String)[pri:0, instance:com.a3hp.automationpracticee.framework.test.createaccountandlogin.ForgotPasswordTest@49070868]" name="getBrowser" is-config="true" duration-ms="180536" started-at="2018-10-29T16:18:38Z" finished-at="2018-10-29T16:21:39Z">
          <params>
            <param index="0">
              <value>
                <![CDATA[FF]]>
              </value>
            </param>
            <param index="1">
              <value>
                <![CDATA[http://automationpractice.com/index.php]]>
              </value>
            </param>
            <param index="2">
              <value>
                <![CDATA[WINDOWS]]>
              </value>
            </param>
          </params>
          <reporter-output>
          </reporter-output>
        </test-method> <!-- getBrowser -->
        <test-method status="PASS" signature="validateForgotPasswordPage_PageHeading_FP()[pri:0, instance:com.a3hp.automationpracticee.framework.test.createaccountandlogin.ForgotPasswordTest@49070868]" name="validateForgotPasswordPage_PageHeading_FP" duration-ms="967" started-at="2018-10-29T16:21:39Z" finished-at="2018-10-29T16:21:40Z">
          <reporter-output>
          </reporter-output>
        </test-method> <!-- validateForgotPasswordPage_PageHeading_FP -->
        <test-method status="PASS" signature="publishReport_SIP(org.testng.ITestResult)[pri:0, instance:com.a3hp.automationpracticee.framework.test.createaccountandlogin.ForgotPasswordTest@49070868]" name="publishReport_SIP" is-config="true" duration-ms="3606" started-at="2018-10-29T16:21:40Z" finished-at="2018-10-29T16:21:43Z">
          <params>
            <param index="0">
              <value>
                <![CDATA[[TestResult name=validateForgotPasswordPage_PageHeading_FP status=SUCCESS method=ForgotPasswordTest.validateForgotPasswordPage_PageHeading_FP()[pri:0, instance:com.a3hp.automationpracticee.framework.test.createaccountandlogin.ForgotPasswordTest@49070868] output={null}]]]>
              </value>
            </param>
          </params>
          <reporter-output>
          </reporter-output>
        </test-method> <!-- publishReport_SIP -->
        <test-method status="PASS" signature="BeforeMethodTB(java.lang.reflect.Method, java.lang.String)[pri:0, instance:com.a3hp.automationpracticee.framework.test.createaccountandlogin.ForgotPasswordTest@49070868]" name="BeforeMethodTB" is-config="true" duration-ms="1" started-at="2018-10-29T16:21:43Z" finished-at="2018-10-29T16:21:43Z">
          <params>
            <param index="0">
              <value>
                <![CDATA[public void com.a3hp.automationpracticee.framework.test.createaccountandlogin.ForgotPasswordTest.validateforgotPasswordProcess_FP() throws org.apache.poi.openxml4j.exceptions.InvalidFormatException,java.io.IOException,java.lang.InterruptedException]]>
              </value>
            </param>
            <param index="1">
              <value>
                <![CDATA[FF]]>
              </value>
            </param>
          </params>
          <reporter-output>
          </reporter-output>
        </test-method> <!-- BeforeMethodTB -->
        <test-method status="PASS" signature="getBrowser(java.lang.String, java.lang.String, java.lang.String)[pri:0, instance:com.a3hp.automationpracticee.framework.test.createaccountandlogin.ForgotPasswordTest@49070868]" name="getBrowser" is-config="true" duration-ms="134916" started-at="2018-10-29T16:21:43Z" finished-at="2018-10-29T16:23:58Z">
          <params>
            <param index="0">
              <value>
                <![CDATA[FF]]>
              </value>
            </param>
            <param index="1">
              <value>
                <![CDATA[http://automationpractice.com/index.php]]>
              </value>
            </param>
            <param index="2">
              <value>
                <![CDATA[WINDOWS]]>
              </value>
            </param>
          </params>
          <reporter-output>
          </reporter-output>
        </test-method> <!-- getBrowser -->
        <test-method status="FAIL" signature="validateforgotPasswordProcess_FP()[pri:1, instance:com.a3hp.automationpracticee.framework.test.createaccountandlogin.ForgotPasswordTest@49070868]" name="validateforgotPasswordProcess_FP" duration-ms="403906" started-at="2018-10-29T16:23:58Z" finished-at="2018-10-29T16:30:42Z">
          <exception class="org.openqa.selenium.NoSuchElementException">
            <message>
              <![CDATA[Unable to locate element: //p[contains(@class, 'alert-success')]
For documentation on this error, please visit: http://seleniumhq.org/exceptions/no_such_element.html
Build info: version: '3.9.1', revision: '63f7b50', time: '2018-02-07T22:25:02.294Z'
System info: host: 'DESKTOP-MUQUGSJ', ip: '192.168.42.166', os.name: 'Windows 10', os.arch: 'amd64', os.version: '10.0', java.version: '1.8.0_131'
Driver info: org.openqa.selenium.firefox.FirefoxDriver
Capabilities {acceptInsecureCerts: true, browserName: firefox, browserVersion: 63.0, javascriptEnabled: true, moz:accessibilityChecks: false, moz:geckodriverVersion: 0.23.0, moz:headless: false, moz:processID: 684, moz:profile: C:\Users\user\AppData\Local..., moz:useNonSpecCompliantPointerOrigin: false, moz:webdriverClick: true, pageLoadStrategy: normal, platform: WINDOWS, platformName: WINDOWS, platformVersion: 10.0, rotatable: false, setWindowRect: true, timeouts: {implicit: 0, pageLoad: 300000, script: 30000}, unhandledPromptBehavior: accept}
Session ID: c984f48b-6228-44d3-b069-6e868fbf398a
*** Element info: {Using=xpath, value=//p[contains(@class, 'alert-success')]}]]>
            </message>
            <full-stacktrace>
              <![CDATA[org.openqa.selenium.NoSuchElementException: Unable to locate element: //p[contains(@class, 'alert-success')]
For documentation on this error, please visit: http://seleniumhq.org/exceptions/no_such_element.html
Build info: version: '3.9.1', revision: '63f7b50', time: '2018-02-07T22:25:02.294Z'
System info: host: 'DESKTOP-MUQUGSJ', ip: '192.168.42.166', os.name: 'Windows 10', os.arch: 'amd64', os.version: '10.0', java.version: '1.8.0_131'
Driver info: org.openqa.selenium.firefox.FirefoxDriver
Capabilities {acceptInsecureCerts: true, browserName: firefox, browserVersion: 63.0, javascriptEnabled: true, moz:accessibilityChecks: false, moz:geckodriverVersion: 0.23.0, moz:headless: false, moz:processID: 684, moz:profile: C:\Users\user\AppData\Local..., moz:useNonSpecCompliantPointerOrigin: false, moz:webdriverClick: true, pageLoadStrategy: normal, platform: WINDOWS, platformName: WINDOWS, platformVersion: 10.0, rotatable: false, setWindowRect: true, timeouts: {implicit: 0, pageLoad: 300000, script: 30000}, unhandledPromptBehavior: accept}
Session ID: c984f48b-6228-44d3-b069-6e868fbf398a
*** Element info: {Using=xpath, value=//p[contains(@class, 'alert-success')]}
at sun.reflect.NativeConstructorAccessorImpl.newInstance0(Native Method)
at sun.reflect.NativeConstructorAccessorImpl.newInstance(NativeConstructorAccessorImpl.java:62)
at sun.reflect.DelegatingConstructorAccessorImpl.newInstance(DelegatingConstructorAccessorImpl.java:45)
at java.lang.reflect.Constructor.newInstance(Constructor.java:423)
at org.openqa.selenium.remote.http.W3CHttpResponseCodec.createException(W3CHttpResponseCodec.java:187)
at org.openqa.selenium.remote.http.W3CHttpResponseCodec.decode(W3CHttpResponseCodec.java:122)
at org.openqa.selenium.remote.http.W3CHttpResponseCodec.decode(W3CHttpResponseCodec.java:49)
at org.openqa.selenium.remote.HttpCommandExecutor.execute(HttpCommandExecutor.java:158)
at org.openqa.selenium.remote.service.DriverCommandExecutor.execute(DriverCommandExecutor.java:83)
at org.openqa.selenium.remote.RemoteWebDriver.execute(RemoteWebDriver.java:543)
at org.openqa.selenium.remote.RemoteWebDriver.findElement(RemoteWebDriver.java:317)
at org.openqa.selenium.remote.RemoteWebDriver.findElementByXPath(RemoteWebDriver.java:419)
at org.openqa.selenium.By$ByXPath.findElement(By.java:361)
at org.openqa.selenium.remote.RemoteWebDriver.findElement(RemoteWebDriver.java:309)
at org.openqa.selenium.support.pagefactory.DefaultElementLocator.findElement(DefaultElementLocator.java:69)
at org.openqa.selenium.support.pagefactory.internal.LocatingElementHandler.invoke(LocatingElementHandler.java:38)
at com.sun.proxy.$Proxy12.isDisplayed(Unknown Source)
at com.a3hp.automationpracticee.framework.genericclasses.UI_GenericMethods1.gm_getActualText(UI_GenericMethods1.java:716)
at com.a3hp.automationpracticee.framework.test.createaccountandlogin.ForgotPasswordTest.validateforgotPasswordProcess_FP(ForgotPasswordTest.java:125)
at sun.reflect.NativeMethodAccessorImpl.invoke0(Native Method)
at sun.reflect.NativeMethodAccessorImpl.invoke(NativeMethodAccessorImpl.java:62)
at sun.reflect.DelegatingMethodAccessorImpl.invoke(DelegatingMethodAccessorImpl.java:43)
at java.lang.reflect.Method.invoke(Method.java:498)
at org.testng.internal.MethodInvocationHelper.invokeMethod(MethodInvocationHelper.java:124)
at org.testng.internal.Invoker.invokeMethod(Invoker.java:583)
at org.testng.internal.Invoker.invokeTestMethod(Invoker.java:719)
at org.testng.internal.Invoker.invokeTestMethods(Invoker.java:989)
at org.testng.internal.TestMethodWorker.invokeTestMethods(TestMethodWorker.java:125)
at org.testng.internal.TestMethodWorker.run(TestMethodWorker.java:109)
at org.testng.TestRunner.privateRun(TestRunner.java:648)
at org.testng.TestRunner.run(TestRunner.java:505)
at org.testng.SuiteRunner.runTest(SuiteRunner.java:455)
at org.testng.SuiteRunner.access$000(SuiteRunner.java:40)
at org.testng.SuiteRunner$SuiteWorker.run(SuiteRunner.java:489)
at org.testng.internal.thread.ThreadUtil$1.call(ThreadUtil.java:52)
at java.util.concurrent.FutureTask.run(FutureTask.java:266)
at java.util.concurrent.ThreadPoolExecutor.runWorker(ThreadPoolExecutor.java:1142)
at java.util.concurrent.ThreadPoolExecutor$Worker.run(ThreadPoolExecutor.java:617)
at java.lang.Thread.run(Thread.java:748)
]]>
            </full-stacktrace>
          </exception> <!-- org.openqa.selenium.NoSuchElementException -->
          <reporter-output>
          </reporter-output>
        </test-method> <!-- validateforgotPasswordProcess_FP -->
        <test-method status="PASS" signature="publishReport_SIP(org.testng.ITestResult)[pri:0, instance:com.a3hp.automationpracticee.framework.test.createaccountandlogin.ForgotPasswordTest@49070868]" name="publishReport_SIP" is-config="true" duration-ms="2749" started-at="2018-10-29T16:30:42Z" finished-at="2018-10-29T16:30:45Z">
          <params>
            <param index="0">
              <value>
                <![CDATA[[TestResult name=validateforgotPasswordProcess_FP status=FAILURE method=ForgotPasswordTest.validateforgotPasswordProcess_FP()[pri:1, instance:com.a3hp.automationpracticee.framework.test.createaccountandlogin.ForgotPasswordTest@49070868] output={null}]]]>
              </value>
            </param>
          </params>
          <reporter-output>
          </reporter-output>
        </test-method> <!-- publishReport_SIP -->
      </class> <!-- com.a3hp.automationpracticee.framework.test.createaccountandlogin.ForgotPasswordTest -->
    </test> <!-- FFTest4-ForgotPasswordTest -->
    <test name="CHTest4-ForgotPasswordTest" duration-ms="289563" started-at="2018-10-29T16:30:45Z" finished-at="2018-10-29T16:35:35Z">
      <class name="com.a3hp.automationpracticee.framework.test.createaccountandlogin.ForgotPasswordTest">
        <test-method status="PASS" signature="BeforeSuite()[pri:0, instance:com.a3hp.automationpracticee.framework.test.createaccountandlogin.ForgotPasswordTest@15d9bc04]" name="BeforeSuite" is-config="true" duration-ms="127" started-at="2018-10-29T15:13:59Z" finished-at="2018-10-29T15:13:59Z">
          <reporter-output>
          </reporter-output>
        </test-method> <!-- BeforeSuite -->
        <test-method status="PASS" signature="BeforeMethodTB(java.lang.reflect.Method, java.lang.String)[pri:0, instance:com.a3hp.automationpracticee.framework.test.createaccountandlogin.ForgotPasswordTest@15d9bc04]" name="BeforeMethodTB" is-config="true" duration-ms="0" started-at="2018-10-29T16:30:45Z" finished-at="2018-10-29T16:30:45Z">
          <params>
            <param index="0">
              <value>
                <![CDATA[public void com.a3hp.automationpracticee.framework.test.createaccountandlogin.ForgotPasswordTest.validateForgotPasswordPage_PageHeading_FP() throws java.lang.Exception]]>
              </value>
            </param>
            <param index="1">
              <value>
                <![CDATA[CH]]>
              </value>
            </param>
          </params>
          <reporter-output>
          </reporter-output>
        </test-method> <!-- BeforeMethodTB -->
        <test-method status="PASS" signature="getBrowser(java.lang.String, java.lang.String, java.lang.String)[pri:0, instance:com.a3hp.automationpracticee.framework.test.createaccountandlogin.ForgotPasswordTest@15d9bc04]" name="getBrowser" is-config="true" duration-ms="137251" started-at="2018-10-29T16:30:45Z" finished-at="2018-10-29T16:33:02Z">
          <params>
            <param index="0">
              <value>
                <![CDATA[CH]]>
              </value>
            </param>
            <param index="1">
              <value>
                <![CDATA[http://automationpractice.com/index.php]]>
              </value>
            </param>
            <param index="2">
              <value>
                <![CDATA[WINDOWS]]>
              </value>
            </param>
          </params>
          <reporter-output>
          </reporter-output>
        </test-method> <!-- getBrowser -->
        <test-method status="PASS" signature="validateForgotPasswordPage_PageHeading_FP()[pri:0, instance:com.a3hp.automationpracticee.framework.test.createaccountandlogin.ForgotPasswordTest@15d9bc04]" name="validateForgotPasswordPage_PageHeading_FP" duration-ms="15585" started-at="2018-10-29T16:33:02Z" finished-at="2018-10-29T16:33:18Z">
          <reporter-output>
          </reporter-output>
        </test-method> <!-- validateForgotPasswordPage_PageHeading_FP -->
        <test-method status="PASS" signature="publishReport_SIP(org.testng.ITestResult)[pri:0, instance:com.a3hp.automationpracticee.framework.test.createaccountandlogin.ForgotPasswordTest@15d9bc04]" name="publishReport_SIP" is-config="true" duration-ms="3478" started-at="2018-10-29T16:33:18Z" finished-at="2018-10-29T16:33:21Z">
          <params>
            <param index="0">
              <value>
                <![CDATA[[TestResult name=validateForgotPasswordPage_PageHeading_FP status=SUCCESS method=ForgotPasswordTest.validateForgotPasswordPage_PageHeading_FP()[pri:0, instance:com.a3hp.automationpracticee.framework.test.createaccountandlogin.ForgotPasswordTest@15d9bc04] output={null}]]]>
              </value>
            </param>
          </params>
          <reporter-output>
          </reporter-output>
        </test-method> <!-- publishReport_SIP -->
        <test-method status="PASS" signature="BeforeMethodTB(java.lang.reflect.Method, java.lang.String)[pri:0, instance:com.a3hp.automationpracticee.framework.test.createaccountandlogin.ForgotPasswordTest@15d9bc04]" name="BeforeMethodTB" is-config="true" duration-ms="0" started-at="2018-10-29T16:33:21Z" finished-at="2018-10-29T16:33:21Z">
          <params>
            <param index="0">
              <value>
                <![CDATA[public void com.a3hp.automationpracticee.framework.test.createaccountandlogin.ForgotPasswordTest.validateforgotPasswordProcess_FP() throws org.apache.poi.openxml4j.exceptions.InvalidFormatException,java.io.IOException,java.lang.InterruptedException]]>
              </value>
            </param>
            <param index="1">
              <value>
                <![CDATA[CH]]>
              </value>
            </param>
          </params>
          <reporter-output>
          </reporter-output>
        </test-method> <!-- BeforeMethodTB -->
        <test-method status="PASS" signature="getBrowser(java.lang.String, java.lang.String, java.lang.String)[pri:0, instance:com.a3hp.automationpracticee.framework.test.createaccountandlogin.ForgotPasswordTest@15d9bc04]" name="getBrowser" is-config="true" duration-ms="129519" started-at="2018-10-29T16:33:21Z" finished-at="2018-10-29T16:35:31Z">
          <params>
            <param index="0">
              <value>
                <![CDATA[CH]]>
              </value>
            </param>
            <param index="1">
              <value>
                <![CDATA[http://automationpractice.com/index.php]]>
              </value>
            </param>
            <param index="2">
              <value>
                <![CDATA[WINDOWS]]>
              </value>
            </param>
          </params>
          <reporter-output>
          </reporter-output>
        </test-method> <!-- getBrowser -->
        <test-method status="FAIL" signature="validateforgotPasswordProcess_FP()[pri:1, instance:com.a3hp.automationpracticee.framework.test.createaccountandlogin.ForgotPasswordTest@15d9bc04]" name="validateforgotPasswordProcess_FP" duration-ms="420" started-at="2018-10-29T16:35:31Z" finished-at="2018-10-29T16:35:31Z">
          <exception class="org.openqa.selenium.WebDriverException">
            <message>
              <![CDATA[unknown error: keys should be a string
  (Session info: chrome=70.0.3538.77)
  (Driver info: chromedriver=2.38.552522 (437e6fbedfa8762dec75e2c5b3ddb86763dc9dcb),platform=Windows NT 10.0.10240 x86_64) (WARNING: The server did not provide any stacktrace information)
Command duration or timeout: 0 milliseconds
Build info: version: '3.9.1', revision: '63f7b50', time: '2018-02-07T22:25:02.294Z'
System info: host: 'DESKTOP-MUQUGSJ', ip: '192.168.42.166', os.name: 'Windows 10', os.arch: 'amd64', os.version: '10.0', java.version: '1.8.0_131'
Driver info: org.openqa.selenium.chrome.ChromeDriver
Capabilities {acceptInsecureCerts: true, acceptSslCerts: true, applicationCacheEnabled: false, browserConnectionEnabled: false, browserName: chrome, chrome: {chromedriverVersion: 2.38.552522 (437e6fbedfa876..., userDataDir: C:\Users\user\AppData\Local...}, cssSelectorsEnabled: true, databaseEnabled: false, handlesAlerts: true, hasTouchScreen: false, javascriptEnabled: true, locationContextEnabled: true, mobileEmulationEnabled: false, nativeEvents: true, networkConnectionEnabled: false, pageLoadStrategy: normal, platform: XP, platformName: XP, rotatable: false, setWindowRect: true, takesHeapSnapshot: true, takesScreenshot: true, unexpectedAlertBehaviour: accept, unhandledPromptBehavior: accept, version: 70.0.3538.77, webStorageEnabled: true}
Session ID: c9dda50406148b2fe8409e0ae589d9ad]]>
            </message>
            <full-stacktrace>
              <![CDATA[org.openqa.selenium.WebDriverException: unknown error: keys should be a string
  (Session info: chrome=70.0.3538.77)
  (Driver info: chromedriver=2.38.552522 (437e6fbedfa8762dec75e2c5b3ddb86763dc9dcb),platform=Windows NT 10.0.10240 x86_64) (WARNING: The server did not provide any stacktrace information)
Command duration or timeout: 0 milliseconds
Build info: version: '3.9.1', revision: '63f7b50', time: '2018-02-07T22:25:02.294Z'
System info: host: 'DESKTOP-MUQUGSJ', ip: '192.168.42.166', os.name: 'Windows 10', os.arch: 'amd64', os.version: '10.0', java.version: '1.8.0_131'
Driver info: org.openqa.selenium.chrome.ChromeDriver
Capabilities {acceptInsecureCerts: true, acceptSslCerts: true, applicationCacheEnabled: false, browserConnectionEnabled: false, browserName: chrome, chrome: {chromedriverVersion: 2.38.552522 (437e6fbedfa876..., userDataDir: C:\Users\user\AppData\Local...}, cssSelectorsEnabled: true, databaseEnabled: false, handlesAlerts: true, hasTouchScreen: false, javascriptEnabled: true, locationContextEnabled: true, mobileEmulationEnabled: false, nativeEvents: true, networkConnectionEnabled: false, pageLoadStrategy: normal, platform: XP, platformName: XP, rotatable: false, setWindowRect: true, takesHeapSnapshot: true, takesScreenshot: true, unexpectedAlertBehaviour: accept, unhandledPromptBehavior: accept, version: 70.0.3538.77, webStorageEnabled: true}
Session ID: c9dda50406148b2fe8409e0ae589d9ad
at sun.reflect.NativeConstructorAccessorImpl.newInstance0(Native Method)
at sun.reflect.NativeConstructorAccessorImpl.newInstance(NativeConstructorAccessorImpl.java:62)
at sun.reflect.DelegatingConstructorAccessorImpl.newInstance(DelegatingConstructorAccessorImpl.java:45)
at java.lang.reflect.Constructor.newInstance(Constructor.java:423)
at org.openqa.selenium.remote.ErrorHandler.createThrowable(ErrorHandler.java:214)
at org.openqa.selenium.remote.ErrorHandler.throwIfResponseFailed(ErrorHandler.java:166)
at org.openqa.selenium.remote.http.JsonHttpResponseCodec.reconstructValue(JsonHttpResponseCodec.java:40)
at org.openqa.selenium.remote.http.AbstractHttpResponseCodec.decode(AbstractHttpResponseCodec.java:80)
at org.openqa.selenium.remote.http.AbstractHttpResponseCodec.decode(AbstractHttpResponseCodec.java:44)
at org.openqa.selenium.remote.HttpCommandExecutor.execute(HttpCommandExecutor.java:158)
at org.openqa.selenium.remote.service.DriverCommandExecutor.execute(DriverCommandExecutor.java:83)
at org.openqa.selenium.remote.RemoteWebDriver.execute(RemoteWebDriver.java:543)
at org.openqa.selenium.remote.RemoteWebElement.execute(RemoteWebElement.java:276)
at org.openqa.selenium.remote.RemoteWebElement.sendKeys(RemoteWebElement.java:100)
at sun.reflect.NativeMethodAccessorImpl.invoke0(Native Method)
at sun.reflect.NativeMethodAccessorImpl.invoke(NativeMethodAccessorImpl.java:62)
at sun.reflect.DelegatingMethodAccessorImpl.invoke(DelegatingMethodAccessorImpl.java:43)
at java.lang.reflect.Method.invoke(Method.java:498)
at org.openqa.selenium.support.pagefactory.internal.LocatingElementHandler.invoke(LocatingElementHandler.java:51)
at com.sun.proxy.$Proxy12.sendKeys(Unknown Source)
at com.a3hp.automationpracticee.framework.genericclasses.UI_GenericMethods1.gm_XLInput1(UI_GenericMethods1.java:578)
at com.a3hp.automationpracticee.framework.pageobject.createaccountandlogin.ForgotPasswordPage.validateForgotPassword(ForgotPasswordPage.java:44)
at com.a3hp.automationpracticee.framework.test.createaccountandlogin.ForgotPasswordTest.validateforgotPasswordProcess_FP(ForgotPasswordTest.java:122)
at sun.reflect.NativeMethodAccessorImpl.invoke0(Native Method)
at sun.reflect.NativeMethodAccessorImpl.invoke(NativeMethodAccessorImpl.java:62)
at sun.reflect.DelegatingMethodAccessorImpl.invoke(DelegatingMethodAccessorImpl.java:43)
at java.lang.reflect.Method.invoke(Method.java:498)
at org.testng.internal.MethodInvocationHelper.invokeMethod(MethodInvocationHelper.java:124)
at org.testng.internal.Invoker.invokeMethod(Invoker.java:583)
at org.testng.internal.Invoker.invokeTestMethod(Invoker.java:719)
at org.testng.internal.Invoker.invokeTestMethods(Invoker.java:989)
at org.testng.internal.TestMethodWorker.invokeTestMethods(TestMethodWorker.java:125)
at org.testng.internal.TestMethodWorker.run(TestMethodWorker.java:109)
at org.testng.TestRunner.privateRun(TestRunner.java:648)
at org.testng.TestRunner.run(TestRunner.java:505)
at org.testng.SuiteRunner.runTest(SuiteRunner.java:455)
at org.testng.SuiteRunner.access$000(SuiteRunner.java:40)
at org.testng.SuiteRunner$SuiteWorker.run(SuiteRunner.java:489)
at org.testng.internal.thread.ThreadUtil$1.call(ThreadUtil.java:52)
at java.util.concurrent.FutureTask.run(FutureTask.java:266)
at java.util.concurrent.ThreadPoolExecutor.runWorker(ThreadPoolExecutor.java:1142)
at java.util.concurrent.ThreadPoolExecutor$Worker.run(ThreadPoolExecutor.java:617)
at java.lang.Thread.run(Thread.java:748)
]]>
            </full-stacktrace>
          </exception> <!-- org.openqa.selenium.WebDriverException -->
          <reporter-output>
          </reporter-output>
        </test-method> <!-- validateforgotPasswordProcess_FP -->
        <test-method status="PASS" signature="publishReport_SIP(org.testng.ITestResult)[pri:0, instance:com.a3hp.automationpracticee.framework.test.createaccountandlogin.ForgotPasswordTest@15d9bc04]" name="publishReport_SIP" is-config="true" duration-ms="3283" started-at="2018-10-29T16:35:31Z" finished-at="2018-10-29T16:35:35Z">
          <params>
            <param index="0">
              <value>
                <![CDATA[[TestResult name=validateforgotPasswordProcess_FP status=FAILURE method=ForgotPasswordTest.validateforgotPasswordProcess_FP()[pri:1, instance:com.a3hp.automationpracticee.framework.test.createaccountandlogin.ForgotPasswordTest@15d9bc04] output={null}]]]>
              </value>
            </param>
          </params>
          <reporter-output>
          </reporter-output>
        </test-method> <!-- publishReport_SIP -->
        <test-method status="PASS" signature="tearDown(org.testng.ITestContext)[pri:0, instance:com.a3hp.automationpracticee.framework.test.createaccountandlogin.ForgotPasswordTest@15d9bc04]" name="tearDown" is-config="true" duration-ms="1" started-at="2018-10-29T16:35:35Z" finished-at="2018-10-29T16:35:35Z">
          <params>
            <param index="0">
              <value>
                <![CDATA[org.testng.TestRunner@1725dc0f]]>
              </value>
            </param>
          </params>
          <reporter-output>
          </reporter-output>
        </test-method> <!-- tearDown -->
      </class> <!-- com.a3hp.automationpracticee.framework.test.createaccountandlogin.ForgotPasswordTest -->
    </test> <!-- CHTest4-ForgotPasswordTest -->
  </suite> <!-- Test -->
</testng-results>
